<?xml version="1.0" encoding="UTF-8"?>
<coverage generated="1705320590352" clover="3.2.0">
  <project timestamp="1705320590352" name="All files">
    <metrics statements="462" coveredstatements="329" conditionals="273" coveredconditionals="167" methods="127" coveredmethods="90" elements="862" coveredelements="586" complexity="0" loc="462" ncloc="462" packages="5" files="19" classes="19"/>
    <package name="core">
      <metrics statements="272" coveredstatements="237" conditionals="189" coveredconditionals="131" methods="68" coveredmethods="57"/>
      <file name="Cursor.ts" path="/Users/kikurage/workspace/note/workspaces/textarea-handling/src/core/Cursor.ts">
        <metrics statements="36" coveredstatements="33" conditionals="15" coveredconditionals="13" methods="5" coveredmethods="4"/>
        <line num="18" count="23" type="cond" truecount="2" falsecount="0"/>
        <line num="19" count="12" type="cond" truecount="2" falsecount="0"/>
        <line num="20" count="5" type="stmt"/>
        <line num="21" count="5" type="stmt"/>
        <line num="23" count="5" type="stmt"/>
        <line num="25" count="7" type="stmt"/>
        <line num="26" count="7" type="stmt"/>
        <line num="28" count="7" type="stmt"/>
        <line num="31" count="11" type="cond" truecount="2" falsecount="0"/>
        <line num="32" count="9" type="cond" truecount="2" falsecount="0"/>
        <line num="33" count="2" type="stmt"/>
        <line num="34" count="2" type="stmt"/>
        <line num="36" count="2" type="stmt"/>
        <line num="38" count="7" type="stmt"/>
        <line num="39" count="7" type="stmt"/>
        <line num="40" count="7" type="stmt"/>
        <line num="42" count="7" type="stmt"/>
        <line num="45" count="2" type="cond" truecount="2" falsecount="0"/>
        <line num="46" count="1" type="stmt"/>
        <line num="47" count="1" type="stmt"/>
        <line num="48" count="1" type="stmt"/>
        <line num="49" count="1" type="stmt"/>
        <line num="51" count="1" type="stmt"/>
        <line num="53" count="1" type="cond" truecount="1" falsecount="1"/>
        <line num="54" count="1" type="stmt"/>
        <line num="55" count="1" type="stmt"/>
        <line num="56" count="1" type="stmt"/>
        <line num="57" count="1" type="stmt"/>
        <line num="58" count="1" type="stmt"/>
        <line num="60" count="1" type="stmt"/>
        <line num="63" count="0" type="stmt"/>
        <line num="67" count="9" type="stmt"/>
        <line num="71" count="0" type="stmt"/>
        <line num="75" count="2" type="cond" truecount="1" falsecount="1"/>
        <line num="76" count="2" type="stmt"/>
        <line num="78" count="0" type="stmt"/>
      </file>
      <file name="EditorState.ts" path="/Users/kikurage/workspace/note/workspaces/textarea-handling/src/core/EditorState.ts">
        <metrics statements="41" coveredstatements="24" conditionals="26" coveredconditionals="9" methods="7" coveredmethods="3"/>
        <line num="15" count="7" type="stmt"/>
        <line num="17" count="7" type="stmt"/>
        <line num="24" count="0" type="stmt"/>
        <line num="28" count="5" type="cond" truecount="1" falsecount="1"/>
        <line num="30" count="5" type="stmt"/>
        <line num="32" count="5" type="stmt"/>
        <line num="36" count="0" type="cond" truecount="0" falsecount="2"/>
        <line num="38" count="0" type="stmt"/>
        <line num="39" count="0" type="cond" truecount="0" falsecount="2"/>
        <line num="41" count="0" type="stmt"/>
        <line num="45" count="0" type="cond" truecount="0" falsecount="2"/>
        <line num="47" count="0" type="stmt"/>
        <line num="50" count="0" type="cond" truecount="0" falsecount="2"/>
        <line num="52" count="0" type="stmt"/>
        <line num="56" count="0" type="cond" truecount="0" falsecount="2"/>
        <line num="58" count="0" type="stmt"/>
        <line num="59" count="0" type="stmt"/>
        <line num="60" count="0" type="stmt"/>
        <line num="61" count="0" type="cond" truecount="0" falsecount="4"/>
        <line num="62" count="0" type="stmt"/>
        <line num="64" count="0" type="stmt"/>
        <line num="67" count="0" type="stmt"/>
        <line num="71" count="2" type="cond" truecount="1" falsecount="1"/>
        <line num="73" count="2" type="stmt"/>
        <line num="75" count="2" type="stmt"/>
        <line num="77" count="2" type="stmt"/>
        <line num="78" count="2" type="stmt"/>
        <line num="80" count="2" type="cond" truecount="2" falsecount="0"/>
        <line num="81" count="4" type="cond" truecount="2" falsecount="0"/>
        <line num="82" count="3" type="stmt"/>
        <line num="83" count="3" type="stmt"/>
        <line num="84" count="3" type="stmt"/>
        <line num="87" count="1" type="stmt"/>
        <line num="88" count="1" type="cond" truecount="1" falsecount="1"/>
        <line num="89" count="1" type="stmt"/>
        <line num="90" count="1" type="stmt"/>
        <line num="92" count="1" type="stmt"/>
        <line num="96" count="2" type="cond" truecount="2" falsecount="0"/>
        <line num="97" count="1" type="stmt"/>
        <line num="99" count="2" type="stmt"/>
        <line num="103" count="1" type="stmt"/>
      </file>
      <file name="Position.ts" path="/Users/kikurage/workspace/note/workspaces/textarea-handling/src/core/Position.ts">
        <metrics statements="6" coveredstatements="5" conditionals="5" coveredconditionals="5" methods="5" coveredmethods="4"/>
        <line num="7" count="338" type="stmt"/>
        <line num="11" count="9" type="cond" truecount="2" falsecount="0"/>
        <line num="15" count="5" type="stmt"/>
        <line num="16" count="5" type="stmt"/>
        <line num="20" count="25" type="stmt"/>
        <line num="24" count="0" type="stmt"/>
      </file>
      <file name="createDoc.ts" path="/Users/kikurage/workspace/note/workspaces/textarea-handling/src/core/createDoc.ts">
        <metrics statements="185" coveredstatements="172" conditionals="139" coveredconditionals="102" methods="50" coveredmethods="45"/>
        <line num="10" count="82" type="stmt"/>
        <line num="11" count="82" type="stmt"/>
        <line num="23" count="620" type="cond" truecount="2" falsecount="0"/>
        <line num="27" count="72" type="cond" truecount="2" falsecount="0"/>
        <line num="31" count="38" type="stmt"/>
        <line num="32" count="38" type="cond" truecount="2" falsecount="0"/>
        <line num="33" count="30" type="cond" truecount="4" falsecount="0"/>
        <line num="35" count="23" type="stmt"/>
        <line num="39" count="0" type="cond" truecount="0" falsecount="2"/>
        <line num="43" count="43" type="cond" truecount="2" falsecount="0"/>
        <line num="44" count="43" type="cond" truecount="2" falsecount="0"/>
        <line num="46" count="34" type="stmt"/>
        <line num="47" count="34" type="cond" truecount="1" falsecount="1"/>
        <line num="49" count="34" type="stmt"/>
        <line num="53" count="22" type="cond" truecount="2" falsecount="0"/>
        <line num="57" count="3" type="stmt"/>
        <line num="61" count="268" type="stmt"/>
        <line num="62" count="268" type="cond" truecount="2" falsecount="0"/>
        <line num="64" count="202" type="stmt"/>
        <line num="68" count="93" type="cond" truecount="2" falsecount="0"/>
        <line num="72" count="287" type="cond" truecount="2" falsecount="0"/>
        <line num="76" count="108" type="stmt"/>
        <line num="77" count="76" type="cond" truecount="1" falsecount="1"/>
        <line num="78" count="76" type="stmt"/>
        <line num="82" count="34" type="cond" truecount="1" falsecount="1"/>
        <line num="86" count="2" type="cond" truecount="1" falsecount="1"/>
        <line num="87" count="2" type="cond" truecount="1" falsecount="1"/>
        <line num="89" count="2" type="stmt"/>
        <line num="90" count="2" type="cond" truecount="1" falsecount="1"/>
        <line num="92" count="2" type="stmt"/>
        <line num="96" count="2" type="stmt"/>
        <line num="102" count="6" type="cond" truecount="1" falsecount="1"/>
        <line num="103" count="6" type="cond" truecount="1" falsecount="1"/>
        <line num="105" count="6" type="stmt"/>
        <line num="106" count="6" type="cond" truecount="1" falsecount="1"/>
        <line num="108" count="6" type="stmt"/>
        <line num="112" count="6" type="cond" truecount="1" falsecount="1"/>
        <line num="116" count="11" type="cond" truecount="2" falsecount="0"/>
        <line num="118" count="4" type="cond" truecount="1" falsecount="1"/>
        <line num="119" count="4" type="cond" truecount="1" falsecount="1"/>
        <line num="121" count="4" type="stmt"/>
        <line num="125" count="0" type="stmt"/>
        <line num="132" count="4" type="stmt"/>
        <line num="133" count="4" type="cond" truecount="2" falsecount="0"/>
        <line num="134" count="2" type="cond" truecount="2" falsecount="0"/>
        <line num="136" count="1" type="cond" truecount="1" falsecount="1"/>
        <line num="137" count="1" type="cond" truecount="1" falsecount="1"/>
        <line num="139" count="1" type="stmt"/>
        <line num="143" count="0" type="stmt"/>
        <line num="150" count="5" type="cond" truecount="2" falsecount="0"/>
        <line num="151" count="5" type="cond" truecount="2" falsecount="0"/>
        <line num="153" count="1" type="stmt"/>
        <line num="157" count="0" type="stmt"/>
        <line num="164" count="17" type="stmt"/>
        <line num="165" count="17" type="cond" truecount="2" falsecount="0"/>
        <line num="167" count="15" type="cond" truecount="2" falsecount="0"/>
        <line num="168" count="15" type="cond" truecount="2" falsecount="0"/>
        <line num="170" count="13" type="stmt"/>
        <line num="174" count="4" type="stmt"/>
        <line num="180" count="3" type="stmt"/>
        <line num="181" count="3" type="stmt"/>
        <line num="182" count="4" type="stmt"/>
        <line num="183" count="3" type="cond" truecount="2" falsecount="0"/>
        <line num="185" count="1" type="cond" truecount="1" falsecount="1"/>
        <line num="187" count="0" type="stmt"/>
        <line num="191" count="144" type="stmt"/>
        <line num="192" count="144" type="stmt"/>
        <line num="193" count="144" type="stmt"/>
        <line num="195" count="144" type="stmt"/>
        <line num="197" count="141" type="stmt"/>
        <line num="201" count="4" type="stmt"/>
        <line num="205" count="7" type="stmt"/>
        <line num="209" count="3" type="stmt"/>
        <line num="213" count="5" type="stmt"/>
        <line num="217" count="104" type="stmt"/>
        <line num="218" count="104" type="stmt"/>
        <line num="222" count="13" type="stmt"/>
        <line num="224" count="12" type="stmt"/>
        <line num="225" count="12" type="stmt"/>
        <line num="226" count="12" type="stmt"/>
        <line num="228" count="12" type="stmt"/>
        <line num="229" count="12" type="stmt"/>
        <line num="230" count="11" type="stmt"/>
        <line num="238" count="0" type="stmt"/>
        <line num="242" count="2" type="cond" truecount="2" falsecount="0"/>
        <line num="244" count="1" type="stmt"/>
        <line num="245" count="1" type="stmt"/>
        <line num="247" count="1" type="stmt"/>
        <line num="248" count="2" type="cond" truecount="1" falsecount="1"/>
        <line num="250" count="2" type="cond" truecount="2" falsecount="0"/>
        <line num="254" count="1" type="stmt"/>
        <line num="255" count="2" type="stmt"/>
        <line num="256" count="2" type="cond" truecount="1" falsecount="1"/>
        <line num="257" count="0" type="stmt"/>
        <line num="258" count="0" type="stmt"/>
        <line num="259" count="2" type="cond" truecount="1" falsecount="1"/>
        <line num="260" count="0" type="stmt"/>
        <line num="261" count="0" type="stmt"/>
        <line num="263" count="2" type="stmt"/>
        <line num="264" count="2" type="cond" truecount="2" falsecount="0"/>
        <line num="266" count="1" type="stmt"/>
        <line num="270" count="1" type="stmt"/>
        <line num="271" count="1" type="stmt"/>
        <line num="272" count="0" type="stmt"/>
        <line num="275" count="1" type="stmt"/>
        <line num="276" count="1" type="stmt"/>
        <line num="278" count="1" type="stmt"/>
        <line num="282" count="3" type="cond" truecount="1" falsecount="1"/>
        <line num="283" count="0" type="stmt"/>
        <line num="284" count="0" type="stmt"/>
        <line num="287" count="3" type="stmt"/>
        <line num="291" count="1" type="stmt"/>
        <line num="295" count="1" type="stmt"/>
        <line num="299" count="8" type="stmt"/>
        <line num="300" count="8" type="stmt"/>
        <line num="301" count="8" type="stmt"/>
        <line num="303" count="8" type="stmt"/>
        <line num="305" count="7" type="stmt"/>
        <line num="309" count="12" type="stmt"/>
        <line num="310" count="12" type="stmt"/>
        <line num="311" count="12" type="stmt"/>
        <line num="313" count="12" type="stmt"/>
        <line num="314" count="12" type="cond" truecount="1" falsecount="1"/>
        <line num="316" count="12" type="stmt"/>
        <line num="318" count="11" type="stmt"/>
        <line num="322" count="3" type="stmt"/>
        <line num="326" count="54" type="stmt"/>
        <line num="327" count="54" type="stmt"/>
        <line num="328" count="54" type="stmt"/>
        <line num="329" count="120" type="stmt"/>
        <line num="330" count="120" type="cond" truecount="2" falsecount="0"/>
        <line num="332" count="54" type="stmt"/>
        <line num="333" count="52" type="stmt"/>
        <line num="337" count="48" type="cond" truecount="2" falsecount="0"/>
        <line num="338" count="37" type="cond" truecount="2" falsecount="0"/>
        <line num="340" count="23" type="stmt"/>
        <line num="341" count="22" type="stmt"/>
        <line num="343" count="22" type="stmt"/>
        <line num="345" count="22" type="stmt"/>
        <line num="347" count="22" type="stmt"/>
        <line num="348" count="19" type="stmt"/>
        <line num="349" count="19" type="stmt"/>
        <line num="350" count="19" type="cond" truecount="2" falsecount="0"/>
        <line num="352" count="6" type="stmt"/>
        <line num="353" count="6" type="stmt"/>
        <line num="355" count="6" type="cond" truecount="2" falsecount="0"/>
        <line num="358" count="16" type="cond" truecount="2" falsecount="0"/>
        <line num="359" count="8" type="stmt"/>
        <line num="360" count="8" type="cond" truecount="2" falsecount="0"/>
        <line num="363" count="8" type="cond" truecount="2" falsecount="0"/>
        <line num="364" count="3" type="stmt"/>
        <line num="365" count="3" type="cond" truecount="1" falsecount="1"/>
        <line num="368" count="5" type="cond" truecount="3" falsecount="1"/>
        <line num="379" count="163" type="stmt"/>
        <line num="381" count="159" type="stmt"/>
        <line num="382" count="159" type="cond" truecount="2" falsecount="0"/>
        <line num="383" count="31" type="cond" truecount="1" falsecount="1"/>
        <line num="384" count="18" type="stmt"/>
        <line num="387" count="159" type="cond" truecount="2" falsecount="0"/>
        <line num="388" count="159" type="stmt"/>
        <line num="390" count="159" type="stmt"/>
        <line num="391" count="159" type="stmt"/>
        <line num="392" count="159" type="stmt"/>
        <line num="401" count="18" type="cond" truecount="2" falsecount="0"/>
        <line num="402" count="4" type="stmt"/>
        <line num="405" count="18" type="stmt"/>
        <line num="406" count="18" type="stmt"/>
        <line num="408" count="18" type="cond" truecount="2" falsecount="0"/>
        <line num="409" count="18" type="cond" truecount="2" falsecount="0"/>
        <line num="411" count="17" type="cond" truecount="1" falsecount="1"/>
        <line num="413" count="17" type="stmt"/>
        <line num="414" count="17" type="stmt"/>
        <line num="416" count="17" type="cond" truecount="2" falsecount="0"/>
        <line num="417" count="6" type="stmt"/>
        <line num="419" count="11" type="stmt"/>
        <line num="420" count="11" type="stmt"/>
        <line num="421" count="11" type="stmt"/>
        <line num="423" count="17" type="stmt"/>
        <line num="435" count="19" type="stmt"/>
        <line num="436" count="19" type="stmt"/>
        <line num="437" count="19" type="stmt"/>
        <line num="438" count="18" type="stmt"/>
        <line num="440" count="18" type="stmt"/>
        <line num="441" count="2" type="stmt"/>
        <line num="445" count="2" type="stmt"/>
      </file>
      <file name="interfaces.ts" path="/Users/kikurage/workspace/note/workspaces/textarea-handling/src/core/interfaces.ts">
        <metrics statements="4" coveredstatements="3" conditionals="4" coveredconditionals="2" methods="1" coveredmethods="1"/>
        <line num="101" count="2" type="stmt"/>
        <line num="104" count="14" type="cond" truecount="2" falsecount="2"/>
        <line num="105" count="0" type="stmt"/>
        <line num="108" count="14" type="stmt"/>
      </file>
    </package>
    <package name="core.mutation">
      <metrics statements="12" coveredstatements="0" conditionals="8" coveredconditionals="0" methods="1" coveredmethods="0"/>
      <file name="nextPosition.ts" path="/Users/kikurage/workspace/note/workspaces/textarea-handling/src/core/mutation/nextPosition.ts">
        <metrics statements="12" coveredstatements="0" conditionals="8" coveredconditionals="0" methods="1" coveredmethods="0"/>
        <line num="6" count="0" type="stmt"/>
        <line num="7" count="0" type="cond" truecount="0" falsecount="2"/>
        <line num="9" count="0" type="stmt"/>
        <line num="10" count="0" type="stmt"/>
        <line num="11" count="0" type="stmt"/>
        <line num="12" count="0" type="cond" truecount="0" falsecount="4"/>
        <line num="13" count="0" type="stmt"/>
        <line num="16" count="0" type="stmt"/>
        <line num="17" count="0" type="cond" truecount="0" falsecount="2"/>
        <line num="18" count="0" type="stmt"/>
        <line num="21" count="0" type="stmt"/>
        <line num="24" count="0" type="stmt"/>
      </file>
    </package>
    <package name="core.node">
      <metrics statements="124" coveredstatements="68" conditionals="66" coveredconditionals="32" methods="24" coveredmethods="16"/>
      <file name="AbstractNode.ts" path="/Users/kikurage/workspace/note/workspaces/textarea-handling/src/core/node/AbstractNode.ts">
        <metrics statements="3" coveredstatements="3" conditionals="3" coveredconditionals="2" methods="3" coveredmethods="3"/>
        <line num="22" count="14" type="stmt"/>
        <line num="26" count="14" type="stmt"/>
        <line num="44" count="2" type="stmt"/>
      </file>
      <file name="ContainerNode.ts" path="/Users/kikurage/workspace/note/workspaces/textarea-handling/src/core/node/ContainerNode.ts">
        <metrics statements="78" coveredstatements="38" conditionals="40" coveredconditionals="19" methods="9" coveredmethods="4"/>
        <line num="11" count="0" type="stmt"/>
        <line num="15" count="2" type="cond" truecount="1" falsecount="1"/>
        <line num="16" count="2" type="stmt"/>
        <line num="17" count="2" type="cond" truecount="2" falsecount="0"/>
        <line num="18" count="2" type="cond" truecount="1" falsecount="1"/>
        <line num="19" count="2" type="cond" truecount="1" falsecount="1"/>
        <line num="21" count="2" type="stmt"/>
        <line num="22" count="2" type="stmt"/>
        <line num="23" count="2" type="stmt"/>
        <line num="24" count="2" type="stmt"/>
        <line num="27" count="2" type="stmt"/>
        <line num="30" count="0" type="stmt"/>
        <line num="31" count="0" type="stmt"/>
        <line num="32" count="0" type="stmt"/>
        <line num="34" count="0" type="stmt"/>
        <line num="36" count="0" type="stmt"/>
        <line num="37" count="0" type="stmt"/>
        <line num="38" count="0" type="stmt"/>
        <line num="39" count="0" type="stmt"/>
        <line num="41" count="0" type="stmt"/>
        <line num="42" count="0" type="cond" truecount="0" falsecount="2"/>
        <line num="43" count="0" type="stmt"/>
        <line num="44" count="0" type="cond" truecount="0" falsecount="2"/>
        <line num="45" count="0" type="stmt"/>
        <line num="46" count="0" type="stmt"/>
        <line num="49" count="0" type="stmt"/>
        <line num="53" count="5" type="stmt"/>
        <line num="54" count="5" type="cond" truecount="2" falsecount="0"/>
        <line num="56" count="4" type="stmt"/>
        <line num="57" count="4" type="stmt"/>
        <line num="58" count="4" type="stmt"/>
        <line num="59" count="4" type="cond" truecount="4" falsecount="0"/>
        <line num="60" count="2" type="stmt"/>
        <line num="63" count="2" type="stmt"/>
        <line num="67" count="6" type="stmt"/>
        <line num="69" count="6" type="stmt"/>
        <line num="70" count="6" type="cond" truecount="2" falsecount="0"/>
        <line num="71" count="2" type="stmt"/>
        <line num="72" count="2" type="cond" truecount="1" falsecount="1"/>
        <line num="75" count="4" type="stmt"/>
        <line num="76" count="4" type="cond" truecount="2" falsecount="0"/>
        <line num="77" count="2" type="stmt"/>
        <line num="78" count="2" type="cond" truecount="1" falsecount="1"/>
        <line num="81" count="2" type="stmt"/>
        <line num="82" count="2" type="stmt"/>
        <line num="83" count="2" type="stmt"/>
        <line num="91" count="0" type="stmt"/>
        <line num="92" count="0" type="stmt"/>
        <line num="93" count="0" type="stmt"/>
        <line num="97" count="0" type="cond" truecount="0" falsecount="2"/>
        <line num="98" count="0" type="stmt"/>
        <line num="99" count="0" type="stmt"/>
        <line num="101" count="0" type="cond" truecount="0" falsecount="2"/>
        <line num="103" count="0" type="stmt"/>
        <line num="106" count="0" type="stmt"/>
        <line num="107" count="0" type="cond" truecount="0" falsecount="2"/>
        <line num="108" count="0" type="stmt"/>
        <line num="109" count="0" type="stmt"/>
        <line num="113" count="0" type="stmt"/>
        <line num="117" count="0" type="stmt"/>
        <line num="119" count="0" type="stmt"/>
        <line num="126" count="2" type="stmt"/>
        <line num="128" count="2" type="stmt"/>
        <line num="129" count="2" type="cond" truecount="1" falsecount="1"/>
        <line num="130" count="0" type="stmt"/>
        <line num="131" count="0" type="cond" truecount="0" falsecount="2"/>
        <line num="134" count="2" type="stmt"/>
        <line num="135" count="2" type="cond" truecount="1" falsecount="1"/>
        <line num="136" count="0" type="stmt"/>
        <line num="137" count="0" type="cond" truecount="0" falsecount="2"/>
        <line num="140" count="2" type="stmt"/>
        <line num="141" count="2" type="stmt"/>
        <line num="149" count="0" type="stmt"/>
        <line num="150" count="0" type="stmt"/>
        <line num="152" count="0" type="stmt"/>
        <line num="153" count="0" type="stmt"/>
        <line num="156" count="0" type="stmt"/>
        <line num="160" count="2" type="stmt"/>
      </file>
      <file name="RootNode.ts" path="/Users/kikurage/workspace/note/workspaces/textarea-handling/src/core/node/RootNode.ts">
        <metrics statements="0" coveredstatements="0" conditionals="0" coveredconditionals="0" methods="0" coveredmethods="0"/>
      </file>
      <file name="TextNode.ts" path="/Users/kikurage/workspace/note/workspaces/textarea-handling/src/core/node/TextNode.ts">
        <metrics statements="43" coveredstatements="27" conditionals="23" coveredconditionals="11" methods="12" coveredmethods="9"/>
        <line num="23" count="30" type="stmt"/>
        <line num="24" count="30" type="stmt"/>
        <line num="28" count="87" type="stmt"/>
        <line num="32" count="3" type="stmt"/>
        <line num="36" count="2" type="stmt"/>
        <line num="38" count="2" type="cond" truecount="1" falsecount="1"/>
        <line num="39" count="2" type="cond" truecount="1" falsecount="1"/>
        <line num="41" count="2" type="stmt"/>
        <line num="42" count="2" type="cond" truecount="1" falsecount="1"/>
        <line num="44" count="2" type="stmt"/>
        <line num="45" count="2" type="cond" truecount="1" falsecount="1"/>
        <line num="47" count="2" type="stmt"/>
        <line num="51" count="2" type="stmt"/>
        <line num="52" count="2" type="cond" truecount="1" falsecount="1"/>
        <line num="54" count="2" type="stmt"/>
        <line num="55" count="2" type="stmt"/>
        <line num="57" count="2" type="stmt"/>
        <line num="64" count="6" type="stmt"/>
        <line num="65" count="6" type="cond" truecount="1" falsecount="1"/>
        <line num="66" count="0" type="stmt"/>
        <line num="73" count="6" type="stmt"/>
        <line num="81" count="0" type="stmt"/>
        <line num="82" count="0" type="stmt"/>
        <line num="84" count="0" type="stmt"/>
        <line num="85" count="0" type="stmt"/>
        <line num="87" count="0" type="cond" truecount="0" falsecount="2"/>
        <line num="88" count="0" type="stmt"/>
        <line num="89" count="0" type="stmt"/>
        <line num="90" count="0" type="stmt"/>
        <line num="93" count="0" type="stmt"/>
        <line num="97" count="0" type="cond" truecount="0" falsecount="2"/>
        <line num="99" count="0" type="stmt"/>
        <line num="100" count="0" type="stmt"/>
        <line num="104" count="3" type="stmt"/>
        <line num="106" count="3" type="cond" truecount="1" falsecount="1"/>
        <line num="108" count="0" type="stmt"/>
        <line num="109" count="0" type="stmt"/>
        <line num="111" count="0" type="stmt"/>
        <line num="115" count="13" type="cond" truecount="1" falsecount="1"/>
        <line num="116" count="13" type="cond" truecount="2" falsecount="0"/>
        <line num="118" count="10" type="stmt"/>
        <line num="122" count="9" type="stmt"/>
        <line num="126" count="2" type="stmt"/>
      </file>
    </package>
    <package name="lib">
      <metrics statements="37" coveredstatements="19" conditionals="8" coveredconditionals="4" methods="25" coveredmethods="14"/>
      <file name="DIContainer.ts" path="/Users/kikurage/workspace/note/workspaces/textarea-handling/src/lib/DIContainer.ts">
        <metrics statements="15" coveredstatements="5" conditionals="2" coveredconditionals="0" methods="5" coveredmethods="2"/>
        <line num="6" count="1" type="stmt"/>
        <line num="10" count="0" type="stmt"/>
        <line num="11" count="1" type="stmt"/>
        <line num="14" count="1" type="stmt"/>
        <line num="15" count="1" type="stmt"/>
        <line num="16" count="1" type="stmt"/>
        <line num="20" count="0" type="stmt"/>
        <line num="24" count="0" type="stmt"/>
        <line num="25" count="0" type="cond" truecount="0" falsecount="2"/>
        <line num="26" count="0" type="stmt"/>
        <line num="27" count="0" type="stmt"/>
        <line num="29" count="0" type="stmt"/>
        <line num="30" count="0" type="stmt"/>
        <line num="32" count="0" type="stmt"/>
        <line num="36" count="0" type="stmt"/>
      </file>
      <file name="assert.ts" path="/Users/kikurage/workspace/note/workspaces/textarea-handling/src/lib/assert.ts">
        <metrics statements="3" coveredstatements="3" conditionals="2" coveredconditionals="2" methods="1" coveredmethods="1"/>
        <line num="2" count="345" type="cond" truecount="2" falsecount="0"/>
        <line num="3" count="7" type="stmt"/>
        <line num="4" count="7" type="stmt"/>
      </file>
      <file name="counter.ts" path="/Users/kikurage/workspace/note/workspaces/textarea-handling/src/lib/counter.ts">
        <metrics statements="4" coveredstatements="3" conditionals="0" coveredconditionals="0" methods="3" coveredmethods="2"/>
        <line num="2" count="2" type="stmt"/>
        <line num="3" count="232" type="stmt"/>
        <line num="4" count="2" type="stmt"/>
        <line num="6" count="0" type="stmt"/>
      </file>
      <file name="dataclass.ts" path="/Users/kikurage/workspace/note/workspaces/textarea-handling/src/lib/dataclass.ts">
        <metrics statements="4" coveredstatements="4" conditionals="1" coveredconditionals="0" methods="4" coveredmethods="4"/>
        <line num="4" count="358" type="stmt"/>
        <line num="5" count="358" type="stmt"/>
        <line num="13" count="13" type="stmt"/>
        <line num="17" count="3" type="stmt"/>
      </file>
      <file name="isNotNullish.ts" path="/Users/kikurage/workspace/note/workspaces/textarea-handling/src/lib/isNotNullish.ts">
        <metrics statements="2" coveredstatements="2" conditionals="2" coveredconditionals="2" methods="2" coveredmethods="2"/>
        <line num="2" count="287" type="cond" truecount="2" falsecount="0"/>
        <line num="6" count="287" type="stmt"/>
      </file>
      <file name="logger.ts" path="/Users/kikurage/workspace/note/workspaces/textarea-handling/src/lib/logger.ts">
        <metrics statements="7" coveredstatements="1" conditionals="0" coveredconditionals="0" methods="8" coveredmethods="2"/>
        <line num="5" count="9" type="stmt"/>
        <line num="9" count="0" type="stmt"/>
        <line num="12" count="0" type="stmt"/>
        <line num="15" count="0" type="stmt"/>
        <line num="18" count="0" type="stmt"/>
        <line num="22" count="0" type="stmt"/>
        <line num="26" count="0" type="stmt"/>
      </file>
      <file name="throwError.ts" path="/Users/kikurage/workspace/note/workspaces/textarea-handling/src/lib/throwError.ts">
        <metrics statements="1" coveredstatements="1" conditionals="0" coveredconditionals="0" methods="1" coveredmethods="1"/>
        <line num="8" count="9" type="stmt"/>
      </file>
      <file name="unrechable.ts" path="/Users/kikurage/workspace/note/workspaces/textarea-handling/src/lib/unrechable.ts">
        <metrics statements="1" coveredstatements="0" conditionals="1" coveredconditionals="0" methods="1" coveredmethods="0"/>
        <line num="5" count="0" type="stmt"/>
      </file>
    </package>
    <package name="serialize">
      <metrics statements="17" coveredstatements="5" conditionals="2" coveredconditionals="0" methods="9" coveredmethods="3"/>
      <file name="NodeSerializer.ts" path="/Users/kikurage/workspace/note/workspaces/textarea-handling/src/serialize/NodeSerializer.ts">
        <metrics statements="17" coveredstatements="5" conditionals="2" coveredconditionals="0" methods="9" coveredmethods="3"/>
        <line num="6" count="1" type="stmt"/>
        <line num="7" count="2" type="stmt"/>
        <line num="10" count="0" type="stmt"/>
        <line num="11" count="0" type="stmt"/>
        <line num="16" count="14" type="stmt"/>
        <line num="18" count="10" type="stmt"/>
        <line num="22" count="4" type="stmt"/>
        <line num="26" count="0" type="stmt"/>
        <line num="28" count="0" type="stmt"/>
        <line num="29" count="0" type="stmt"/>
        <line num="30" count="0" type="cond" truecount="0" falsecount="2"/>
        <line num="31" count="0" type="stmt"/>
        <line num="33" count="0" type="stmt"/>
        <line num="34" count="0" type="stmt"/>
        <line num="36" count="0" type="stmt"/>
        <line num="39" count="0" type="stmt"/>
        <line num="40" count="0" type="stmt"/>
      </file>
    </package>
  </project>
</coverage>
