{"/Users/kikurage/workspace/note/workspaces/textarea-handling/src/core/Cursor.ts": {"path":"/Users/kikurage/workspace/note/workspaces/textarea-handling/src/core/Cursor.ts","statementMap":{"0":{"start":{"line":18,"column":8},"end":{"line":30,"column":9}},"1":{"start":{"line":19,"column":12},"end":{"line":29,"column":13}},"2":{"start":{"line":20,"column":35},"end":{"line":20,"column":39}},"3":{"start":{"line":21,"column":16},"end":{"line":21,"column":85}},"4":{"start":{"line":23,"column":16},"end":{"line":23,"column":44}},"5":{"start":{"line":25,"column":33},"end":{"line":25,"column":37}},"6":{"start":{"line":26,"column":16},"end":{"line":26,"column":81}},"7":{"start":{"line":28,"column":16},"end":{"line":28,"column":55}},"8":{"start":{"line":31,"column":8},"end":{"line":44,"column":9}},"9":{"start":{"line":32,"column":12},"end":{"line":43,"column":13}},"10":{"start":{"line":33,"column":40},"end":{"line":33,"column":44}},"11":{"start":{"line":34,"column":16},"end":{"line":34,"column":79}},"12":{"start":{"line":36,"column":16},"end":{"line":36,"column":49}},"13":{"start":{"line":38,"column":41},"end":{"line":38,"column":45}},"14":{"start":{"line":39,"column":16},"end":{"line":39,"column":81}},"15":{"start":{"line":40,"column":16},"end":{"line":40,"column":81}},"16":{"start":{"line":42,"column":16},"end":{"line":42,"column":63}},"17":{"start":{"line":45,"column":8},"end":{"line":52,"column":9}},"18":{"start":{"line":46,"column":51},"end":{"line":46,"column":55}},"19":{"start":{"line":47,"column":12},"end":{"line":47,"column":77}},"20":{"start":{"line":48,"column":12},"end":{"line":48,"column":85}},"21":{"start":{"line":49,"column":12},"end":{"line":49,"column":81}},"22":{"start":{"line":51,"column":12},"end":{"line":51,"column":94}},"23":{"start":{"line":53,"column":8},"end":{"line":61,"column":9}},"24":{"start":{"line":54,"column":75},"end":{"line":54,"column":79}},"25":{"start":{"line":55,"column":12},"end":{"line":55,"column":89}},"26":{"start":{"line":56,"column":12},"end":{"line":56,"column":89}},"27":{"start":{"line":57,"column":12},"end":{"line":57,"column":87}},"28":{"start":{"line":58,"column":12},"end":{"line":58,"column":87}},"29":{"start":{"line":60,"column":12},"end":{"line":60,"column":110}},"30":{"start":{"line":63,"column":8},"end":{"line":63,"column":45}},"31":{"start":{"line":67,"column":8},"end":{"line":67,"column":46}},"32":{"start":{"line":71,"column":8},"end":{"line":71,"column":77}},"33":{"start":{"line":75,"column":8},"end":{"line":79,"column":9}},"34":{"start":{"line":76,"column":12},"end":{"line":76,"column":57}},"35":{"start":{"line":78,"column":12},"end":{"line":78,"column":57}}},"fnMap":{"0":{"name":"(anonymous_0)","decl":{"start":{"line":6,"column":4},"end":{"line":6,"column":5}},"loc":{"start":{"line":9,"column":6},"end":{"line":9,"column":8}},"line":9},"1":{"name":"(anonymous_1)","decl":{"start":{"line":17,"column":4},"end":{"line":17,"column":5}},"loc":{"start":{"line":17,"column":42},"end":{"line":64,"column":5}},"line":17},"2":{"name":"(anonymous_2)","decl":{"start":{"line":66,"column":4},"end":{"line":66,"column":5}},"loc":{"start":{"line":66,"column":20},"end":{"line":68,"column":5}},"line":66},"3":{"name":"(anonymous_3)","decl":{"start":{"line":70,"column":4},"end":{"line":70,"column":5}},"loc":{"start":{"line":70,"column":15},"end":{"line":72,"column":5}},"line":70},"4":{"name":"(anonymous_4)","decl":{"start":{"line":74,"column":4},"end":{"line":74,"column":5}},"loc":{"start":{"line":74,"column":57},"end":{"line":80,"column":5}},"line":74}},"branchMap":{"0":{"loc":{"start":{"line":8,"column":17},"end":{"line":8,"column":41}},"type":"default-arg","locations":[{"start":{"line":8,"column":35},"end":{"line":8,"column":41}}],"line":8},"1":{"loc":{"start":{"line":18,"column":8},"end":{"line":30,"column":9}},"type":"if","locations":[{"start":{"line":18,"column":8},"end":{"line":30,"column":9}},{"start":{},"end":{}}],"line":18},"2":{"loc":{"start":{"line":19,"column":12},"end":{"line":29,"column":13}},"type":"if","locations":[{"start":{"line":19,"column":12},"end":{"line":29,"column":13}},{"start":{"line":24,"column":19},"end":{"line":29,"column":13}}],"line":19},"3":{"loc":{"start":{"line":31,"column":8},"end":{"line":44,"column":9}},"type":"if","locations":[{"start":{"line":31,"column":8},"end":{"line":44,"column":9}},{"start":{},"end":{}}],"line":31},"4":{"loc":{"start":{"line":32,"column":12},"end":{"line":43,"column":13}},"type":"if","locations":[{"start":{"line":32,"column":12},"end":{"line":43,"column":13}},{"start":{"line":37,"column":19},"end":{"line":43,"column":13}}],"line":32},"5":{"loc":{"start":{"line":45,"column":8},"end":{"line":52,"column":9}},"type":"if","locations":[{"start":{"line":45,"column":8},"end":{"line":52,"column":9}},{"start":{},"end":{}}],"line":45},"6":{"loc":{"start":{"line":53,"column":8},"end":{"line":61,"column":9}},"type":"if","locations":[{"start":{"line":53,"column":8},"end":{"line":61,"column":9}},{"start":{},"end":{}}],"line":53},"7":{"loc":{"start":{"line":75,"column":8},"end":{"line":79,"column":9}},"type":"if","locations":[{"start":{"line":75,"column":8},"end":{"line":79,"column":9}},{"start":{"line":77,"column":15},"end":{"line":79,"column":9}}],"line":75}},"s":{"0":23,"1":12,"2":5,"3":5,"4":5,"5":7,"6":7,"7":7,"8":11,"9":9,"10":2,"11":2,"12":2,"13":7,"14":7,"15":7,"16":7,"17":2,"18":1,"19":1,"20":1,"21":1,"22":1,"23":1,"24":1,"25":1,"26":1,"27":1,"28":1,"29":1,"30":0,"31":9,"32":0,"33":2,"34":2,"35":0},"f":{"0":23,"1":23,"2":9,"3":0,"4":2},"b":{"0":[19],"1":[12,11],"2":[5,7],"3":[9,2],"4":[2,7],"5":[1,1],"6":[1,0],"7":[2,0]},"_coverageSchema":"1a1c01bbd47fc00a2c39e90264f33305004495a9","hash":"709a545ca65ee13d94a515d2222d1e3b32525064"}
,"/Users/kikurage/workspace/note/workspaces/textarea-handling/src/core/EditorState.ts": {"path":"/Users/kikurage/workspace/note/workspaces/textarea-handling/src/core/EditorState.ts","statementMap":{"0":{"start":{"line":15,"column":20},"end":{"line":15,"column":31}},"1":{"start":{"line":17,"column":8},"end":{"line":20,"column":11}},"2":{"start":{"line":24,"column":8},"end":{"line":24,"column":37}},"3":{"start":{"line":28,"column":8},"end":{"line":28,"column":87}},"4":{"start":{"line":28,"column":36},"end":{"line":28,"column":87}},"5":{"start":{"line":30,"column":28},"end":{"line":30,"column":119}},"6":{"start":{"line":32,"column":8},"end":{"line":32,"column":57}},"7":{"start":{"line":36,"column":8},"end":{"line":36,"column":88}},"8":{"start":{"line":36,"column":36},"end":{"line":36,"column":88}},"9":{"start":{"line":38,"column":23},"end":{"line":38,"column":113}},"10":{"start":{"line":39,"column":8},"end":{"line":39,"column":48}},"11":{"start":{"line":39,"column":36},"end":{"line":39,"column":48}},"12":{"start":{"line":41,"column":8},"end":{"line":41,"column":96}},"13":{"start":{"line":45,"column":8},"end":{"line":45,"column":70}},"14":{"start":{"line":45,"column":36},"end":{"line":45,"column":70}},"15":{"start":{"line":47,"column":34},"end":{"line":49,"column":70}},"16":{"start":{"line":50,"column":8},"end":{"line":50,"column":42}},"17":{"start":{"line":50,"column":30},"end":{"line":50,"column":42}},"18":{"start":{"line":52,"column":8},"end":{"line":52,"column":63}},"19":{"start":{"line":56,"column":8},"end":{"line":56,"column":70}},"20":{"start":{"line":56,"column":36},"end":{"line":56,"column":70}},"21":{"start":{"line":58,"column":37},"end":{"line":58,"column":54}},"22":{"start":{"line":59,"column":8},"end":{"line":65,"column":9}},"23":{"start":{"line":60,"column":25},"end":{"line":60,"column":51}},"24":{"start":{"line":61,"column":12},"end":{"line":63,"column":13}},"25":{"start":{"line":62,"column":16},"end":{"line":62,"column":99}},"26":{"start":{"line":64,"column":12},"end":{"line":64,"column":50}},"27":{"start":{"line":67,"column":8},"end":{"line":67,"column":20}},"28":{"start":{"line":71,"column":8},"end":{"line":71,"column":47}},"29":{"start":{"line":71,"column":35},"end":{"line":71,"column":47}},"30":{"start":{"line":73,"column":22},"end":{"line":73,"column":52}},"31":{"start":{"line":75,"column":32},"end":{"line":75,"column":76}},"32":{"start":{"line":77,"column":29},"end":{"line":77,"column":57}},"33":{"start":{"line":78,"column":27},"end":{"line":78,"column":53}},"34":{"start":{"line":80,"column":8},"end":{"line":93,"column":9}},"35":{"start":{"line":81,"column":12},"end":{"line":85,"column":13}},"36":{"start":{"line":82,"column":16},"end":{"line":82,"column":37}},"37":{"start":{"line":83,"column":16},"end":{"line":83,"column":35}},"38":{"start":{"line":84,"column":16},"end":{"line":84,"column":25}},"39":{"start":{"line":87,"column":27},"end":{"line":87,"column":62}},"40":{"start":{"line":88,"column":12},"end":{"line":91,"column":13}},"41":{"start":{"line":89,"column":16},"end":{"line":89,"column":33}},"42":{"start":{"line":90,"column":16},"end":{"line":90,"column":39}},"43":{"start":{"line":92,"column":12},"end":{"line":92,"column":18}},"44":{"start":{"line":96,"column":8},"end":{"line":98,"column":9}},"45":{"start":{"line":97,"column":12},"end":{"line":97,"column":22}},"46":{"start":{"line":99,"column":8},"end":{"line":99,"column":63}},"47":{"start":{"line":103,"column":15},"end":{"line":103,"column":37}}},"fnMap":{"0":{"name":"(anonymous_0)","decl":{"start":{"line":14,"column":4},"end":{"line":14,"column":5}},"loc":{"start":{"line":14,"column":20},"end":{"line":21,"column":5}},"line":14},"1":{"name":"(anonymous_1)","decl":{"start":{"line":23,"column":4},"end":{"line":23,"column":5}},"loc":{"start":{"line":23,"column":30},"end":{"line":25,"column":5}},"line":23},"2":{"name":"(anonymous_2)","decl":{"start":{"line":27,"column":4},"end":{"line":27,"column":5}},"loc":{"start":{"line":27,"column":42},"end":{"line":33,"column":5}},"line":27},"3":{"name":"(anonymous_3)","decl":{"start":{"line":35,"column":4},"end":{"line":35,"column":5}},"loc":{"start":{"line":35,"column":35},"end":{"line":42,"column":5}},"line":35},"4":{"name":"(anonymous_4)","decl":{"start":{"line":44,"column":4},"end":{"line":44,"column":5}},"loc":{"start":{"line":44,"column":28},"end":{"line":53,"column":5}},"line":44},"5":{"name":"(anonymous_5)","decl":{"start":{"line":55,"column":4},"end":{"line":55,"column":5}},"loc":{"start":{"line":55,"column":40},"end":{"line":68,"column":5}},"line":55},"6":{"name":"(anonymous_6)","decl":{"start":{"line":70,"column":4},"end":{"line":70,"column":5}},"loc":{"start":{"line":70,"column":39},"end":{"line":100,"column":5}},"line":70}},"branchMap":{"0":{"loc":{"start":{"line":28,"column":8},"end":{"line":28,"column":87}},"type":"if","locations":[{"start":{"line":28,"column":8},"end":{"line":28,"column":87}},{"start":{},"end":{}}],"line":28},"1":{"loc":{"start":{"line":36,"column":8},"end":{"line":36,"column":88}},"type":"if","locations":[{"start":{"line":36,"column":8},"end":{"line":36,"column":88}},{"start":{},"end":{}}],"line":36},"2":{"loc":{"start":{"line":39,"column":8},"end":{"line":39,"column":48}},"type":"if","locations":[{"start":{"line":39,"column":8},"end":{"line":39,"column":48}},{"start":{},"end":{}}],"line":39},"3":{"loc":{"start":{"line":45,"column":8},"end":{"line":45,"column":70}},"type":"if","locations":[{"start":{"line":45,"column":8},"end":{"line":45,"column":70}},{"start":{},"end":{}}],"line":45},"4":{"loc":{"start":{"line":50,"column":8},"end":{"line":50,"column":42}},"type":"if","locations":[{"start":{"line":50,"column":8},"end":{"line":50,"column":42}},{"start":{},"end":{}}],"line":50},"5":{"loc":{"start":{"line":56,"column":8},"end":{"line":56,"column":70}},"type":"if","locations":[{"start":{"line":56,"column":8},"end":{"line":56,"column":70}},{"start":{},"end":{}}],"line":56},"6":{"loc":{"start":{"line":61,"column":12},"end":{"line":63,"column":13}},"type":"if","locations":[{"start":{"line":61,"column":12},"end":{"line":63,"column":13}},{"start":{},"end":{}}],"line":61},"7":{"loc":{"start":{"line":61,"column":16},"end":{"line":61,"column":83}},"type":"binary-expr","locations":[{"start":{"line":61,"column":16},"end":{"line":61,"column":40}},{"start":{"line":61,"column":44},"end":{"line":61,"column":83}}],"line":61},"8":{"loc":{"start":{"line":71,"column":8},"end":{"line":71,"column":47}},"type":"if","locations":[{"start":{"line":71,"column":8},"end":{"line":71,"column":47}},{"start":{},"end":{}}],"line":71},"9":{"loc":{"start":{"line":80,"column":15},"end":{"line":80,"column":63}},"type":"binary-expr","locations":[{"start":{"line":80,"column":15},"end":{"line":80,"column":38}},{"start":{"line":80,"column":42},"end":{"line":80,"column":63}}],"line":80},"10":{"loc":{"start":{"line":81,"column":12},"end":{"line":85,"column":13}},"type":"if","locations":[{"start":{"line":81,"column":12},"end":{"line":85,"column":13}},{"start":{},"end":{}}],"line":81},"11":{"loc":{"start":{"line":88,"column":12},"end":{"line":91,"column":13}},"type":"if","locations":[{"start":{"line":88,"column":12},"end":{"line":91,"column":13}},{"start":{},"end":{}}],"line":88},"12":{"loc":{"start":{"line":96,"column":8},"end":{"line":98,"column":9}},"type":"if","locations":[{"start":{"line":96,"column":8},"end":{"line":98,"column":9}},{"start":{},"end":{}}],"line":96}},"s":{"0":7,"1":7,"2":0,"3":5,"4":0,"5":5,"6":5,"7":0,"8":0,"9":0,"10":0,"11":0,"12":0,"13":0,"14":0,"15":0,"16":0,"17":0,"18":0,"19":0,"20":0,"21":0,"22":0,"23":0,"24":0,"25":0,"26":0,"27":0,"28":2,"29":0,"30":2,"31":2,"32":2,"33":2,"34":2,"35":4,"36":3,"37":3,"38":3,"39":1,"40":1,"41":1,"42":1,"43":1,"44":2,"45":1,"46":2,"47":1},"f":{"0":7,"1":0,"2":5,"3":0,"4":0,"5":0,"6":2},"b":{"0":[0,5],"1":[0,0],"2":[0,0],"3":[0,0],"4":[0,0],"5":[0,0],"6":[0,0],"7":[0,0],"8":[0,2],"9":[5,4],"10":[3,1],"11":[1,0],"12":[1,1]},"_coverageSchema":"1a1c01bbd47fc00a2c39e90264f33305004495a9","hash":"b9acde459dcbf75ffc591f568c3dd7ce20da37c7"}
,"/Users/kikurage/workspace/note/workspaces/textarea-handling/src/core/Position.ts": {"path":"/Users/kikurage/workspace/note/workspaces/textarea-handling/src/core/Position.ts","statementMap":{"0":{"start":{"line":7,"column":8},"end":{"line":7,"column":48}},"1":{"start":{"line":11,"column":8},"end":{"line":11,"column":76}},"2":{"start":{"line":15,"column":8},"end":{"line":15,"column":59}},"3":{"start":{"line":16,"column":8},"end":{"line":16,"column":60}},"4":{"start":{"line":20,"column":8},"end":{"line":20,"column":60}},"5":{"start":{"line":24,"column":8},"end":{"line":24,"column":49}}},"fnMap":{"0":{"name":"(anonymous_0)","decl":{"start":{"line":6,"column":4},"end":{"line":6,"column":5}},"loc":{"start":{"line":6,"column":42},"end":{"line":8,"column":5}},"line":6},"1":{"name":"(anonymous_1)","decl":{"start":{"line":10,"column":4},"end":{"line":10,"column":5}},"loc":{"start":{"line":10,"column":28},"end":{"line":12,"column":5}},"line":10},"2":{"name":"(anonymous_2)","decl":{"start":{"line":14,"column":4},"end":{"line":14,"column":5}},"loc":{"start":{"line":14,"column":19},"end":{"line":17,"column":5}},"line":14},"3":{"name":"(anonymous_3)","decl":{"start":{"line":19,"column":4},"end":{"line":19,"column":5}},"loc":{"start":{"line":19,"column":19},"end":{"line":21,"column":5}},"line":19},"4":{"name":"(anonymous_4)","decl":{"start":{"line":23,"column":4},"end":{"line":23,"column":5}},"loc":{"start":{"line":23,"column":15},"end":{"line":25,"column":5}},"line":23}},"branchMap":{"0":{"loc":{"start":{"line":6,"column":30},"end":{"line":6,"column":40}},"type":"default-arg","locations":[{"start":{"line":6,"column":39},"end":{"line":6,"column":40}}],"line":6},"1":{"loc":{"start":{"line":11,"column":15},"end":{"line":11,"column":75}},"type":"binary-expr","locations":[{"start":{"line":11,"column":15},"end":{"line":11,"column":43}},{"start":{"line":11,"column":47},"end":{"line":11,"column":75}}],"line":11},"2":{"loc":{"start":{"line":14,"column":9},"end":{"line":14,"column":17}},"type":"default-arg","locations":[{"start":{"line":14,"column":16},"end":{"line":14,"column":17}}],"line":14},"3":{"loc":{"start":{"line":19,"column":9},"end":{"line":19,"column":17}},"type":"default-arg","locations":[{"start":{"line":19,"column":16},"end":{"line":19,"column":17}}],"line":19}},"s":{"0":338,"1":9,"2":5,"3":5,"4":25,"5":0},"f":{"0":338,"1":9,"2":5,"3":25,"4":0},"b":{"0":[42],"1":[9,8],"2":[5],"3":[25]},"_coverageSchema":"1a1c01bbd47fc00a2c39e90264f33305004495a9","hash":"aa2e3bfe51bc6c2a1f831127057d84c4bba71626"}
,"/Users/kikurage/workspace/note/workspaces/textarea-handling/src/core/createDoc.ts": {"path":"/Users/kikurage/workspace/note/workspaces/textarea-handling/src/core/createDoc.ts","statementMap":{"0":{"start":{"line":10,"column":17},"end":{"line":10,"column":31}},"1":{"start":{"line":11,"column":4},"end":{"line":11,"column":79}},"2":{"start":{"line":23,"column":8},"end":{"line":23,"column":49}},"3":{"start":{"line":27,"column":8},"end":{"line":27,"column":81}},"4":{"start":{"line":31,"column":25},"end":{"line":31,"column":62}},"5":{"start":{"line":32,"column":8},"end":{"line":32,"column":48}},"6":{"start":{"line":32,"column":36},"end":{"line":32,"column":48}},"7":{"start":{"line":33,"column":8},"end":{"line":33,"column":83}},"8":{"start":{"line":33,"column":71},"end":{"line":33,"column":83}},"9":{"start":{"line":35,"column":8},"end":{"line":35,"column":57}},"10":{"start":{"line":39,"column":8},"end":{"line":39,"column":95}},"11":{"start":{"line":43,"column":25},"end":{"line":43,"column":62}},"12":{"start":{"line":44,"column":8},"end":{"line":44,"column":43}},"13":{"start":{"line":44,"column":31},"end":{"line":44,"column":43}},"14":{"start":{"line":46,"column":23},"end":{"line":46,"column":48}},"15":{"start":{"line":47,"column":8},"end":{"line":47,"column":41}},"16":{"start":{"line":47,"column":29},"end":{"line":47,"column":41}},"17":{"start":{"line":49,"column":8},"end":{"line":49,"column":45}},"18":{"start":{"line":53,"column":8},"end":{"line":53,"column":115}},"19":{"start":{"line":57,"column":8},"end":{"line":57,"column":45}},"20":{"start":{"line":61,"column":25},"end":{"line":61,"column":53}},"21":{"start":{"line":62,"column":8},"end":{"line":62,"column":48}},"22":{"start":{"line":62,"column":36},"end":{"line":62,"column":48}},"23":{"start":{"line":64,"column":8},"end":{"line":64,"column":40}},"24":{"start":{"line":68,"column":8},"end":{"line":68,"column":108}},"25":{"start":{"line":72,"column":8},"end":{"line":72,"column":115}},"26":{"start":{"line":72,"column":69},"end":{"line":72,"column":92}},"27":{"start":{"line":76,"column":23},"end":{"line":76,"column":102}},"28":{"start":{"line":76,"column":82},"end":{"line":76,"column":101}},"29":{"start":{"line":77,"column":8},"end":{"line":77,"column":39}},"30":{"start":{"line":77,"column":27},"end":{"line":77,"column":39}},"31":{"start":{"line":78,"column":8},"end":{"line":78,"column":22}},"32":{"start":{"line":82,"column":8},"end":{"line":82,"column":108}},"33":{"start":{"line":86,"column":25},"end":{"line":86,"column":62}},"34":{"start":{"line":87,"column":8},"end":{"line":87,"column":43}},"35":{"start":{"line":87,"column":31},"end":{"line":87,"column":43}},"36":{"start":{"line":89,"column":23},"end":{"line":89,"column":48}},"37":{"start":{"line":90,"column":8},"end":{"line":90,"column":41}},"38":{"start":{"line":90,"column":29},"end":{"line":90,"column":41}},"39":{"start":{"line":92,"column":8},"end":{"line":92,"column":45}},"40":{"start":{"line":96,"column":8},"end":{"line":98,"column":10}},"41":{"start":{"line":102,"column":25},"end":{"line":102,"column":62}},"42":{"start":{"line":103,"column":8},"end":{"line":103,"column":43}},"43":{"start":{"line":103,"column":31},"end":{"line":103,"column":43}},"44":{"start":{"line":105,"column":23},"end":{"line":105,"column":48}},"45":{"start":{"line":106,"column":8},"end":{"line":106,"column":41}},"46":{"start":{"line":106,"column":29},"end":{"line":106,"column":41}},"47":{"start":{"line":108,"column":8},"end":{"line":108,"column":49}},"48":{"start":{"line":112,"column":8},"end":{"line":112,"column":119}},"49":{"start":{"line":116,"column":8},"end":{"line":116,"column":47}},"50":{"start":{"line":116,"column":35},"end":{"line":116,"column":47}},"51":{"start":{"line":118,"column":23},"end":{"line":118,"column":76}},"52":{"start":{"line":119,"column":8},"end":{"line":119,"column":41}},"53":{"start":{"line":119,"column":29},"end":{"line":119,"column":41}},"54":{"start":{"line":121,"column":8},"end":{"line":121,"column":38}},"55":{"start":{"line":125,"column":8},"end":{"line":128,"column":10}},"56":{"start":{"line":132,"column":25},"end":{"line":132,"column":55}},"57":{"start":{"line":133,"column":8},"end":{"line":133,"column":43}},"58":{"start":{"line":133,"column":31},"end":{"line":133,"column":43}},"59":{"start":{"line":134,"column":8},"end":{"line":134,"column":47}},"60":{"start":{"line":134,"column":35},"end":{"line":134,"column":47}},"61":{"start":{"line":136,"column":26},"end":{"line":136,"column":79}},"62":{"start":{"line":137,"column":8},"end":{"line":137,"column":44}},"63":{"start":{"line":137,"column":32},"end":{"line":137,"column":44}},"64":{"start":{"line":139,"column":8},"end":{"line":139,"column":41}},"65":{"start":{"line":143,"column":8},"end":{"line":146,"column":10}},"66":{"start":{"line":150,"column":23},"end":{"line":150,"column":76}},"67":{"start":{"line":151,"column":8},"end":{"line":151,"column":41}},"68":{"start":{"line":151,"column":29},"end":{"line":151,"column":41}},"69":{"start":{"line":153,"column":8},"end":{"line":153,"column":38}},"70":{"start":{"line":157,"column":8},"end":{"line":160,"column":10}},"71":{"start":{"line":164,"column":25},"end":{"line":164,"column":55}},"72":{"start":{"line":165,"column":8},"end":{"line":165,"column":43}},"73":{"start":{"line":165,"column":31},"end":{"line":165,"column":43}},"74":{"start":{"line":167,"column":26},"end":{"line":167,"column":79}},"75":{"start":{"line":168,"column":8},"end":{"line":168,"column":44}},"76":{"start":{"line":168,"column":32},"end":{"line":168,"column":44}},"77":{"start":{"line":170,"column":8},"end":{"line":170,"column":41}},"78":{"start":{"line":174,"column":8},"end":{"line":176,"column":10}},"79":{"start":{"line":180,"column":39},"end":{"line":180,"column":45}},"80":{"start":{"line":181,"column":8},"end":{"line":186,"column":9}},"81":{"start":{"line":182,"column":25},"end":{"line":182,"column":44}},"82":{"start":{"line":183,"column":12},"end":{"line":183,"column":45}},"83":{"start":{"line":183,"column":33},"end":{"line":183,"column":45}},"84":{"start":{"line":185,"column":12},"end":{"line":185,"column":65}},"85":{"start":{"line":187,"column":8},"end":{"line":187,"column":20}},"86":{"start":{"line":191,"column":28},"end":{"line":191,"column":53}},"87":{"start":{"line":192,"column":28},"end":{"line":192,"column":53}},"88":{"start":{"line":193,"column":25},"end":{"line":193,"column":47}},"89":{"start":{"line":195,"column":8},"end":{"line":195,"column":74}},"90":{"start":{"line":197,"column":8},"end":{"line":197,"column":74}},"91":{"start":{"line":201,"column":8},"end":{"line":201,"column":43}},"92":{"start":{"line":205,"column":8},"end":{"line":205,"column":75}},"93":{"start":{"line":209,"column":8},"end":{"line":209,"column":68}},"94":{"start":{"line":213,"column":8},"end":{"line":213,"column":59}},"95":{"start":{"line":217,"column":25},"end":{"line":217,"column":48}},"96":{"start":{"line":218,"column":8},"end":{"line":218,"column":73}},"97":{"start":{"line":222,"column":8},"end":{"line":222,"column":67}},"98":{"start":{"line":224,"column":28},"end":{"line":224,"column":53}},"99":{"start":{"line":225,"column":28},"end":{"line":225,"column":53}},"100":{"start":{"line":226,"column":25},"end":{"line":226,"column":47}},"101":{"start":{"line":228,"column":8},"end":{"line":228,"column":66}},"102":{"start":{"line":229,"column":25},"end":{"line":229,"column":49}},"103":{"start":{"line":230,"column":8},"end":{"line":234,"column":10}},"104":{"start":{"line":238,"column":8},"end":{"line":238,"column":86}},"105":{"start":{"line":242,"column":8},"end":{"line":242,"column":108}},"106":{"start":{"line":242,"column":39},"end":{"line":242,"column":108}},"107":{"start":{"line":244,"column":21},"end":{"line":244,"column":32}},"108":{"start":{"line":245,"column":30},"end":{"line":245,"column":47}},"109":{"start":{"line":247,"column":8},"end":{"line":251,"column":9}},"110":{"start":{"line":248,"column":12},"end":{"line":248,"column":95}},"111":{"start":{"line":248,"column":69},"end":{"line":248,"column":95}},"112":{"start":{"line":250,"column":12},"end":{"line":250,"column":86}},"113":{"start":{"line":254,"column":8},"end":{"line":268,"column":9}},"114":{"start":{"line":255,"column":24},"end":{"line":255,"column":66}},"115":{"start":{"line":256,"column":12},"end":{"line":267,"column":13}},"116":{"start":{"line":257,"column":16},"end":{"line":257,"column":42}},"117":{"start":{"line":258,"column":16},"end":{"line":258,"column":57}},"118":{"start":{"line":259,"column":19},"end":{"line":267,"column":13}},"119":{"start":{"line":260,"column":16},"end":{"line":260,"column":42}},"120":{"start":{"line":261,"column":16},"end":{"line":261,"column":22}},"121":{"start":{"line":263,"column":33},"end":{"line":263,"column":54}},"122":{"start":{"line":264,"column":16},"end":{"line":264,"column":49}},"123":{"start":{"line":264,"column":43},"end":{"line":264,"column":49}},"124":{"start":{"line":266,"column":16},"end":{"line":266,"column":40}},"125":{"start":{"line":270,"column":23},"end":{"line":270,"column":27}},"126":{"start":{"line":271,"column":8},"end":{"line":273,"column":9}},"127":{"start":{"line":272,"column":12},"end":{"line":272,"column":41}},"128":{"start":{"line":275,"column":24},"end":{"line":275,"column":49}},"129":{"start":{"line":276,"column":24},"end":{"line":276,"column":59}},"130":{"start":{"line":278,"column":8},"end":{"line":278,"column":72}},"131":{"start":{"line":282,"column":8},"end":{"line":285,"column":9}},"132":{"start":{"line":283,"column":29},"end":{"line":283,"column":54}},"133":{"start":{"line":284,"column":12},"end":{"line":284,"column":63}},"134":{"start":{"line":287,"column":8},"end":{"line":287,"column":68}},"135":{"start":{"line":291,"column":8},"end":{"line":291,"column":65}},"136":{"start":{"line":295,"column":8},"end":{"line":295,"column":92}},"137":{"start":{"line":299,"column":28},"end":{"line":299,"column":53}},"138":{"start":{"line":300,"column":28},"end":{"line":300,"column":53}},"139":{"start":{"line":301,"column":25},"end":{"line":301,"column":47}},"140":{"start":{"line":303,"column":8},"end":{"line":303,"column":96}},"141":{"start":{"line":305,"column":8},"end":{"line":305,"column":74}},"142":{"start":{"line":309,"column":28},"end":{"line":309,"column":53}},"143":{"start":{"line":310,"column":28},"end":{"line":310,"column":53}},"144":{"start":{"line":311,"column":25},"end":{"line":311,"column":47}},"145":{"start":{"line":313,"column":24},"end":{"line":313,"column":44}},"146":{"start":{"line":314,"column":8},"end":{"line":314,"column":42}},"147":{"start":{"line":314,"column":30},"end":{"line":314,"column":42}},"148":{"start":{"line":316,"column":8},"end":{"line":316,"column":114}},"149":{"start":{"line":318,"column":8},"end":{"line":318,"column":74}},"150":{"start":{"line":322,"column":8},"end":{"line":322,"column":63}},"151":{"start":{"line":326,"column":31},"end":{"line":326,"column":33}},"152":{"start":{"line":327,"column":39},"end":{"line":327,"column":45}},"153":{"start":{"line":328,"column":8},"end":{"line":331,"column":9}},"154":{"start":{"line":329,"column":12},"end":{"line":329,"column":36}},"155":{"start":{"line":330,"column":12},"end":{"line":330,"column":65}},"156":{"start":{"line":332,"column":8},"end":{"line":332,"column":81}},"157":{"start":{"line":333,"column":8},"end":{"line":333,"column":20}},"158":{"start":{"line":337,"column":8},"end":{"line":337,"column":83}},"159":{"start":{"line":337,"column":38},"end":{"line":337,"column":83}},"160":{"start":{"line":338,"column":8},"end":{"line":338,"column":83}},"161":{"start":{"line":338,"column":38},"end":{"line":338,"column":83}},"162":{"start":{"line":340,"column":22},"end":{"line":340,"column":51}},"163":{"start":{"line":341,"column":22},"end":{"line":341,"column":51}},"164":{"start":{"line":343,"column":27},"end":{"line":343,"column":63}},"165":{"start":{"line":345,"column":8},"end":{"line":345,"column":76}},"166":{"start":{"line":347,"column":8},"end":{"line":356,"column":9}},"167":{"start":{"line":347,"column":21},"end":{"line":347,"column":22}},"168":{"start":{"line":348,"column":24},"end":{"line":348,"column":32}},"169":{"start":{"line":349,"column":24},"end":{"line":349,"column":32}},"170":{"start":{"line":350,"column":12},"end":{"line":350,"column":38}},"171":{"start":{"line":350,"column":29},"end":{"line":350,"column":38}},"172":{"start":{"line":352,"column":28},"end":{"line":352,"column":44}},"173":{"start":{"line":353,"column":28},"end":{"line":353,"column":44}},"174":{"start":{"line":355,"column":12},"end":{"line":355,"column":46}},"175":{"start":{"line":358,"column":8},"end":{"line":361,"column":9}},"176":{"start":{"line":359,"column":28},"end":{"line":359,"column":58}},"177":{"start":{"line":360,"column":12},"end":{"line":360,"column":51}},"178":{"start":{"line":363,"column":8},"end":{"line":366,"column":9}},"179":{"start":{"line":364,"column":28},"end":{"line":364,"column":58}},"180":{"start":{"line":365,"column":12},"end":{"line":365,"column":51}},"181":{"start":{"line":368,"column":8},"end":{"line":368,"column":82}},"182":{"start":{"line":379,"column":4},"end":{"line":379,"column":67}},"183":{"start":{"line":381,"column":22},"end":{"line":381,"column":46}},"184":{"start":{"line":382,"column":4},"end":{"line":385,"column":5}},"185":{"start":{"line":383,"column":8},"end":{"line":383,"column":101}},"186":{"start":{"line":383,"column":78},"end":{"line":383,"column":92}},"187":{"start":{"line":384,"column":8},"end":{"line":384,"column":36}},"188":{"start":{"line":387,"column":21},"end":{"line":387,"column":69}},"189":{"start":{"line":388,"column":4},"end":{"line":388,"column":49}},"190":{"start":{"line":390,"column":4},"end":{"line":390,"column":47}},"191":{"start":{"line":391,"column":4},"end":{"line":391,"column":46}},"192":{"start":{"line":392,"column":4},"end":{"line":392,"column":32}},"193":{"start":{"line":401,"column":4},"end":{"line":403,"column":5}},"194":{"start":{"line":402,"column":8},"end":{"line":402,"column":67}},"195":{"start":{"line":405,"column":4},"end":{"line":405,"column":28}},"196":{"start":{"line":406,"column":4},"end":{"line":406,"column":31}},"197":{"start":{"line":408,"column":21},"end":{"line":408,"column":52}},"198":{"start":{"line":409,"column":4},"end":{"line":409,"column":34}},"199":{"start":{"line":409,"column":27},"end":{"line":409,"column":34}},"200":{"start":{"line":411,"column":21},"end":{"line":411,"column":52}},"201":{"start":{"line":413,"column":19},"end":{"line":413,"column":43}},"202":{"start":{"line":414,"column":4},"end":{"line":414,"column":63}},"203":{"start":{"line":416,"column":4},"end":{"line":422,"column":5}},"204":{"start":{"line":417,"column":8},"end":{"line":417,"column":37}},"205":{"start":{"line":419,"column":28},"end":{"line":419,"column":44}},"206":{"start":{"line":420,"column":8},"end":{"line":420,"column":38}},"207":{"start":{"line":421,"column":8},"end":{"line":421,"column":47}},"208":{"start":{"line":423,"column":4},"end":{"line":423,"column":31}},"209":{"start":{"line":435,"column":27},"end":{"line":435,"column":98}},"210":{"start":{"line":436,"column":4},"end":{"line":439,"column":5}},"211":{"start":{"line":437,"column":8},"end":{"line":437,"column":99}},"212":{"start":{"line":438,"column":8},"end":{"line":438,"column":39}},"213":{"start":{"line":440,"column":4},"end":{"line":442,"column":5}},"214":{"start":{"line":441,"column":8},"end":{"line":441,"column":73}},"215":{"start":{"line":445,"column":15},"end":{"line":445,"column":33}}},"fnMap":{"0":{"name":"createDoc","decl":{"start":{"line":9,"column":16},"end":{"line":9,"column":25}},"loc":{"start":{"line":9,"column":33},"end":{"line":12,"column":1}},"line":9},"1":{"name":"(anonymous_1)","decl":{"start":{"line":15,"column":4},"end":{"line":15,"column":5}},"loc":{"start":{"line":20,"column":6},"end":{"line":20,"column":8}},"line":20},"2":{"name":"(anonymous_2)","decl":{"start":{"line":22,"column":4},"end":{"line":22,"column":5}},"loc":{"start":{"line":22,"column":43},"end":{"line":24,"column":5}},"line":22},"3":{"name":"(anonymous_3)","decl":{"start":{"line":26,"column":4},"end":{"line":26,"column":5}},"loc":{"start":{"line":26,"column":30},"end":{"line":28,"column":5}},"line":26},"4":{"name":"(anonymous_4)","decl":{"start":{"line":30,"column":4},"end":{"line":30,"column":5}},"loc":{"start":{"line":30,"column":57},"end":{"line":36,"column":5}},"line":30},"5":{"name":"(anonymous_5)","decl":{"start":{"line":38,"column":4},"end":{"line":38,"column":5}},"loc":{"start":{"line":38,"column":44},"end":{"line":40,"column":5}},"line":38},"6":{"name":"(anonymous_6)","decl":{"start":{"line":42,"column":4},"end":{"line":42,"column":5}},"loc":{"start":{"line":42,"column":55},"end":{"line":50,"column":5}},"line":42},"7":{"name":"(anonymous_7)","decl":{"start":{"line":52,"column":4},"end":{"line":52,"column":5}},"loc":{"start":{"line":52,"column":42},"end":{"line":54,"column":5}},"line":52},"8":{"name":"(anonymous_8)","decl":{"start":{"line":56,"column":4},"end":{"line":56,"column":5}},"loc":{"start":{"line":56,"column":35},"end":{"line":58,"column":5}},"line":56},"9":{"name":"(anonymous_9)","decl":{"start":{"line":60,"column":4},"end":{"line":60,"column":5}},"loc":{"start":{"line":60,"column":46},"end":{"line":65,"column":5}},"line":60},"10":{"name":"(anonymous_10)","decl":{"start":{"line":67,"column":4},"end":{"line":67,"column":5}},"loc":{"start":{"line":67,"column":33},"end":{"line":69,"column":5}},"line":67},"11":{"name":"(anonymous_11)","decl":{"start":{"line":71,"column":4},"end":{"line":71,"column":5}},"loc":{"start":{"line":71,"column":46},"end":{"line":73,"column":5}},"line":71},"12":{"name":"(anonymous_12)","decl":{"start":{"line":72,"column":56},"end":{"line":72,"column":57}},"loc":{"start":{"line":72,"column":69},"end":{"line":72,"column":92}},"line":72},"13":{"name":"(anonymous_13)","decl":{"start":{"line":75,"column":4},"end":{"line":75,"column":5}},"loc":{"start":{"line":75,"column":48},"end":{"line":79,"column":5}},"line":75},"14":{"name":"(anonymous_14)","decl":{"start":{"line":76,"column":71},"end":{"line":76,"column":72}},"loc":{"start":{"line":76,"column":82},"end":{"line":76,"column":101}},"line":76},"15":{"name":"(anonymous_15)","decl":{"start":{"line":81,"column":4},"end":{"line":81,"column":5}},"loc":{"start":{"line":81,"column":35},"end":{"line":83,"column":5}},"line":81},"16":{"name":"(anonymous_16)","decl":{"start":{"line":85,"column":4},"end":{"line":85,"column":5}},"loc":{"start":{"line":85,"column":57},"end":{"line":93,"column":5}},"line":85},"17":{"name":"(anonymous_17)","decl":{"start":{"line":95,"column":4},"end":{"line":95,"column":5}},"loc":{"start":{"line":95,"column":44},"end":{"line":99,"column":5}},"line":95},"18":{"name":"(anonymous_18)","decl":{"start":{"line":101,"column":4},"end":{"line":101,"column":5}},"loc":{"start":{"line":101,"column":55},"end":{"line":109,"column":5}},"line":101},"19":{"name":"(anonymous_19)","decl":{"start":{"line":111,"column":4},"end":{"line":111,"column":5}},"loc":{"start":{"line":111,"column":42},"end":{"line":113,"column":5}},"line":111},"20":{"name":"(anonymous_20)","decl":{"start":{"line":115,"column":4},"end":{"line":115,"column":5}},"loc":{"start":{"line":115,"column":47},"end":{"line":122,"column":5}},"line":115},"21":{"name":"(anonymous_21)","decl":{"start":{"line":124,"column":4},"end":{"line":124,"column":5}},"loc":{"start":{"line":124,"column":41},"end":{"line":129,"column":5}},"line":124},"22":{"name":"(anonymous_22)","decl":{"start":{"line":131,"column":4},"end":{"line":131,"column":5}},"loc":{"start":{"line":131,"column":55},"end":{"line":140,"column":5}},"line":131},"23":{"name":"(anonymous_23)","decl":{"start":{"line":142,"column":4},"end":{"line":142,"column":5}},"loc":{"start":{"line":142,"column":42},"end":{"line":147,"column":5}},"line":142},"24":{"name":"(anonymous_24)","decl":{"start":{"line":149,"column":4},"end":{"line":149,"column":5}},"loc":{"start":{"line":149,"column":60},"end":{"line":154,"column":5}},"line":149},"25":{"name":"(anonymous_25)","decl":{"start":{"line":156,"column":4},"end":{"line":156,"column":5}},"loc":{"start":{"line":156,"column":47},"end":{"line":161,"column":5}},"line":156},"26":{"name":"(anonymous_26)","decl":{"start":{"line":163,"column":4},"end":{"line":163,"column":5}},"loc":{"start":{"line":163,"column":55},"end":{"line":171,"column":5}},"line":163},"27":{"name":"(anonymous_27)","decl":{"start":{"line":173,"column":4},"end":{"line":173,"column":5}},"loc":{"start":{"line":173,"column":42},"end":{"line":177,"column":5}},"line":173},"28":{"name":"(anonymous_28)","decl":{"start":{"line":179,"column":4},"end":{"line":179,"column":5}},"loc":{"start":{"line":179,"column":82},"end":{"line":188,"column":5}},"line":179},"29":{"name":"(anonymous_29)","decl":{"start":{"line":190,"column":4},"end":{"line":190,"column":5}},"loc":{"start":{"line":190,"column":48},"end":{"line":198,"column":5}},"line":190},"30":{"name":"(anonymous_30)","decl":{"start":{"line":200,"column":4},"end":{"line":200,"column":5}},"loc":{"start":{"line":200,"column":58},"end":{"line":202,"column":5}},"line":200},"31":{"name":"(anonymous_31)","decl":{"start":{"line":204,"column":4},"end":{"line":204,"column":5}},"loc":{"start":{"line":204,"column":58},"end":{"line":206,"column":5}},"line":204},"32":{"name":"(anonymous_32)","decl":{"start":{"line":208,"column":4},"end":{"line":208,"column":5}},"loc":{"start":{"line":208,"column":59},"end":{"line":210,"column":5}},"line":208},"33":{"name":"(anonymous_33)","decl":{"start":{"line":212,"column":4},"end":{"line":212,"column":5}},"loc":{"start":{"line":212,"column":51},"end":{"line":214,"column":5}},"line":212},"34":{"name":"(anonymous_34)","decl":{"start":{"line":216,"column":4},"end":{"line":216,"column":5}},"loc":{"start":{"line":216,"column":50},"end":{"line":219,"column":5}},"line":216},"35":{"name":"(anonymous_35)","decl":{"start":{"line":221,"column":4},"end":{"line":221,"column":5}},"loc":{"start":{"line":221,"column":41},"end":{"line":235,"column":5}},"line":221},"36":{"name":"(anonymous_36)","decl":{"start":{"line":237,"column":4},"end":{"line":237,"column":5}},"loc":{"start":{"line":237,"column":60},"end":{"line":239,"column":5}},"line":237},"37":{"name":"(anonymous_37)","decl":{"start":{"line":241,"column":4},"end":{"line":241,"column":5}},"loc":{"start":{"line":241,"column":62},"end":{"line":279,"column":5}},"line":241},"38":{"name":"(anonymous_38)","decl":{"start":{"line":281,"column":4},"end":{"line":281,"column":5}},"loc":{"start":{"line":281,"column":80},"end":{"line":288,"column":5}},"line":281},"39":{"name":"(anonymous_39)","decl":{"start":{"line":290,"column":4},"end":{"line":290,"column":5}},"loc":{"start":{"line":290,"column":52},"end":{"line":292,"column":5}},"line":290},"40":{"name":"(anonymous_40)","decl":{"start":{"line":294,"column":4},"end":{"line":294,"column":5}},"loc":{"start":{"line":294,"column":50},"end":{"line":296,"column":5}},"line":294},"41":{"name":"(anonymous_41)","decl":{"start":{"line":298,"column":4},"end":{"line":298,"column":5}},"loc":{"start":{"line":298,"column":95},"end":{"line":306,"column":5}},"line":298},"42":{"name":"(anonymous_42)","decl":{"start":{"line":308,"column":4},"end":{"line":308,"column":5}},"loc":{"start":{"line":308,"column":45},"end":{"line":319,"column":5}},"line":308},"43":{"name":"(anonymous_43)","decl":{"start":{"line":321,"column":4},"end":{"line":321,"column":5}},"loc":{"start":{"line":321,"column":63},"end":{"line":323,"column":5}},"line":321},"44":{"name":"(anonymous_44)","decl":{"start":{"line":325,"column":4},"end":{"line":325,"column":5}},"loc":{"start":{"line":325,"column":42},"end":{"line":334,"column":5}},"line":325},"45":{"name":"(anonymous_45)","decl":{"start":{"line":336,"column":4},"end":{"line":336,"column":5}},"loc":{"start":{"line":336,"column":74},"end":{"line":369,"column":5}},"line":336},"46":{"name":"insertInPlace","decl":{"start":{"line":372,"column":9},"end":{"line":372,"column":22}},"loc":{"start":{"line":378,"column":2},"end":{"line":393,"column":1}},"line":378},"47":{"name":"(anonymous_47)","decl":{"start":{"line":383,"column":70},"end":{"line":383,"column":71}},"loc":{"start":{"line":383,"column":78},"end":{"line":383,"column":92}},"line":383},"48":{"name":"deleteInPlace","decl":{"start":{"line":395,"column":9},"end":{"line":395,"column":22}},"loc":{"start":{"line":400,"column":2},"end":{"line":424,"column":1}},"line":400},"49":{"name":"spliceInPlace","decl":{"start":{"line":426,"column":9},"end":{"line":426,"column":22}},"loc":{"start":{"line":434,"column":2},"end":{"line":443,"column":1}},"line":434}},"branchMap":{"0":{"loc":{"start":{"line":16,"column":25},"end":{"line":16,"column":88}},"type":"default-arg","locations":[{"start":{"line":16,"column":79},"end":{"line":16,"column":88}}],"line":16},"1":{"loc":{"start":{"line":17,"column":25},"end":{"line":17,"column":77}},"type":"default-arg","locations":[{"start":{"line":17,"column":68},"end":{"line":17,"column":77}}],"line":17},"2":{"loc":{"start":{"line":18,"column":25},"end":{"line":18,"column":72}},"type":"default-arg","locations":[{"start":{"line":18,"column":63},"end":{"line":18,"column":72}}],"line":18},"3":{"loc":{"start":{"line":23,"column":15},"end":{"line":23,"column":48}},"type":"binary-expr","locations":[{"start":{"line":23,"column":15},"end":{"line":23,"column":40}},{"start":{"line":23,"column":44},"end":{"line":23,"column":48}}],"line":23},"4":{"loc":{"start":{"line":27,"column":15},"end":{"line":27,"column":80}},"type":"binary-expr","locations":[{"start":{"line":27,"column":15},"end":{"line":27,"column":37}},{"start":{"line":27,"column":41},"end":{"line":27,"column":80}}],"line":27},"5":{"loc":{"start":{"line":32,"column":8},"end":{"line":32,"column":48}},"type":"if","locations":[{"start":{"line":32,"column":8},"end":{"line":32,"column":48}},{"start":{},"end":{}}],"line":32},"6":{"loc":{"start":{"line":33,"column":8},"end":{"line":33,"column":83}},"type":"if","locations":[{"start":{"line":33,"column":8},"end":{"line":33,"column":83}},{"start":{},"end":{}}],"line":33},"7":{"loc":{"start":{"line":33,"column":12},"end":{"line":33,"column":69}},"type":"binary-expr","locations":[{"start":{"line":33,"column":12},"end":{"line":33,"column":31}},{"start":{"line":33,"column":35},"end":{"line":33,"column":69}}],"line":33},"8":{"loc":{"start":{"line":39,"column":15},"end":{"line":39,"column":94}},"type":"binary-expr","locations":[{"start":{"line":39,"column":15},"end":{"line":39,"column":49}},{"start":{"line":39,"column":53},"end":{"line":39,"column":94}}],"line":39},"9":{"loc":{"start":{"line":43,"column":25},"end":{"line":43,"column":62}},"type":"binary-expr","locations":[{"start":{"line":43,"column":25},"end":{"line":43,"column":54}},{"start":{"line":43,"column":58},"end":{"line":43,"column":62}}],"line":43},"10":{"loc":{"start":{"line":44,"column":8},"end":{"line":44,"column":43}},"type":"if","locations":[{"start":{"line":44,"column":8},"end":{"line":44,"column":43}},{"start":{},"end":{}}],"line":44},"11":{"loc":{"start":{"line":47,"column":8},"end":{"line":47,"column":41}},"type":"if","locations":[{"start":{"line":47,"column":8},"end":{"line":47,"column":41}},{"start":{},"end":{}}],"line":47},"12":{"loc":{"start":{"line":53,"column":15},"end":{"line":53,"column":114}},"type":"binary-expr","locations":[{"start":{"line":53,"column":15},"end":{"line":53,"column":45}},{"start":{"line":53,"column":49},"end":{"line":53,"column":114}}],"line":53},"13":{"loc":{"start":{"line":62,"column":8},"end":{"line":62,"column":48}},"type":"if","locations":[{"start":{"line":62,"column":8},"end":{"line":62,"column":48}},{"start":{},"end":{}}],"line":62},"14":{"loc":{"start":{"line":68,"column":15},"end":{"line":68,"column":107}},"type":"binary-expr","locations":[{"start":{"line":68,"column":15},"end":{"line":68,"column":40}},{"start":{"line":68,"column":44},"end":{"line":68,"column":107}}],"line":68},"15":{"loc":{"start":{"line":72,"column":16},"end":{"line":72,"column":50}},"type":"binary-expr","locations":[{"start":{"line":72,"column":16},"end":{"line":72,"column":44}},{"start":{"line":72,"column":48},"end":{"line":72,"column":50}}],"line":72},"16":{"loc":{"start":{"line":77,"column":8},"end":{"line":77,"column":39}},"type":"if","locations":[{"start":{"line":77,"column":8},"end":{"line":77,"column":39}},{"start":{},"end":{}}],"line":77},"17":{"loc":{"start":{"line":82,"column":15},"end":{"line":82,"column":107}},"type":"binary-expr","locations":[{"start":{"line":82,"column":15},"end":{"line":82,"column":40}},{"start":{"line":82,"column":44},"end":{"line":82,"column":107}}],"line":82},"18":{"loc":{"start":{"line":86,"column":25},"end":{"line":86,"column":62}},"type":"binary-expr","locations":[{"start":{"line":86,"column":25},"end":{"line":86,"column":54}},{"start":{"line":86,"column":58},"end":{"line":86,"column":62}}],"line":86},"19":{"loc":{"start":{"line":87,"column":8},"end":{"line":87,"column":43}},"type":"if","locations":[{"start":{"line":87,"column":8},"end":{"line":87,"column":43}},{"start":{},"end":{}}],"line":87},"20":{"loc":{"start":{"line":90,"column":8},"end":{"line":90,"column":41}},"type":"if","locations":[{"start":{"line":90,"column":8},"end":{"line":90,"column":41}},{"start":{},"end":{}}],"line":90},"21":{"loc":{"start":{"line":97,"column":12},"end":{"line":97,"column":119}},"type":"binary-expr","locations":[{"start":{"line":97,"column":12},"end":{"line":97,"column":44}},{"start":{"line":97,"column":48},"end":{"line":97,"column":119}}],"line":97},"22":{"loc":{"start":{"line":102,"column":25},"end":{"line":102,"column":62}},"type":"binary-expr","locations":[{"start":{"line":102,"column":25},"end":{"line":102,"column":54}},{"start":{"line":102,"column":58},"end":{"line":102,"column":62}}],"line":102},"23":{"loc":{"start":{"line":103,"column":8},"end":{"line":103,"column":43}},"type":"if","locations":[{"start":{"line":103,"column":8},"end":{"line":103,"column":43}},{"start":{},"end":{}}],"line":103},"24":{"loc":{"start":{"line":106,"column":8},"end":{"line":106,"column":41}},"type":"if","locations":[{"start":{"line":106,"column":8},"end":{"line":106,"column":41}},{"start":{},"end":{}}],"line":106},"25":{"loc":{"start":{"line":112,"column":15},"end":{"line":112,"column":118}},"type":"binary-expr","locations":[{"start":{"line":112,"column":15},"end":{"line":112,"column":45}},{"start":{"line":112,"column":49},"end":{"line":112,"column":118}}],"line":112},"26":{"loc":{"start":{"line":116,"column":8},"end":{"line":116,"column":47}},"type":"if","locations":[{"start":{"line":116,"column":8},"end":{"line":116,"column":47}},{"start":{},"end":{}}],"line":116},"27":{"loc":{"start":{"line":118,"column":23},"end":{"line":118,"column":76}},"type":"binary-expr","locations":[{"start":{"line":118,"column":23},"end":{"line":118,"column":68}},{"start":{"line":118,"column":72},"end":{"line":118,"column":76}}],"line":118},"28":{"loc":{"start":{"line":119,"column":8},"end":{"line":119,"column":41}},"type":"if","locations":[{"start":{"line":119,"column":8},"end":{"line":119,"column":41}},{"start":{},"end":{}}],"line":119},"29":{"loc":{"start":{"line":126,"column":12},"end":{"line":127,"column":88}},"type":"binary-expr","locations":[{"start":{"line":126,"column":12},"end":{"line":126,"column":49}},{"start":{"line":127,"column":12},"end":{"line":127,"column":88}}],"line":126},"30":{"loc":{"start":{"line":133,"column":8},"end":{"line":133,"column":43}},"type":"if","locations":[{"start":{"line":133,"column":8},"end":{"line":133,"column":43}},{"start":{},"end":{}}],"line":133},"31":{"loc":{"start":{"line":134,"column":8},"end":{"line":134,"column":47}},"type":"if","locations":[{"start":{"line":134,"column":8},"end":{"line":134,"column":47}},{"start":{},"end":{}}],"line":134},"32":{"loc":{"start":{"line":136,"column":26},"end":{"line":136,"column":79}},"type":"binary-expr","locations":[{"start":{"line":136,"column":26},"end":{"line":136,"column":71}},{"start":{"line":136,"column":75},"end":{"line":136,"column":79}}],"line":136},"33":{"loc":{"start":{"line":137,"column":8},"end":{"line":137,"column":44}},"type":"if","locations":[{"start":{"line":137,"column":8},"end":{"line":137,"column":44}},{"start":{},"end":{}}],"line":137},"34":{"loc":{"start":{"line":144,"column":12},"end":{"line":145,"column":85}},"type":"binary-expr","locations":[{"start":{"line":144,"column":12},"end":{"line":144,"column":46}},{"start":{"line":145,"column":12},"end":{"line":145,"column":85}}],"line":144},"35":{"loc":{"start":{"line":150,"column":23},"end":{"line":150,"column":76}},"type":"binary-expr","locations":[{"start":{"line":150,"column":23},"end":{"line":150,"column":68}},{"start":{"line":150,"column":72},"end":{"line":150,"column":76}}],"line":150},"36":{"loc":{"start":{"line":151,"column":8},"end":{"line":151,"column":41}},"type":"if","locations":[{"start":{"line":151,"column":8},"end":{"line":151,"column":41}},{"start":{},"end":{}}],"line":151},"37":{"loc":{"start":{"line":158,"column":12},"end":{"line":159,"column":84}},"type":"binary-expr","locations":[{"start":{"line":158,"column":12},"end":{"line":158,"column":49}},{"start":{"line":159,"column":12},"end":{"line":159,"column":84}}],"line":158},"38":{"loc":{"start":{"line":165,"column":8},"end":{"line":165,"column":43}},"type":"if","locations":[{"start":{"line":165,"column":8},"end":{"line":165,"column":43}},{"start":{},"end":{}}],"line":165},"39":{"loc":{"start":{"line":167,"column":26},"end":{"line":167,"column":79}},"type":"binary-expr","locations":[{"start":{"line":167,"column":26},"end":{"line":167,"column":71}},{"start":{"line":167,"column":75},"end":{"line":167,"column":79}}],"line":167},"40":{"loc":{"start":{"line":168,"column":8},"end":{"line":168,"column":44}},"type":"if","locations":[{"start":{"line":168,"column":8},"end":{"line":168,"column":44}},{"start":{},"end":{}}],"line":168},"41":{"loc":{"start":{"line":175,"column":12},"end":{"line":175,"column":119}},"type":"binary-expr","locations":[{"start":{"line":175,"column":12},"end":{"line":175,"column":46}},{"start":{"line":175,"column":50},"end":{"line":175,"column":119}}],"line":175},"42":{"loc":{"start":{"line":183,"column":12},"end":{"line":183,"column":45}},"type":"if","locations":[{"start":{"line":183,"column":12},"end":{"line":183,"column":45}},{"start":{},"end":{}}],"line":183},"43":{"loc":{"start":{"line":185,"column":24},"end":{"line":185,"column":64}},"type":"binary-expr","locations":[{"start":{"line":185,"column":24},"end":{"line":185,"column":56}},{"start":{"line":185,"column":60},"end":{"line":185,"column":64}}],"line":185},"44":{"loc":{"start":{"line":242,"column":8},"end":{"line":242,"column":108}},"type":"if","locations":[{"start":{"line":242,"column":8},"end":{"line":242,"column":108}},{"start":{},"end":{}}],"line":242},"45":{"loc":{"start":{"line":248,"column":12},"end":{"line":248,"column":95}},"type":"if","locations":[{"start":{"line":248,"column":12},"end":{"line":248,"column":95}},{"start":{},"end":{}}],"line":248},"46":{"loc":{"start":{"line":250,"column":21},"end":{"line":250,"column":85}},"type":"binary-expr","locations":[{"start":{"line":250,"column":21},"end":{"line":250,"column":59}},{"start":{"line":250,"column":63},"end":{"line":250,"column":85}}],"line":250},"47":{"loc":{"start":{"line":256,"column":12},"end":{"line":267,"column":13}},"type":"if","locations":[{"start":{"line":256,"column":12},"end":{"line":267,"column":13}},{"start":{"line":259,"column":19},"end":{"line":267,"column":13}}],"line":256},"48":{"loc":{"start":{"line":259,"column":19},"end":{"line":267,"column":13}},"type":"if","locations":[{"start":{"line":259,"column":19},"end":{"line":267,"column":13}},{"start":{"line":262,"column":19},"end":{"line":267,"column":13}}],"line":259},"49":{"loc":{"start":{"line":264,"column":16},"end":{"line":264,"column":49}},"type":"if","locations":[{"start":{"line":264,"column":16},"end":{"line":264,"column":49}},{"start":{},"end":{}}],"line":264},"50":{"loc":{"start":{"line":282,"column":8},"end":{"line":285,"column":9}},"type":"if","locations":[{"start":{"line":282,"column":8},"end":{"line":285,"column":9}},{"start":{},"end":{}}],"line":282},"51":{"loc":{"start":{"line":314,"column":8},"end":{"line":314,"column":42}},"type":"if","locations":[{"start":{"line":314,"column":8},"end":{"line":314,"column":42}},{"start":{},"end":{}}],"line":314},"52":{"loc":{"start":{"line":330,"column":24},"end":{"line":330,"column":64}},"type":"binary-expr","locations":[{"start":{"line":330,"column":24},"end":{"line":330,"column":56}},{"start":{"line":330,"column":60},"end":{"line":330,"column":64}}],"line":330},"53":{"loc":{"start":{"line":337,"column":8},"end":{"line":337,"column":83}},"type":"if","locations":[{"start":{"line":337,"column":8},"end":{"line":337,"column":83}},{"start":{},"end":{}}],"line":337},"54":{"loc":{"start":{"line":338,"column":8},"end":{"line":338,"column":83}},"type":"if","locations":[{"start":{"line":338,"column":8},"end":{"line":338,"column":83}},{"start":{},"end":{}}],"line":338},"55":{"loc":{"start":{"line":350,"column":12},"end":{"line":350,"column":38}},"type":"if","locations":[{"start":{"line":350,"column":12},"end":{"line":350,"column":38}},{"start":{},"end":{}}],"line":350},"56":{"loc":{"start":{"line":355,"column":19},"end":{"line":355,"column":45}},"type":"cond-expr","locations":[{"start":{"line":355,"column":39},"end":{"line":355,"column":41}},{"start":{"line":355,"column":44},"end":{"line":355,"column":45}}],"line":355},"57":{"loc":{"start":{"line":358,"column":8},"end":{"line":361,"column":9}},"type":"if","locations":[{"start":{"line":358,"column":8},"end":{"line":361,"column":9}},{"start":{},"end":{}}],"line":358},"58":{"loc":{"start":{"line":360,"column":19},"end":{"line":360,"column":50}},"type":"cond-expr","locations":[{"start":{"line":360,"column":44},"end":{"line":360,"column":46}},{"start":{"line":360,"column":49},"end":{"line":360,"column":50}}],"line":360},"59":{"loc":{"start":{"line":363,"column":8},"end":{"line":366,"column":9}},"type":"if","locations":[{"start":{"line":363,"column":8},"end":{"line":366,"column":9}},{"start":{},"end":{}}],"line":363},"60":{"loc":{"start":{"line":365,"column":19},"end":{"line":365,"column":50}},"type":"cond-expr","locations":[{"start":{"line":365,"column":44},"end":{"line":365,"column":45}},{"start":{"line":365,"column":48},"end":{"line":365,"column":50}}],"line":365},"61":{"loc":{"start":{"line":368,"column":15},"end":{"line":368,"column":81}},"type":"cond-expr","locations":[{"start":{"line":368,"column":43},"end":{"line":368,"column":45}},{"start":{"line":368,"column":48},"end":{"line":368,"column":81}}],"line":368},"62":{"loc":{"start":{"line":368,"column":48},"end":{"line":368,"column":81}},"type":"cond-expr","locations":[{"start":{"line":368,"column":76},"end":{"line":368,"column":77}},{"start":{"line":368,"column":80},"end":{"line":368,"column":81}}],"line":368},"63":{"loc":{"start":{"line":382,"column":4},"end":{"line":385,"column":5}},"type":"if","locations":[{"start":{"line":382,"column":4},"end":{"line":385,"column":5}},{"start":{},"end":{}}],"line":382},"64":{"loc":{"start":{"line":383,"column":35},"end":{"line":383,"column":99}},"type":"binary-expr","locations":[{"start":{"line":383,"column":35},"end":{"line":383,"column":93}},{"start":{"line":383,"column":97},"end":{"line":383,"column":99}}],"line":383},"65":{"loc":{"start":{"line":387,"column":22},"end":{"line":387,"column":60}},"type":"binary-expr","locations":[{"start":{"line":387,"column":22},"end":{"line":387,"column":54}},{"start":{"line":387,"column":58},"end":{"line":387,"column":60}}],"line":387},"66":{"loc":{"start":{"line":401,"column":26},"end":{"line":401,"column":55}},"type":"binary-expr","locations":[{"start":{"line":401,"column":26},"end":{"line":401,"column":49}},{"start":{"line":401,"column":53},"end":{"line":401,"column":55}}],"line":401},"67":{"loc":{"start":{"line":408,"column":21},"end":{"line":408,"column":52}},"type":"binary-expr","locations":[{"start":{"line":408,"column":21},"end":{"line":408,"column":44}},{"start":{"line":408,"column":48},"end":{"line":408,"column":52}}],"line":408},"68":{"loc":{"start":{"line":409,"column":4},"end":{"line":409,"column":34}},"type":"if","locations":[{"start":{"line":409,"column":4},"end":{"line":409,"column":34}},{"start":{},"end":{}}],"line":409},"69":{"loc":{"start":{"line":411,"column":21},"end":{"line":411,"column":52}},"type":"binary-expr","locations":[{"start":{"line":411,"column":21},"end":{"line":411,"column":46}},{"start":{"line":411,"column":50},"end":{"line":411,"column":52}}],"line":411},"70":{"loc":{"start":{"line":416,"column":4},"end":{"line":422,"column":5}},"type":"if","locations":[{"start":{"line":416,"column":4},"end":{"line":422,"column":5}},{"start":{"line":418,"column":11},"end":{"line":422,"column":5}}],"line":416}},"s":{"0":82,"1":82,"2":620,"3":72,"4":38,"5":38,"6":8,"7":30,"8":7,"9":23,"10":0,"11":43,"12":43,"13":9,"14":34,"15":34,"16":0,"17":34,"18":22,"19":3,"20":268,"21":268,"22":66,"23":202,"24":93,"25":236,"26":287,"27":76,"28":108,"29":76,"30":0,"31":76,"32":34,"33":2,"34":2,"35":0,"36":2,"37":2,"38":0,"39":2,"40":2,"41":6,"42":6,"43":0,"44":6,"45":6,"46":0,"47":6,"48":6,"49":11,"50":7,"51":4,"52":4,"53":0,"54":4,"55":0,"56":4,"57":4,"58":2,"59":2,"60":1,"61":1,"62":1,"63":0,"64":1,"65":0,"66":5,"67":5,"68":4,"69":1,"70":0,"71":17,"72":17,"73":2,"74":15,"75":15,"76":2,"77":13,"78":4,"79":3,"80":3,"81":4,"82":3,"83":2,"84":1,"85":0,"86":144,"87":144,"88":144,"89":144,"90":141,"91":4,"92":7,"93":3,"94":5,"95":104,"96":104,"97":13,"98":12,"99":12,"100":12,"101":12,"102":12,"103":11,"104":0,"105":2,"106":1,"107":1,"108":1,"109":1,"110":2,"111":0,"112":2,"113":1,"114":2,"115":2,"116":0,"117":0,"118":2,"119":0,"120":0,"121":2,"122":2,"123":1,"124":1,"125":1,"126":1,"127":0,"128":1,"129":1,"130":1,"131":3,"132":0,"133":0,"134":3,"135":1,"136":1,"137":8,"138":8,"139":8,"140":8,"141":7,"142":12,"143":12,"144":12,"145":12,"146":12,"147":0,"148":12,"149":11,"150":3,"151":54,"152":54,"153":54,"154":120,"155":120,"156":54,"157":52,"158":48,"159":11,"160":37,"161":14,"162":23,"163":22,"164":22,"165":22,"166":22,"167":22,"168":19,"169":19,"170":19,"171":13,"172":6,"173":6,"174":6,"175":16,"176":8,"177":8,"178":8,"179":3,"180":3,"181":5,"182":163,"183":159,"184":159,"185":18,"186":31,"187":18,"188":159,"189":159,"190":159,"191":159,"192":159,"193":18,"194":4,"195":18,"196":18,"197":18,"198":18,"199":1,"200":17,"201":17,"202":17,"203":17,"204":6,"205":11,"206":11,"207":11,"208":17,"209":19,"210":19,"211":19,"212":18,"213":18,"214":2,"215":2},"f":{"0":82,"1":252,"2":620,"3":72,"4":38,"5":0,"6":43,"7":22,"8":3,"9":268,"10":93,"11":236,"12":287,"13":76,"14":108,"15":34,"16":2,"17":2,"18":6,"19":6,"20":11,"21":0,"22":4,"23":0,"24":5,"25":0,"26":17,"27":4,"28":3,"29":144,"30":4,"31":7,"32":3,"33":5,"34":104,"35":13,"36":0,"37":2,"38":3,"39":1,"40":1,"41":8,"42":12,"43":3,"44":54,"45":48,"46":163,"47":31,"48":18,"49":19},"b":{"0":[0],"1":[0],"2":[0],"3":[620,16],"4":[72,3],"5":[8,30],"6":[7,23],"7":[30,30],"8":[0,0],"9":[43,9],"10":[9,34],"11":[0,34],"12":[22,5],"13":[66,202],"14":[93,1],"15":[236,71],"16":[0,76],"17":[34,0],"18":[2,0],"19":[0,2],"20":[0,2],"21":[2,0],"22":[6,0],"23":[0,6],"24":[0,6],"25":[6,0],"26":[7,4],"27":[4,0],"28":[0,4],"29":[0,0],"30":[2,2],"31":[1,1],"32":[1,0],"33":[0,1],"34":[0,0],"35":[5,4],"36":[4,1],"37":[0,0],"38":[2,15],"39":[15,2],"40":[2,13],"41":[4,0],"42":[2,1],"43":[1,0],"44":[1,1],"45":[0,2],"46":[2,1],"47":[0,2],"48":[0,2],"49":[1,1],"50":[0,3],"51":[0,12],"52":[120,54],"53":[11,37],"54":[14,23],"55":[13,6],"56":[4,2],"57":[8,8],"58":[4,4],"59":[3,5],"60":[3,0],"61":[1,4],"62":[0,4],"63":[18,141],"64":[18,0],"65":[159,78],"66":[18,14],"67":[18,1],"68":[1,17],"69":[17,0],"70":[6,11]},"_coverageSchema":"1a1c01bbd47fc00a2c39e90264f33305004495a9","hash":"3bb1ea6956189cd101990fc5911d75ca3ed4baec"}
,"/Users/kikurage/workspace/note/workspaces/textarea-handling/src/core/interfaces.ts": {"path":"/Users/kikurage/workspace/note/workspaces/textarea-handling/src/core/interfaces.ts","statementMap":{"0":{"start":{"line":101,"column":30},"end":{"line":101,"column":39}},"1":{"start":{"line":104,"column":8},"end":{"line":106,"column":9}},"2":{"start":{"line":105,"column":12},"end":{"line":105,"column":47}},"3":{"start":{"line":108,"column":8},"end":{"line":108,"column":36}}},"fnMap":{"0":{"name":"getTypeName","decl":{"start":{"line":103,"column":20},"end":{"line":103,"column":31}},"loc":{"start":{"line":103,"column":74},"end":{"line":109,"column":5}},"line":103}},"branchMap":{"0":{"loc":{"start":{"line":104,"column":8},"end":{"line":106,"column":9}},"type":"if","locations":[{"start":{"line":104,"column":8},"end":{"line":106,"column":9}},{"start":{},"end":{}}],"line":104},"1":{"loc":{"start":{"line":104,"column":12},"end":{"line":104,"column":95}},"type":"binary-expr","locations":[{"start":{"line":104,"column":12},"end":{"line":104,"column":44}},{"start":{"line":104,"column":48},"end":{"line":104,"column":95}}],"line":104}},"s":{"0":2,"1":14,"2":0,"3":14},"f":{"0":14},"b":{"0":[0,14],"1":[14,0]},"_coverageSchema":"1a1c01bbd47fc00a2c39e90264f33305004495a9","hash":"f8d83ad6de54bb6afdca5faa1ff25b1aa0fa0321"}
,"/Users/kikurage/workspace/note/workspaces/textarea-handling/src/core/mutation/nextPosition.ts": {"path":"/Users/kikurage/workspace/note/workspaces/textarea-handling/src/core/mutation/nextPosition.ts","statementMap":{"0":{"start":{"line":6,"column":17},"end":{"line":6,"column":50}},"1":{"start":{"line":7,"column":4},"end":{"line":7,"column":54}},"2":{"start":{"line":7,"column":23},"end":{"line":7,"column":54}},"3":{"start":{"line":9,"column":42},"end":{"line":9,"column":50}},"4":{"start":{"line":10,"column":4},"end":{"line":22,"column":5}},"5":{"start":{"line":11,"column":21},"end":{"line":11,"column":51}},"6":{"start":{"line":12,"column":8},"end":{"line":14,"column":9}},"7":{"start":{"line":13,"column":12},"end":{"line":13,"column":81}},"8":{"start":{"line":16,"column":25},"end":{"line":16,"column":60}},"9":{"start":{"line":17,"column":8},"end":{"line":19,"column":9}},"10":{"start":{"line":18,"column":12},"end":{"line":18,"column":81}},"11":{"start":{"line":21,"column":8},"end":{"line":21,"column":70}},"12":{"start":{"line":24,"column":4},"end":{"line":24,"column":16}}},"fnMap":{"0":{"name":"nextPosition","decl":{"start":{"line":5,"column":16},"end":{"line":5,"column":28}},"loc":{"start":{"line":5,"column":76},"end":{"line":25,"column":1}},"line":5}},"branchMap":{"0":{"loc":{"start":{"line":7,"column":4},"end":{"line":7,"column":54}},"type":"if","locations":[{"start":{"line":7,"column":4},"end":{"line":7,"column":54}},{"start":{},"end":{}}],"line":7},"1":{"loc":{"start":{"line":12,"column":8},"end":{"line":14,"column":9}},"type":"if","locations":[{"start":{"line":12,"column":8},"end":{"line":14,"column":9}},{"start":{},"end":{}}],"line":12},"2":{"loc":{"start":{"line":12,"column":12},"end":{"line":12,"column":83}},"type":"binary-expr","locations":[{"start":{"line":12,"column":12},"end":{"line":12,"column":36}},{"start":{"line":12,"column":40},"end":{"line":12,"column":83}}],"line":12},"3":{"loc":{"start":{"line":17,"column":8},"end":{"line":19,"column":9}},"type":"if","locations":[{"start":{"line":17,"column":8},"end":{"line":19,"column":9}},{"start":{},"end":{}}],"line":17}},"s":{"0":0,"1":0,"2":0,"3":0,"4":0,"5":0,"6":0,"7":0,"8":0,"9":0,"10":0,"11":0,"12":0},"f":{"0":0},"b":{"0":[0,0],"1":[0,0],"2":[0,0],"3":[0,0]},"_coverageSchema":"1a1c01bbd47fc00a2c39e90264f33305004495a9","hash":"8f867ed6f6732a12183b532566e9a9262eac3f01"}
,"/Users/kikurage/workspace/note/workspaces/textarea-handling/src/core/node/AbstractNode.ts": {"path":"/Users/kikurage/workspace/note/workspaces/textarea-handling/src/core/node/AbstractNode.ts","statementMap":{"0":{"start":{"line":22,"column":8},"end":{"line":22,"column":69}},"1":{"start":{"line":26,"column":8},"end":{"line":26,"column":98}},"2":{"start":{"line":44,"column":15},"end":{"line":44,"column":38}}},"fnMap":{"0":{"name":"(anonymous_0)","decl":{"start":{"line":16,"column":4},"end":{"line":16,"column":5}},"loc":{"start":{"line":19,"column":6},"end":{"line":19,"column":8}},"line":19},"1":{"name":"(anonymous_1)","decl":{"start":{"line":21,"column":4},"end":{"line":21,"column":5}},"loc":{"start":{"line":21,"column":15},"end":{"line":23,"column":5}},"line":21},"2":{"name":"(anonymous_2)","decl":{"start":{"line":25,"column":4},"end":{"line":25,"column":5}},"loc":{"start":{"line":25,"column":65},"end":{"line":27,"column":5}},"line":25}},"branchMap":{"0":{"loc":{"start":{"line":18,"column":17},"end":{"line":18,"column":47}},"type":"default-arg","locations":[{"start":{"line":18,"column":30},"end":{"line":18,"column":47}}],"line":18},"1":{"loc":{"start":{"line":25,"column":9},"end":{"line":25,"column":35}},"type":"default-arg","locations":[{"start":{"line":25,"column":33},"end":{"line":25,"column":35}}],"line":25},"2":{"loc":{"start":{"line":25,"column":37},"end":{"line":25,"column":57}},"type":"default-arg","locations":[{"start":{"line":25,"column":50},"end":{"line":25,"column":57}}],"line":25}},"s":{"0":14,"1":14,"2":2},"f":{"0":242,"1":14,"2":14},"b":{"0":[228],"1":[0],"2":[10]},"_coverageSchema":"1a1c01bbd47fc00a2c39e90264f33305004495a9","hash":"a662d408f2d327e86cb14d204531fd3d51a45eca"}
,"/Users/kikurage/workspace/note/workspaces/textarea-handling/src/core/node/ContainerNode.ts": {"path":"/Users/kikurage/workspace/note/workspaces/textarea-handling/src/core/node/ContainerNode.ts","statementMap":{"0":{"start":{"line":11,"column":8},"end":{"line":11,"column":44}},"1":{"start":{"line":15,"column":8},"end":{"line":28,"column":9}},"2":{"start":{"line":16,"column":29},"end":{"line":16,"column":50}},"3":{"start":{"line":17,"column":12},"end":{"line":17,"column":105}},"4":{"start":{"line":18,"column":12},"end":{"line":18,"column":79}},"5":{"start":{"line":18,"column":39},"end":{"line":18,"column":79}},"6":{"start":{"line":19,"column":12},"end":{"line":19,"column":93}},"7":{"start":{"line":19,"column":53},"end":{"line":19,"column":93}},"8":{"start":{"line":21,"column":26},"end":{"line":21,"column":58}},"9":{"start":{"line":22,"column":12},"end":{"line":22,"column":50}},"10":{"start":{"line":23,"column":12},"end":{"line":25,"column":13}},"11":{"start":{"line":24,"column":16},"end":{"line":24,"column":54}},"12":{"start":{"line":27,"column":12},"end":{"line":27,"column":46}},"13":{"start":{"line":30,"column":21},"end":{"line":30,"column":53}},"14":{"start":{"line":31,"column":22},"end":{"line":31,"column":43}},"15":{"start":{"line":32,"column":8},"end":{"line":32,"column":99}},"16":{"start":{"line":34,"column":34},"end":{"line":34,"column":96}},"17":{"start":{"line":36,"column":8},"end":{"line":47,"column":9}},"18":{"start":{"line":37,"column":27},"end":{"line":37,"column":37}},"19":{"start":{"line":38,"column":12},"end":{"line":38,"column":64}},"20":{"start":{"line":39,"column":12},"end":{"line":39,"column":102}},"21":{"start":{"line":41,"column":12},"end":{"line":41,"column":81}},"22":{"start":{"line":42,"column":12},"end":{"line":46,"column":33}},"23":{"start":{"line":43,"column":16},"end":{"line":43,"column":69}},"24":{"start":{"line":44,"column":19},"end":{"line":46,"column":33}},"25":{"start":{"line":45,"column":16},"end":{"line":45,"column":66}},"26":{"start":{"line":46,"column":19},"end":{"line":46,"column":33}},"27":{"start":{"line":49,"column":8},"end":{"line":49,"column":22}},"28":{"start":{"line":53,"column":25},"end":{"line":53,"column":59}},"29":{"start":{"line":54,"column":8},"end":{"line":54,"column":104}},"30":{"start":{"line":54,"column":53},"end":{"line":54,"column":104}},"31":{"start":{"line":56,"column":33},"end":{"line":56,"column":54}},"32":{"start":{"line":57,"column":33},"end":{"line":57,"column":58}},"33":{"start":{"line":58,"column":8},"end":{"line":58,"column":104}},"34":{"start":{"line":59,"column":8},"end":{"line":61,"column":9}},"35":{"start":{"line":60,"column":12},"end":{"line":60,"column":88}},"36":{"start":{"line":63,"column":8},"end":{"line":63,"column":80}},"37":{"start":{"line":67,"column":25},"end":{"line":67,"column":53}},"38":{"start":{"line":69,"column":26},"end":{"line":69,"column":59}},"39":{"start":{"line":70,"column":8},"end":{"line":73,"column":9}},"40":{"start":{"line":71,"column":27},"end":{"line":71,"column":61}},"41":{"start":{"line":72,"column":12},"end":{"line":72,"column":50}},"42":{"start":{"line":72,"column":36},"end":{"line":72,"column":50}},"43":{"start":{"line":75,"column":26},"end":{"line":75,"column":82}},"44":{"start":{"line":76,"column":8},"end":{"line":79,"column":9}},"45":{"start":{"line":77,"column":27},"end":{"line":77,"column":84}},"46":{"start":{"line":78,"column":12},"end":{"line":78,"column":50}},"47":{"start":{"line":78,"column":36},"end":{"line":78,"column":50}},"48":{"start":{"line":81,"column":26},"end":{"line":81,"column":45}},"49":{"start":{"line":82,"column":25},"end":{"line":82,"column":47}},"50":{"start":{"line":83,"column":8},"end":{"line":87,"column":10}},"51":{"start":{"line":91,"column":26},"end":{"line":91,"column":45}},"52":{"start":{"line":92,"column":8},"end":{"line":92,"column":66}},"53":{"start":{"line":93,"column":8},"end":{"line":93,"column":49}},"54":{"start":{"line":97,"column":8},"end":{"line":100,"column":9}},"55":{"start":{"line":98,"column":26},"end":{"line":98,"column":59}},"56":{"start":{"line":99,"column":12},"end":{"line":99,"column":74}},"57":{"start":{"line":101,"column":8},"end":{"line":101,"column":66}},"58":{"start":{"line":101,"column":39},"end":{"line":101,"column":66}},"59":{"start":{"line":103,"column":25},"end":{"line":103,"column":49}},"60":{"start":{"line":106,"column":32},"end":{"line":106,"column":66}},"61":{"start":{"line":107,"column":12},"end":{"line":110,"column":13}},"62":{"start":{"line":108,"column":36},"end":{"line":108,"column":58}},"63":{"start":{"line":109,"column":16},"end":{"line":109,"column":102}},"64":{"start":{"line":113,"column":8},"end":{"line":113,"column":84}},"65":{"start":{"line":117,"column":25},"end":{"line":117,"column":51}},"66":{"start":{"line":119,"column":8},"end":{"line":119,"column":95}},"67":{"start":{"line":126,"column":25},"end":{"line":126,"column":53}},"68":{"start":{"line":128,"column":26},"end":{"line":128,"column":59}},"69":{"start":{"line":129,"column":8},"end":{"line":132,"column":9}},"70":{"start":{"line":130,"column":27},"end":{"line":130,"column":61}},"71":{"start":{"line":131,"column":12},"end":{"line":131,"column":50}},"72":{"start":{"line":131,"column":36},"end":{"line":131,"column":50}},"73":{"start":{"line":134,"column":26},"end":{"line":134,"column":82}},"74":{"start":{"line":135,"column":8},"end":{"line":138,"column":9}},"75":{"start":{"line":136,"column":27},"end":{"line":136,"column":61}},"76":{"start":{"line":137,"column":12},"end":{"line":137,"column":50}},"77":{"start":{"line":137,"column":36},"end":{"line":137,"column":50}},"78":{"start":{"line":140,"column":25},"end":{"line":140,"column":47}},"79":{"start":{"line":141,"column":8},"end":{"line":145,"column":10}},"80":{"start":{"line":149,"column":26},"end":{"line":149,"column":45}},"81":{"start":{"line":150,"column":8},"end":{"line":150,"column":50}},"82":{"start":{"line":152,"column":8},"end":{"line":154,"column":9}},"83":{"start":{"line":153,"column":12},"end":{"line":153,"column":66}},"84":{"start":{"line":156,"column":8},"end":{"line":156,"column":45}},"85":{"start":{"line":160,"column":15},"end":{"line":160,"column":39}}},"fnMap":{"0":{"name":"(anonymous_0)","decl":{"start":{"line":10,"column":4},"end":{"line":10,"column":5}},"loc":{"start":{"line":10,"column":29},"end":{"line":12,"column":5}},"line":10},"1":{"name":"(anonymous_1)","decl":{"start":{"line":14,"column":4},"end":{"line":14,"column":5}},"loc":{"start":{"line":14,"column":53},"end":{"line":50,"column":5}},"line":14},"2":{"name":"(anonymous_2)","decl":{"start":{"line":52,"column":4},"end":{"line":52,"column":5}},"loc":{"start":{"line":52,"column":33},"end":{"line":64,"column":5}},"line":52},"3":{"name":"(anonymous_3)","decl":{"start":{"line":66,"column":4},"end":{"line":66,"column":5}},"loc":{"start":{"line":66,"column":73},"end":{"line":88,"column":5}},"line":66},"4":{"name":"(anonymous_4)","decl":{"start":{"line":90,"column":4},"end":{"line":90,"column":5}},"loc":{"start":{"line":90,"column":64},"end":{"line":94,"column":5}},"line":90},"5":{"name":"(anonymous_5)","decl":{"start":{"line":96,"column":4},"end":{"line":96,"column":5}},"loc":{"start":{"line":96,"column":66},"end":{"line":114,"column":5}},"line":96},"6":{"name":"(anonymous_6)","decl":{"start":{"line":116,"column":4},"end":{"line":116,"column":5}},"loc":{"start":{"line":116,"column":74},"end":{"line":120,"column":5}},"line":116},"7":{"name":"(anonymous_7)","decl":{"start":{"line":125,"column":4},"end":{"line":125,"column":5}},"loc":{"start":{"line":125,"column":73},"end":{"line":146,"column":5}},"line":125},"8":{"name":"(anonymous_8)","decl":{"start":{"line":148,"column":4},"end":{"line":148,"column":5}},"loc":{"start":{"line":148,"column":64},"end":{"line":157,"column":5}},"line":148}},"branchMap":{"0":{"loc":{"start":{"line":15,"column":8},"end":{"line":28,"column":9}},"type":"if","locations":[{"start":{"line":15,"column":8},"end":{"line":28,"column":9}},{"start":{},"end":{}}],"line":15},"1":{"loc":{"start":{"line":17,"column":19},"end":{"line":17,"column":77}},"type":"binary-expr","locations":[{"start":{"line":17,"column":19},"end":{"line":17,"column":39}},{"start":{"line":17,"column":43},"end":{"line":17,"column":77}}],"line":17},"2":{"loc":{"start":{"line":18,"column":12},"end":{"line":18,"column":79}},"type":"if","locations":[{"start":{"line":18,"column":12},"end":{"line":18,"column":79}},{"start":{},"end":{}}],"line":18},"3":{"loc":{"start":{"line":19,"column":12},"end":{"line":19,"column":93}},"type":"if","locations":[{"start":{"line":19,"column":12},"end":{"line":19,"column":93}},{"start":{},"end":{}}],"line":19},"4":{"loc":{"start":{"line":42,"column":12},"end":{"line":46,"column":33}},"type":"if","locations":[{"start":{"line":42,"column":12},"end":{"line":46,"column":33}},{"start":{"line":44,"column":19},"end":{"line":46,"column":33}}],"line":42},"5":{"loc":{"start":{"line":44,"column":19},"end":{"line":46,"column":33}},"type":"if","locations":[{"start":{"line":44,"column":19},"end":{"line":46,"column":33}},{"start":{"line":46,"column":19},"end":{"line":46,"column":33}}],"line":44},"6":{"loc":{"start":{"line":54,"column":8},"end":{"line":54,"column":104}},"type":"if","locations":[{"start":{"line":54,"column":8},"end":{"line":54,"column":104}},{"start":{},"end":{}}],"line":54},"7":{"loc":{"start":{"line":59,"column":8},"end":{"line":61,"column":9}},"type":"if","locations":[{"start":{"line":59,"column":8},"end":{"line":61,"column":9}},{"start":{},"end":{}}],"line":59},"8":{"loc":{"start":{"line":59,"column":12},"end":{"line":59,"column":70}},"type":"binary-expr","locations":[{"start":{"line":59,"column":12},"end":{"line":59,"column":39}},{"start":{"line":59,"column":43},"end":{"line":59,"column":70}}],"line":59},"9":{"loc":{"start":{"line":70,"column":8},"end":{"line":73,"column":9}},"type":"if","locations":[{"start":{"line":70,"column":8},"end":{"line":73,"column":9}},{"start":{},"end":{}}],"line":70},"10":{"loc":{"start":{"line":72,"column":12},"end":{"line":72,"column":50}},"type":"if","locations":[{"start":{"line":72,"column":12},"end":{"line":72,"column":50}},{"start":{},"end":{}}],"line":72},"11":{"loc":{"start":{"line":76,"column":8},"end":{"line":79,"column":9}},"type":"if","locations":[{"start":{"line":76,"column":8},"end":{"line":79,"column":9}},{"start":{},"end":{}}],"line":76},"12":{"loc":{"start":{"line":78,"column":12},"end":{"line":78,"column":50}},"type":"if","locations":[{"start":{"line":78,"column":12},"end":{"line":78,"column":50}},{"start":{},"end":{}}],"line":78},"13":{"loc":{"start":{"line":97,"column":8},"end":{"line":100,"column":9}},"type":"if","locations":[{"start":{"line":97,"column":8},"end":{"line":100,"column":9}},{"start":{},"end":{}}],"line":97},"14":{"loc":{"start":{"line":101,"column":8},"end":{"line":101,"column":66}},"type":"if","locations":[{"start":{"line":101,"column":8},"end":{"line":101,"column":66}},{"start":{},"end":{}}],"line":101},"15":{"loc":{"start":{"line":107,"column":12},"end":{"line":110,"column":13}},"type":"if","locations":[{"start":{"line":107,"column":12},"end":{"line":110,"column":13}},{"start":{},"end":{}}],"line":107},"16":{"loc":{"start":{"line":129,"column":8},"end":{"line":132,"column":9}},"type":"if","locations":[{"start":{"line":129,"column":8},"end":{"line":132,"column":9}},{"start":{},"end":{}}],"line":129},"17":{"loc":{"start":{"line":131,"column":12},"end":{"line":131,"column":50}},"type":"if","locations":[{"start":{"line":131,"column":12},"end":{"line":131,"column":50}},{"start":{},"end":{}}],"line":131},"18":{"loc":{"start":{"line":135,"column":8},"end":{"line":138,"column":9}},"type":"if","locations":[{"start":{"line":135,"column":8},"end":{"line":138,"column":9}},{"start":{},"end":{}}],"line":135},"19":{"loc":{"start":{"line":137,"column":12},"end":{"line":137,"column":50}},"type":"if","locations":[{"start":{"line":137,"column":12},"end":{"line":137,"column":50}},{"start":{},"end":{}}],"line":137}},"s":{"0":0,"1":2,"2":2,"3":2,"4":2,"5":0,"6":2,"7":0,"8":2,"9":2,"10":2,"11":2,"12":2,"13":0,"14":0,"15":0,"16":0,"17":0,"18":0,"19":0,"20":0,"21":0,"22":0,"23":0,"24":0,"25":0,"26":0,"27":0,"28":5,"29":5,"30":1,"31":4,"32":4,"33":4,"34":4,"35":2,"36":2,"37":6,"38":6,"39":6,"40":2,"41":2,"42":2,"43":4,"44":4,"45":2,"46":2,"47":2,"48":2,"49":2,"50":2,"51":0,"52":0,"53":0,"54":0,"55":0,"56":0,"57":0,"58":0,"59":0,"60":0,"61":0,"62":0,"63":0,"64":0,"65":0,"66":0,"67":2,"68":2,"69":2,"70":0,"71":0,"72":0,"73":2,"74":2,"75":0,"76":0,"77":0,"78":2,"79":2,"80":0,"81":0,"82":0,"83":0,"84":0,"85":2},"f":{"0":0,"1":2,"2":5,"3":6,"4":0,"5":0,"6":0,"7":2,"8":0},"b":{"0":[2,0],"1":[2,2],"2":[0,2],"3":[0,2],"4":[0,0],"5":[0,0],"6":[1,4],"7":[2,2],"8":[4,2],"9":[2,4],"10":[2,0],"11":[2,2],"12":[2,0],"13":[0,0],"14":[0,0],"15":[0,0],"16":[0,2],"17":[0,0],"18":[0,2],"19":[0,0]},"_coverageSchema":"1a1c01bbd47fc00a2c39e90264f33305004495a9","hash":"191614d3bf2881cac893888917b1d1dc3bf17972"}
,"/Users/kikurage/workspace/note/workspaces/textarea-handling/src/core/node/RootNode.ts": {"path":"/Users/kikurage/workspace/note/workspaces/textarea-handling/src/core/node/RootNode.ts","statementMap":{},"fnMap":{},"branchMap":{},"s":{},"f":{},"b":{},"_coverageSchema":"1a1c01bbd47fc00a2c39e90264f33305004495a9","hash":"d1e8c3566ebe45080b9f08ae5bdb65657ee02f69"}
[...]
ne":22,"column":4},"end":{"line":22,"column":5}},"loc":{"start":{"line":22,"column":43},"end":{"line":25,"column":5}},"line":22},"1":{"name":"(anonymous_1)","decl":{"start":{"line":27,"column":4},"end":{"line":27,"column":5}},"loc":{"start":{"line":27,"column":23},"end":{"line":29,"column":5}},"line":27},"2":{"name":"(anonymous_2)","decl":{"start":{"line":31,"column":4},"end":{"line":31,"column":5}},"loc":{"start":{"line":31,"column":29},"end":{"line":33,"column":5}},"line":31},"3":{"name":"(anonymous_3)","decl":{"start":{"line":35,"column":4},"end":{"line":35,"column":5}},"loc":{"start":{"line":35,"column":53},"end":{"line":48,"column":5}},"line":35},"4":{"name":"(anonymous_4)","decl":{"start":{"line":50,"column":4},"end":{"line":50,"column":5}},"loc":{"start":{"line":50,"column":33},"end":{"line":61,"column":5}},"line":50},"5":{"name":"(anonymous_5)","decl":{"start":{"line":63,"column":4},"end":{"line":63,"column":5}},"loc":{"start":{"line":63,"column":73},"end":{"line":78,"column":5}},"line":63},"6":{"name":"(anonymous_6)","decl":{"start":{"line":80,"column":4},"end":{"line":80,"column":5}},"loc":{"start":{"line":80,"column":64},"end":{"line":94,"column":5}},"line":80},"7":{"name":"(anonymous_7)","decl":{"start":{"line":81,"column":56},"end":{"line":81,"column":57}},"loc":{"start":{"line":81,"column":66},"end":{"line":81,"column":95}},"line":81},"8":{"name":"(anonymous_8)","decl":{"start":{"line":96,"column":4},"end":{"line":96,"column":5}},"loc":{"start":{"line":96,"column":66},"end":{"line":101,"column":5}},"line":96},"9":{"name":"(anonymous_9)","decl":{"start":{"line":103,"column":4},"end":{"line":103,"column":5}},"loc":{"start":{"line":103,"column":74},"end":{"line":112,"column":5}},"line":103},"10":{"name":"(anonymous_10)","decl":{"start":{"line":114,"column":4},"end":{"line":114,"column":5}},"loc":{"start":{"line":114,"column":51},"end":{"line":119,"column":5}},"line":114},"11":{"name":"(anonymous_11)","decl":{"start":{"line":121,"column":4},"end":{"line":121,"column":5}},"loc":{"start":{"line":121,"column":84},"end":{"line":123,"column":5}},"line":121}},"branchMap":{"0":{"loc":{"start":{"line":38,"column":8},"end":{"line":38,"column":75}},"type":"if","locations":[{"start":{"line":38,"column":8},"end":{"line":38,"column":75}},{"start":{},"end":{}}],"line":38},"1":{"loc":{"start":{"line":39,"column":8},"end":{"line":39,"column":90}},"type":"if","locations":[{"start":{"line":39,"column":8},"end":{"line":39,"column":90}},{"start":{},"end":{}}],"line":39},"2":{"loc":{"start":{"line":42,"column":8},"end":{"line":42,"column":67}},"type":"if","locations":[{"start":{"line":42,"column":8},"end":{"line":42,"column":67}},{"start":{},"end":{}}],"line":42},"3":{"loc":{"start":{"line":45,"column":8},"end":{"line":45,"column":68}},"type":"if","locations":[{"start":{"line":45,"column":8},"end":{"line":45,"column":68}},{"start":{},"end":{}}],"line":45},"4":{"loc":{"start":{"line":52,"column":8},"end":{"line":52,"column":96}},"type":"if","locations":[{"start":{"line":52,"column":8},"end":{"line":52,"column":96}},{"start":{},"end":{}}],"line":52},"5":{"loc":{"start":{"line":65,"column":8},"end":{"line":71,"column":9}},"type":"if","locations":[{"start":{"line":65,"column":8},"end":{"line":71,"column":9}},{"start":{},"end":{}}],"line":65},"6":{"loc":{"start":{"line":87,"column":8},"end":{"line":91,"column":9}},"type":"if","locations":[{"start":{"line":87,"column":8},"end":{"line":91,"column":9}},{"start":{},"end":{}}],"line":87},"7":{"loc":{"start":{"line":97,"column":8},"end":{"line":97,"column":81}},"type":"if","locations":[{"start":{"line":97,"column":8},"end":{"line":97,"column":81}},{"start":{},"end":{}}],"line":97},"8":{"loc":{"start":{"line":106,"column":8},"end":{"line":106,"column":54}},"type":"if","locations":[{"start":{"line":106,"column":8},"end":{"line":106,"column":54}},{"start":{},"end":{}}],"line":106},"9":{"loc":{"start":{"line":115,"column":8},"end":{"line":115,"column":44}},"type":"if","locations":[{"start":{"line":115,"column":8},"end":{"line":115,"column":44}},{"start":{},"end":{}}],"line":115},"10":{"loc":{"start":{"line":116,"column":8},"end":{"line":116,"column":37}},"type":"if","locations":[{"start":{"line":116,"column":8},"end":{"line":116,"column":37}},{"start":{},"end":{}}],"line":116},"11":{"loc":{"start":{"line":121,"column":56},"end":{"line":121,"column":65}},"type":"default-arg","locations":[{"start":{"line":121,"column":63},"end":{"line":121,"column":65}}],"line":121}},"s":{"0":30,"1":30,"2":87,"3":3,"4":2,"5":2,"6":0,"7":2,"8":0,"9":2,"10":2,"11":0,"12":2,"13":2,"14":0,"15":2,"16":2,"17":2,"18":0,"19":2,"20":2,"21":2,"22":6,"23":6,"24":0,"25":6,"26":0,"27":0,"28":0,"29":0,"30":0,"31":0,"32":0,"33":0,"34":0,"35":0,"36":0,"37":0,"38":0,"39":0,"40":3,"41":3,"42":3,"43":0,"44":0,"45":0,"46":13,"47":0,"48":13,"49":3,"50":10,"51":9,"52":2},"f":{"0":30,"1":87,"2":3,"3":2,"4":2,"5":6,"6":0,"7":0,"8":0,"9":3,"10":13,"11":9},"b":{"0":[0,2],"1":[0,2],"2":[0,2],"3":[0,2],"4":[0,2],"5":[0,6],"6":[0,0],"7":[0,0],"8":[3,0],"9":[0,13],"10":[3,10],"11":[3]},"_coverageSchema":"1a1c01bbd47fc00a2c39e90264f33305004495a9","hash":"f67c509dc5af2a8cd55a3b6f649a35b937095fb3"}
,"/Users/kikurage/workspace/note/workspaces/textarea-handling/src/lib/DIContainer.ts": {"path":"/Users/kikurage/workspace/note/workspaces/textarea-handling/src/lib/DIContainer.ts","statementMap":{"0":{"start":{"line":6,"column":4},"end":{"line":6,"column":41}},"1":{"start":{"line":10,"column":32},"end":{"line":10,"column":58}},"2":{"start":{"line":11,"column":40},"end":{"line":11,"column":94}},"3":{"start":{"line":14,"column":20},"end":{"line":14,"column":47}},"4":{"start":{"line":15,"column":8},"end":{"line":15,"column":48}},"5":{"start":{"line":16,"column":8},"end":{"line":16,"column":19}},"6":{"start":{"line":20,"column":8},"end":{"line":20,"column":40}},"7":{"start":{"line":24,"column":22},"end":{"line":24,"column":61}},"8":{"start":{"line":25,"column":8},"end":{"line":31,"column":9}},"9":{"start":{"line":26,"column":28},"end":{"line":26,"column":58}},"10":{"start":{"line":27,"column":12},"end":{"line":27,"column":71}},"11":{"start":{"line":29,"column":12},"end":{"line":29,"column":41}},"12":{"start":{"line":30,"column":12},"end":{"line":30,"column":44}},"13":{"start":{"line":32,"column":8},"end":{"line":32,"column":23}},"14":{"start":{"line":36,"column":8},"end":{"line":36,"column":38}}},"fnMap":{"0":{"name":"serviceKey","decl":{"start":{"line":5,"column":16},"end":{"line":5,"column":26}},"loc":{"start":{"line":5,"column":60},"end":{"line":7,"column":1}},"line":5},"1":{"name":"(anonymous_1)","decl":{"start":{"line":13,"column":4},"end":{"line":13,"column":5}},"loc":{"start":{"line":13,"column":63},"end":{"line":17,"column":5}},"line":13},"2":{"name":"(anonymous_2)","decl":{"start":{"line":19,"column":4},"end":{"line":19,"column":5}},"loc":{"start":{"line":19,"column":48},"end":{"line":21,"column":5}},"line":19},"3":{"name":"(anonymous_3)","decl":{"start":{"line":23,"column":4},"end":{"line":23,"column":5}},"loc":{"start":{"line":23,"column":31},"end":{"line":33,"column":5}},"line":23},"4":{"name":"(anonymous_4)","decl":{"start":{"line":35,"column":4},"end":{"line":35,"column":5}},"loc":{"start":{"line":35,"column":31},"end":{"line":37,"column":5}},"line":35}},"branchMap":{"0":{"loc":{"start":{"line":25,"column":8},"end":{"line":31,"column":9}},"type":"if","locations":[{"start":{"line":25,"column":8},"end":{"line":31,"column":9}},{"start":{},"end":{}}],"line":25}},"s":{"0":1,"1":0,"2":1,"3":1,"4":1,"5":1,"6":0,"7":0,"8":0,"9":0,"10":0,"11":0,"12":0,"13":0,"14":0},"f":{"0":1,"1":1,"2":0,"3":0,"4":0},"b":{"0":[0,0]},"_coverageSchema":"1a1c01bbd47fc00a2c39e90264f33305004495a9","hash":"5110e170136a73cfaf1827033b3239f77ac2d620"}
,"/Users/kikurage/workspace/note/workspaces/textarea-handling/src/lib/assert.ts": {"path":"/Users/kikurage/workspace/note/workspaces/textarea-handling/src/lib/assert.ts","statementMap":{"0":{"start":{"line":2,"column":4},"end":{"line":5,"column":5}},"1":{"start":{"line":3,"column":8},"end":{"line":3,"column":17}},"2":{"start":{"line":4,"column":8},"end":{"line":4,"column":33}}},"fnMap":{"0":{"name":"assert","decl":{"start":{"line":1,"column":16},"end":{"line":1,"column":22}},"loc":{"start":{"line":1,"column":79},"end":{"line":6,"column":1}},"line":1}},"branchMap":{"0":{"loc":{"start":{"line":2,"column":4},"end":{"line":5,"column":5}},"type":"if","locations":[{"start":{"line":2,"column":4},"end":{"line":5,"column":5}},{"start":{},"end":{}}],"line":2}},"s":{"0":345,"1":7,"2":7},"f":{"0":345},"b":{"0":[7,338]},"_coverageSchema":"1a1c01bbd47fc00a2c39e90264f33305004495a9","hash":"d9a795a54f25fdfaebd215d604a49213d984d37a"}
,"/Users/kikurage/workspace/note/workspaces/textarea-handling/src/lib/counter.ts": {"path":"/Users/kikurage/workspace/note/workspaces/textarea-handling/src/lib/counter.ts","statementMap":{"0":{"start":{"line":2,"column":16},"end":{"line":2,"column":17}},"1":{"start":{"line":3,"column":15},"end":{"line":3,"column":28}},"2":{"start":{"line":3,"column":21},"end":{"line":3,"column":28}},"3":{"start":{"line":4,"column":4},"end":{"line":8,"column":7}},"4":{"start":{"line":6,"column":12},"end":{"line":6,"column":22}}},"fnMap":{"0":{"name":"counter","decl":{"start":{"line":1,"column":16},"end":{"line":1,"column":23}},"loc":{"start":{"line":1,"column":26},"end":{"line":9,"column":1}},"line":1},"1":{"name":"(anonymous_1)","decl":{"start":{"line":3,"column":15},"end":{"line":3,"column":16}},"loc":{"start":{"line":3,"column":21},"end":{"line":3,"column":28}},"line":3},"2":{"name":"(anonymous_2)","decl":{"start":{"line":5,"column":8},"end":{"line":5,"column":9}},"loc":{"start":{"line":5,"column":16},"end":{"line":7,"column":9}},"line":5}},"branchMap":{},"s":{"0":2,"1":2,"2":232,"3":2,"4":0},"f":{"0":2,"1":232,"2":0},"b":{},"_coverageSchema":"1a1c01bbd47fc00a2c39e90264f33305004495a9","hash":"4bbb5bc2f823d7bcdb281cb09880c8927a9ab2f4"}
,"/Users/kikurage/workspace/note/workspaces/textarea-handling/src/lib/dataclass.ts": {"path":"/Users/kikurage/workspace/note/workspaces/textarea-handling/src/lib/dataclass.ts","statementMap":{"0":{"start":{"line":4,"column":12},"end":{"line":4,"column":39}},"1":{"start":{"line":5,"column":12},"end":{"line":5,"column":24}},"2":{"start":{"line":13,"column":12},"end":{"line":13,"column":72}},"3":{"start":{"line":17,"column":4},"end":{"line":19,"column":6}}},"fnMap":{"0":{"name":"dataclass","decl":{"start":{"line":1,"column":16},"end":{"line":1,"column":25}},"loc":{"start":{"line":1,"column":38},"end":{"line":20,"column":1}},"line":1},"1":{"name":"(anonymous_1)","decl":{"start":{"line":3,"column":8},"end":{"line":3,"column":9}},"loc":{"start":{"line":3,"column":37},"end":{"line":6,"column":9}},"line":3},"2":{"name":"(anonymous_2)","decl":{"start":{"line":9,"column":8},"end":{"line":9,"column":9}},"loc":{"start":{"line":9,"column":25},"end":{"line":9,"column":27}},"line":9},"3":{"name":"(anonymous_3)","decl":{"start":{"line":11,"column":8},"end":{"line":11,"column":9}},"loc":{"start":{"line":11,"column":50},"end":{"line":14,"column":9}},"line":11}},"branchMap":{"0":{"loc":{"start":{"line":11,"column":13},"end":{"line":11,"column":42}},"type":"default-arg","locations":[{"start":{"line":11,"column":40},"end":{"line":11,"column":42}}],"line":11}},"s":{"0":358,"1":358,"2":13,"3":3},"f":{"0":3,"1":358,"2":358,"3":13},"b":{"0":[0]},"_coverageSchema":"1a1c01bbd47fc00a2c39e90264f33305004495a9","hash":"86fef89f6ebd0a21de5b8220cd9460759f442098"}
,"/Users/kikurage/workspace/note/workspaces/textarea-handling/src/lib/isNotNullish.ts": {"path":"/Users/kikurage/workspace/note/workspaces/textarea-handling/src/lib/isNotNullish.ts","statementMap":{"0":{"start":{"line":2,"column":4},"end":{"line":2,"column":49}},"1":{"start":{"line":6,"column":4},"end":{"line":6,"column":29}}},"fnMap":{"0":{"name":"isNullish","decl":{"start":{"line":1,"column":16},"end":{"line":1,"column":25}},"loc":{"start":{"line":1,"column":85},"end":{"line":3,"column":1}},"line":1},"1":{"name":"isNotNullish","decl":{"start":{"line":5,"column":16},"end":{"line":5,"column":28}},"loc":{"start":{"line":5,"column":73},"end":{"line":7,"column":1}},"line":5}},"branchMap":{"0":{"loc":{"start":{"line":2,"column":11},"end":{"line":2,"column":48}},"type":"binary-expr","locations":[{"start":{"line":2,"column":11},"end":{"line":2,"column":25}},{"start":{"line":2,"column":29},"end":{"line":2,"column":48}}],"line":2}},"s":{"0":287,"1":287},"f":{"0":287,"1":287},"b":{"0":[287,287]},"_coverageSchema":"1a1c01bbd47fc00a2c39e90264f33305004495a9","hash":"11006a94792e50692e80f749025250c0fc8796a2"}
,"/Users/kikurage/workspace/note/workspaces/textarea-handling/src/lib/logger.ts": {"path":"/Users/kikurage/workspace/note/workspaces/textarea-handling/src/lib/logger.ts","statementMap":{"0":{"start":{"line":5,"column":8},"end":{"line":5,"column":39}},"1":{"start":{"line":9,"column":8},"end":{"line":9,"column":84}},"2":{"start":{"line":12,"column":8},"end":{"line":12,"column":85}},"3":{"start":{"line":15,"column":8},"end":{"line":15,"column":85}},"4":{"start":{"line":18,"column":8},"end":{"line":18,"column":86}},"5":{"start":{"line":22,"column":8},"end":{"line":22,"column":52}},"6":{"start":{"line":26,"column":8},"end":{"line":26,"column":55}}},"fnMap":{"0":{"name":"(anonymous_0)","decl":{"start":{"line":2,"column":4},"end":{"line":2,"column":5}},"loc":{"start":{"line":2,"column":52},"end":{"line":2,"column":54}},"line":2},"1":{"name":"(anonymous_1)","decl":{"start":{"line":4,"column":4},"end":{"line":4,"column":5}},"loc":{"start":{"line":4,"column":40},"end":{"line":6,"column":5}},"line":4},"2":{"name":"(anonymous_2)","decl":{"start":{"line":8,"column":4},"end":{"line":8,"column":5}},"loc":{"start":{"line":8,"column":32},"end":{"line":10,"column":5}},"line":8},"3":{"name":"(anonymous_3)","decl":{"start":{"line":11,"column":4},"end":{"line":11,"column":5}},"loc":{"start":{"line":11,"column":33},"end":{"line":13,"column":5}},"line":11},"4":{"name":"(anonymous_4)","decl":{"start":{"line":14,"column":4},"end":{"line":14,"column":5}},"loc":{"start":{"line":14,"column":33},"end":{"line":16,"column":5}},"line":14},"5":{"name":"(anonymous_5)","decl":{"start":{"line":17,"column":4},"end":{"line":17,"column":5}},"loc":{"start":{"line":17,"column":34},"end":{"line":19,"column":5}},"line":17},"6":{"name":"(anonymous_6)","decl":{"start":{"line":21,"column":4},"end":{"line":21,"column":5}},"loc":{"start":{"line":21,"column":43},"end":{"line":23,"column":5}},"line":21},"7":{"name":"(anonymous_7)","decl":{"start":{"line":25,"column":4},"end":{"line":25,"column":5}},"loc":{"start":{"line":25,"column":38},"end":{"line":27,"column":5}},"line":25}},"branchMap":{},"s":{"0":9,"1":0,"2":0,"3":0,"4":0,"5":0,"6":0},"f":{"0":9,"1":9,"2":0,"3":0,"4":0,"5":0,"6":0,"7":0},"b":{},"_coverageSchema":"1a1c01bbd47fc00a2c39e90264f33305004495a9","hash":"2996e42ce8e3228e22ddf37e49951825cac8710e"}
,"/Users/kikurage/workspace/note/workspaces/textarea-handling/src/lib/throwError.ts": {"path":"/Users/kikurage/workspace/note/workspaces/textarea-handling/src/lib/throwError.ts","statementMap":{"0":{"start":{"line":8,"column":4},"end":{"line":8,"column":29}}},"fnMap":{"0":{"name":"throwError","decl":{"start":{"line":7,"column":16},"end":{"line":7,"column":26}},"loc":{"start":{"line":7,"column":51},"end":{"line":9,"column":1}},"line":7}},"branchMap":{},"s":{"0":9},"f":{"0":9},"b":{},"_coverageSchema":"1a1c01bbd47fc00a2c39e90264f33305004495a9","hash":"a180742f5bcb4a95194a04ecff6af4315554e1fb"}
,"/Users/kikurage/workspace/note/workspaces/textarea-handling/src/lib/unrechable.ts": {"path":"/Users/kikurage/workspace/note/workspaces/textarea-handling/src/lib/unrechable.ts","statementMap":{"0":{"start":{"line":5,"column":4},"end":{"line":5,"column":29}}},"fnMap":{"0":{"name":"unreachable","decl":{"start":{"line":4,"column":16},"end":{"line":4,"column":27}},"loc":{"start":{"line":4,"column":65},"end":{"line":6,"column":1}},"line":4}},"branchMap":{"0":{"loc":{"start":{"line":4,"column":28},"end":{"line":4,"column":56}},"type":"default-arg","locations":[{"start":{"line":4,"column":38},"end":{"line":4,"column":56}}],"line":4}},"s":{"0":0},"f":{"0":0},"b":{"0":[0]},"_coverageSchema":"1a1c01bbd47fc00a2c39e90264f33305004495a9","hash":"3bc4b0f7b39d46bc50c231155097618242eb16df"}
,"/Users/kikurage/workspace/note/workspaces/textarea-handling/src/serialize/NodeSerializer.ts": {"path":"/Users/kikurage/workspace/note/workspaces/textarea-handling/src/serialize/NodeSerializer.ts","statementMap":{"0":{"start":{"line":6,"column":33},"end":{"line":6,"column":81}},"1":{"start":{"line":6,"column":60},"end":{"line":6,"column":80}},"2":{"start":{"line":7,"column":40},"end":{"line":7,"column":74}},"3":{"start":{"line":10,"column":8},"end":{"line":10,"column":86}},"4":{"start":{"line":11,"column":8},"end":{"line":11,"column":20}},"5":{"start":{"line":16,"column":12},"end":{"line":19,"column":14}},"6":{"start":{"line":18,"column":63},"end":{"line":18,"column":83}},"7":{"start":{"line":22,"column":8},"end":{"line":22,"column":39}},"8":{"start":{"line":26,"column":18},"end":{"line":26,"column":29}},"9":{"start":{"line":28,"column":32},"end":{"line":37,"column":9}},"10":{"start":{"line":29,"column":36},"end":{"line":29,"column":82}},"11":{"start":{"line":30,"column":12},"end":{"line":31,"column":102}},"12":{"start":{"line":31,"column":16},"end":{"line":31,"column":102}},"13":{"start":{"line":33,"column":25},"end":{"line":33,"column":60}},"14":{"start":{"line":34,"column":12},"end":{"line":34,"column":49}},"15":{"start":{"line":36,"column":12},"end":{"line":36,"column":88}},"16":{"start":{"line":36,"column":55},"end":{"line":36,"column":86}},"17":{"start":{"line":39,"column":8},"end":{"line":39,"column":88}},"18":{"start":{"line":39,"column":51},"end":{"line":39,"column":86}},"19":{"start":{"line":40,"column":8},"end":{"line":40,"column":19}}},"fnMap":{"0":{"name":"(anonymous_0)","decl":{"start":{"line":6,"column":54},"end":{"line":6,"column":55}},"loc":{"start":{"line":6,"column":60},"end":{"line":6,"column":80}},"line":6},"1":{"name":"(anonymous_1)","decl":{"start":{"line":9,"column":4},"end":{"line":9,"column":5}},"loc":{"start":{"line":9,"column":53},"end":{"line":12,"column":5}},"line":9},"2":{"name":"(anonymous_2)","decl":{"start":{"line":14,"column":4},"end":{"line":14,"column":5}},"loc":{"start":{"line":14,"column":40},"end":{"line":23,"column":5}},"line":14},"3":{"name":"serializeNode","decl":{"start":{"line":15,"column":17},"end":{"line":15,"column":30}},"loc":{"start":{"line":15,"column":59},"end":{"line":20,"column":9}},"line":15},"4":{"name":"(anonymous_4)","decl":{"start":{"line":18,"column":52},"end":{"line":18,"column":53}},"loc":{"start":{"line":18,"column":63},"end":{"line":18,"column":83}},"line":18},"5":{"name":"(anonymous_5)","decl":{"start":{"line":25,"column":4},"end":{"line":25,"column":5}},"loc":{"start":{"line":25,"column":53},"end":{"line":41,"column":5}},"line":25},"6":{"name":"(anonymous_6)","decl":{"start":{"line":28,"column":32},"end":{"line":28,"column":33}},"loc":{"start":{"line":28,"column":86},"end":{"line":37,"column":9}},"line":28},"7":{"name":"(anonymous_7)","decl":{"start":{"line":36,"column":44},"end":{"line":36,"column":45}},"loc":{"start":{"line":36,"column":55},"end":{"line":36,"column":86}},"line":36},"8":{"name":"(anonymous_8)","decl":{"start":{"line":39,"column":40},"end":{"line":39,"column":41}},"loc":{"start":{"line":39,"column":51},"end":{"line":39,"column":86}},"line":39}},"branchMap":{"0":{"loc":{"start":{"line":30,"column":12},"end":{"line":31,"column":102}},"type":"if","locations":[{"start":{"line":30,"column":12},"end":{"line":31,"column":102}},{"start":{},"end":{}}],"line":30}},"s":{"0":1,"1":0,"2":2,"3":0,"4":0,"5":14,"6":10,"7":4,"8":0,"9":0,"10":0,"11":0,"12":0,"13":0,"14":0,"15":0,"16":0,"17":0,"18":0,"19":0},"f":{"0":0,"1":0,"2":4,"3":14,"4":10,"5":0,"6":0,"7":0,"8":0},"b":{"0":[0,0]},"_coverageSchema":"1a1c01bbd47fc00a2c39e90264f33305004495a9","hash":"9a2761c4f3191c6678c645f4a6aeb2f7f79edc49"}
}
