{"/Users/kikurage/workspace/note/workspaces/textarea-handling/src/core/Cursor.ts": {"path":"/Users/kikurage/workspace/note/workspaces/textarea-handling/src/core/Cursor.ts","statementMap":{"0":{"start":{"line":19,"column":8},"end":{"line":31,"column":9}},"1":{"start":{"line":20,"column":12},"end":{"line":30,"column":13}},"2":{"start":{"line":21,"column":35},"end":{"line":21,"column":39}},"3":{"start":{"line":22,"column":16},"end":{"line":22,"column":85}},"4":{"start":{"line":24,"column":16},"end":{"line":24,"column":44}},"5":{"start":{"line":26,"column":33},"end":{"line":26,"column":37}},"6":{"start":{"line":27,"column":16},"end":{"line":27,"column":81}},"7":{"start":{"line":29,"column":16},"end":{"line":29,"column":55}},"8":{"start":{"line":32,"column":8},"end":{"line":45,"column":9}},"9":{"start":{"line":33,"column":12},"end":{"line":44,"column":13}},"10":{"start":{"line":34,"column":40},"end":{"line":34,"column":44}},"11":{"start":{"line":35,"column":16},"end":{"line":35,"column":79}},"12":{"start":{"line":37,"column":16},"end":{"line":37,"column":49}},"13":{"start":{"line":39,"column":41},"end":{"line":39,"column":45}},"14":{"start":{"line":40,"column":16},"end":{"line":40,"column":81}},"15":{"start":{"line":41,"column":16},"end":{"line":41,"column":81}},"16":{"start":{"line":43,"column":16},"end":{"line":43,"column":63}},"17":{"start":{"line":46,"column":8},"end":{"line":53,"column":9}},"18":{"start":{"line":47,"column":51},"end":{"line":47,"column":55}},"19":{"start":{"line":48,"column":12},"end":{"line":48,"column":77}},"20":{"start":{"line":49,"column":12},"end":{"line":49,"column":85}},"21":{"start":{"line":50,"column":12},"end":{"line":50,"column":81}},"22":{"start":{"line":52,"column":12},"end":{"line":52,"column":94}},"23":{"start":{"line":54,"column":8},"end":{"line":62,"column":9}},"24":{"start":{"line":55,"column":75},"end":{"line":55,"column":79}},"25":{"start":{"line":56,"column":12},"end":{"line":56,"column":89}},"26":{"start":{"line":57,"column":12},"end":{"line":57,"column":89}},"27":{"start":{"line":58,"column":12},"end":{"line":58,"column":87}},"28":{"start":{"line":59,"column":12},"end":{"line":59,"column":87}},"29":{"start":{"line":61,"column":12},"end":{"line":61,"column":110}},"30":{"start":{"line":64,"column":8},"end":{"line":64,"column":45}},"31":{"start":{"line":68,"column":8},"end":{"line":68,"column":46}},"32":{"start":{"line":72,"column":8},"end":{"line":72,"column":77}},"33":{"start":{"line":76,"column":8},"end":{"line":80,"column":9}},"34":{"start":{"line":77,"column":12},"end":{"line":77,"column":45}},"35":{"start":{"line":79,"column":12},"end":{"line":79,"column":45}}},"fnMap":{"0":{"name":"(anonymous_0)","decl":{"start":{"line":7,"column":4},"end":{"line":7,"column":5}},"loc":{"start":{"line":10,"column":6},"end":{"line":10,"column":8}},"line":10},"1":{"name":"(anonymous_1)","decl":{"start":{"line":18,"column":4},"end":{"line":18,"column":5}},"loc":{"start":{"line":18,"column":42},"end":{"line":65,"column":5}},"line":18},"2":{"name":"(anonymous_2)","decl":{"start":{"line":67,"column":4},"end":{"line":67,"column":5}},"loc":{"start":{"line":67,"column":20},"end":{"line":69,"column":5}},"line":67},"3":{"name":"(anonymous_3)","decl":{"start":{"line":71,"column":4},"end":{"line":71,"column":5}},"loc":{"start":{"line":71,"column":15},"end":{"line":73,"column":5}},"line":71},"4":{"name":"(anonymous_4)","decl":{"start":{"line":75,"column":4},"end":{"line":75,"column":5}},"loc":{"start":{"line":75,"column":55},"end":{"line":81,"column":5}},"line":75}},"branchMap":{"0":{"loc":{"start":{"line":9,"column":17},"end":{"line":9,"column":41}},"type":"default-arg","locations":[{"start":{"line":9,"column":35},"end":{"line":9,"column":41}}],"line":9},"1":{"loc":{"start":{"line":19,"column":8},"end":{"line":31,"column":9}},"type":"if","locations":[{"start":{"line":19,"column":8},"end":{"line":31,"column":9}},{"start":{},"end":{}}],"line":19},"2":{"loc":{"start":{"line":20,"column":12},"end":{"line":30,"column":13}},"type":"if","locations":[{"start":{"line":20,"column":12},"end":{"line":30,"column":13}},{"start":{"line":25,"column":19},"end":{"line":30,"column":13}}],"line":20},"3":{"loc":{"start":{"line":32,"column":8},"end":{"line":45,"column":9}},"type":"if","locations":[{"start":{"line":32,"column":8},"end":{"line":45,"column":9}},{"start":{},"end":{}}],"line":32},"4":{"loc":{"start":{"line":33,"column":12},"end":{"line":44,"column":13}},"type":"if","locations":[{"start":{"line":33,"column":12},"end":{"line":44,"column":13}},{"start":{"line":38,"column":19},"end":{"line":44,"column":13}}],"line":33},"5":{"loc":{"start":{"line":46,"column":8},"end":{"line":53,"column":9}},"type":"if","locations":[{"start":{"line":46,"column":8},"end":{"line":53,"column":9}},{"start":{},"end":{}}],"line":46},"6":{"loc":{"start":{"line":54,"column":8},"end":{"line":62,"column":9}},"type":"if","locations":[{"start":{"line":54,"column":8},"end":{"line":62,"column":9}},{"start":{},"end":{}}],"line":54},"7":{"loc":{"start":{"line":76,"column":8},"end":{"line":80,"column":9}},"type":"if","locations":[{"start":{"line":76,"column":8},"end":{"line":80,"column":9}},{"start":{"line":78,"column":15},"end":{"line":80,"column":9}}],"line":76}},"s":{"0":17,"1":10,"2":5,"3":5,"4":5,"5":5,"6":5,"7":5,"8":7,"9":7,"10":0,"11":0,"12":0,"13":7,"14":7,"15":7,"16":7,"17":0,"18":0,"19":0,"20":0,"21":0,"22":0,"23":0,"24":0,"25":0,"26":0,"27":0,"28":0,"29":0,"30":0,"31":7,"32":0,"33":0,"34":0,"35":0},"f":{"0":17,"1":17,"2":7,"3":0,"4":0},"b":{"0":[17],"1":[10,7],"2":[5,5],"3":[7,0],"4":[0,7],"5":[0,0],"6":[0,0],"7":[0,0]},"_coverageSchema":"1a1c01bbd47fc00a2c39e90264f33305004495a9","hash":"2928a3bb03c43fd35261983f551610bc2d559dd7"}
,"/Users/kikurage/workspace/note/workspaces/textarea-handling/src/core/Doc.ts": {"path":"/Users/kikurage/workspace/note/workspaces/textarea-handling/src/core/Doc.ts","statementMap":{"0":{"start":{"line":12,"column":4},"end":{"line":17,"column":13}},"1":{"start":{"line":13,"column":23},"end":{"line":13,"column":43}},"2":{"start":{"line":14,"column":8},"end":{"line":14,"column":50}},"3":{"start":{"line":15,"column":8},"end":{"line":15,"column":22}},"4":{"start":{"line":29,"column":21},"end":{"line":29,"column":37}},"5":{"start":{"line":30,"column":8},"end":{"line":30,"column":79}},"6":{"start":{"line":34,"column":8},"end":{"line":34,"column":49}},"7":{"start":{"line":37,"column":19},"end":{"line":37,"column":42}},"8":{"start":{"line":40,"column":8},"end":{"line":40,"column":71}},"9":{"start":{"line":43,"column":31},"end":{"line":43,"column":66}},"10":{"start":{"line":46,"column":24},"end":{"line":46,"column":60}},"11":{"start":{"line":47,"column":8},"end":{"line":47,"column":42}},"12":{"start":{"line":47,"column":30},"end":{"line":47,"column":42}},"13":{"start":{"line":49,"column":8},"end":{"line":49,"column":39}},"14":{"start":{"line":52,"column":29},"end":{"line":52,"column":62}},"15":{"start":{"line":55,"column":25},"end":{"line":55,"column":52}},"16":{"start":{"line":56,"column":8},"end":{"line":56,"column":43}},"17":{"start":{"line":56,"column":31},"end":{"line":56,"column":43}},"18":{"start":{"line":58,"column":23},"end":{"line":58,"column":48}},"19":{"start":{"line":59,"column":8},"end":{"line":59,"column":41}},"20":{"start":{"line":59,"column":29},"end":{"line":59,"column":41}},"21":{"start":{"line":61,"column":8},"end":{"line":61,"column":45}},"22":{"start":{"line":64,"column":27},"end":{"line":64,"column":58}},"23":{"start":{"line":67,"column":25},"end":{"line":67,"column":52}},"24":{"start":{"line":68,"column":8},"end":{"line":68,"column":43}},"25":{"start":{"line":68,"column":31},"end":{"line":68,"column":43}},"26":{"start":{"line":70,"column":8},"end":{"line":70,"column":40}},"27":{"start":{"line":73,"column":22},"end":{"line":73,"column":48}},"28":{"start":{"line":76,"column":8},"end":{"line":76,"column":53}},"29":{"start":{"line":79,"column":24},"end":{"line":79,"column":52}},"30":{"start":{"line":82,"column":8},"end":{"line":84,"column":34}},"31":{"start":{"line":83,"column":30},"end":{"line":83,"column":53}},"32":{"start":{"line":88,"column":8},"end":{"line":88,"column":53}},"33":{"start":{"line":92,"column":23},"end":{"line":92,"column":75}},"34":{"start":{"line":93,"column":8},"end":{"line":93,"column":39}},"35":{"start":{"line":93,"column":27},"end":{"line":93,"column":39}},"36":{"start":{"line":94,"column":8},"end":{"line":94,"column":22}},"37":{"start":{"line":97,"column":22},"end":{"line":97,"column":48}},"38":{"start":{"line":100,"column":8},"end":{"line":100,"column":48}},"39":{"start":{"line":103,"column":28},"end":{"line":103,"column":60}},"40":{"start":{"line":106,"column":25},"end":{"line":106,"column":46}},"41":{"start":{"line":107,"column":8},"end":{"line":107,"column":53}},"42":{"start":{"line":110,"column":27},"end":{"line":110,"column":58}},"43":{"start":{"line":113,"column":25},"end":{"line":113,"column":52}},"44":{"start":{"line":114,"column":8},"end":{"line":114,"column":43}},"45":{"start":{"line":114,"column":31},"end":{"line":114,"column":43}},"46":{"start":{"line":116,"column":23},"end":{"line":116,"column":48}},"47":{"start":{"line":117,"column":8},"end":{"line":117,"column":41}},"48":{"start":{"line":117,"column":29},"end":{"line":117,"column":41}},"49":{"start":{"line":119,"column":8},"end":{"line":119,"column":45}},"50":{"start":{"line":122,"column":29},"end":{"line":122,"column":62}},"51":{"start":{"line":125,"column":25},"end":{"line":125,"column":52}},"52":{"start":{"line":126,"column":8},"end":{"line":126,"column":43}},"53":{"start":{"line":126,"column":31},"end":{"line":126,"column":43}},"54":{"start":{"line":128,"column":23},"end":{"line":128,"column":48}},"55":{"start":{"line":129,"column":8},"end":{"line":129,"column":41}},"56":{"start":{"line":129,"column":29},"end":{"line":129,"column":41}},"57":{"start":{"line":131,"column":8},"end":{"line":131,"column":49}},"58":{"start":{"line":134,"column":27},"end":{"line":134,"column":58}},"59":{"start":{"line":137,"column":8},"end":{"line":137,"column":47}},"60":{"start":{"line":137,"column":35},"end":{"line":137,"column":47}},"61":{"start":{"line":138,"column":8},"end":{"line":138,"column":59}},"62":{"start":{"line":141,"column":34},"end":{"line":141,"column":72}},"63":{"start":{"line":144,"column":23},"end":{"line":144,"column":62}},"64":{"start":{"line":145,"column":8},"end":{"line":145,"column":41}},"65":{"start":{"line":145,"column":29},"end":{"line":145,"column":41}},"66":{"start":{"line":147,"column":8},"end":{"line":147,"column":38}},"67":{"start":{"line":150,"column":32},"end":{"line":150,"column":68}},"68":{"start":{"line":153,"column":25},"end":{"line":153,"column":55}},"69":{"start":{"line":154,"column":8},"end":{"line":154,"column":43}},"70":{"start":{"line":154,"column":31},"end":{"line":154,"column":43}},"71":{"start":{"line":156,"column":8},"end":{"line":156,"column":55}},"72":{"start":{"line":159,"column":33},"end":{"line":159,"column":70}},"73":{"start":{"line":162,"column":26},"end":{"line":162,"column":62}},"74":{"start":{"line":163,"column":8},"end":{"line":163,"column":44}},"75":{"start":{"line":163,"column":32},"end":{"line":163,"column":44}},"76":{"start":{"line":165,"column":8},"end":{"line":165,"column":41}},"77":{"start":{"line":168,"column":31},"end":{"line":168,"column":66}},"78":{"start":{"line":171,"column":8},"end":{"line":171,"column":59}},"79":{"start":{"line":174,"column":34},"end":{"line":174,"column":72}},"80":{"start":{"line":177,"column":23},"end":{"line":177,"column":62}},"81":{"start":{"line":178,"column":8},"end":{"line":178,"column":41}},"82":{"start":{"line":178,"column":29},"end":{"line":178,"column":41}},"83":{"start":{"line":180,"column":8},"end":{"line":180,"column":38}},"84":{"start":{"line":183,"column":32},"end":{"line":183,"column":68}},"85":{"start":{"line":186,"column":25},"end":{"line":186,"column":55}},"86":{"start":{"line":187,"column":8},"end":{"line":187,"column":43}},"87":{"start":{"line":187,"column":31},"end":{"line":187,"column":43}},"88":{"start":{"line":189,"column":8},"end":{"line":189,"column":55}},"89":{"start":{"line":192,"column":33},"end":{"line":192,"column":70}},"90":{"start":{"line":195,"column":26},"end":{"line":195,"column":62}},"91":{"start":{"line":196,"column":8},"end":{"line":196,"column":44}},"92":{"start":{"line":196,"column":32},"end":{"line":196,"column":44}},"93":{"start":{"line":198,"column":8},"end":{"line":198,"column":41}},"94":{"start":{"line":201,"column":31},"end":{"line":201,"column":66}},"95":{"start":{"line":204,"column":39},"end":{"line":204,"column":45}},"96":{"start":{"line":205,"column":8},"end":{"line":209,"column":9}},"97":{"start":{"line":206,"column":12},"end":{"line":206,"column":65}},"98":{"start":{"line":206,"column":48},"end":{"line":206,"column":65}},"99":{"start":{"line":208,"column":12},"end":{"line":208,"column":55}},"100":{"start":{"line":210,"column":8},"end":{"line":210,"column":20}},"101":{"start":{"line":214,"column":28},"end":{"line":214,"column":53}},"102":{"start":{"line":215,"column":28},"end":{"line":215,"column":53}},"103":{"start":{"line":216,"column":25},"end":{"line":216,"column":47}},"104":{"start":{"line":218,"column":8},"end":{"line":218,"column":74}},"105":{"start":{"line":220,"column":8},"end":{"line":220,"column":70}},"106":{"start":{"line":224,"column":8},"end":{"line":224,"column":43}},"107":{"start":{"line":228,"column":8},"end":{"line":228,"column":75}},"108":{"start":{"line":232,"column":8},"end":{"line":232,"column":68}},"109":{"start":{"line":236,"column":8},"end":{"line":236,"column":59}},"110":{"start":{"line":240,"column":25},"end":{"line":240,"column":48}},"111":{"start":{"line":241,"column":8},"end":{"line":241,"column":73}},"112":{"start":{"line":245,"column":28},"end":{"line":245,"column":53}},"113":{"start":{"line":246,"column":28},"end":{"line":246,"column":53}},"114":{"start":{"line":247,"column":25},"end":{"line":247,"column":47}},"115":{"start":{"line":249,"column":8},"end":{"line":249,"column":66}},"116":{"start":{"line":251,"column":8},"end":{"line":251,"column":70}},"117":{"start":{"line":255,"column":28},"end":{"line":255,"column":53}},"118":{"start":{"line":256,"column":28},"end":{"line":256,"column":53}},"119":{"start":{"line":257,"column":25},"end":{"line":257,"column":47}},"120":{"start":{"line":259,"column":8},"end":{"line":259,"column":96}},"121":{"start":{"line":261,"column":8},"end":{"line":261,"column":70}},"122":{"start":{"line":265,"column":28},"end":{"line":265,"column":53}},"123":{"start":{"line":266,"column":28},"end":{"line":266,"column":53}},"124":{"start":{"line":267,"column":25},"end":{"line":267,"column":47}},"125":{"start":{"line":269,"column":24},"end":{"line":269,"column":44}},"126":{"start":{"line":270,"column":8},"end":{"line":270,"column":42}},"127":{"start":{"line":270,"column":30},"end":{"line":270,"column":42}},"128":{"start":{"line":272,"column":8},"end":{"line":272,"column":113}},"129":{"start":{"line":274,"column":8},"end":{"line":274,"column":70}},"130":{"start":{"line":278,"column":8},"end":{"line":278,"column":63}},"131":{"start":{"line":282,"column":31},"end":{"line":282,"column":33}},"132":{"start":{"line":283,"column":39},"end":{"line":283,"column":45}},"133":{"start":{"line":284,"column":8},"end":{"line":287,"column":9}},"134":{"start":{"line":285,"column":12},"end":{"line":285,"column":36}},"135":{"start":{"line":286,"column":12},"end":{"line":286,"column":55}},"136":{"start":{"line":288,"column":8},"end":{"line":288,"column":81}},"137":{"start":{"line":289,"column":8},"end":{"line":289,"column":20}},"138":{"start":{"line":293,"column":8},"end":{"line":293,"column":83}},"139":{"start":{"line":293,"column":38},"end":{"line":293,"column":83}},"140":{"start":{"line":294,"column":8},"end":{"line":294,"column":83}},"141":{"start":{"line":294,"column":38},"end":{"line":294,"column":83}},"142":{"start":{"line":296,"column":22},"end":{"line":296,"column":51}},"143":{"start":{"line":297,"column":22},"end":{"line":297,"column":51}},"144":{"start":{"line":299,"column":27},"end":{"line":299,"column":63}},"145":{"start":{"line":301,"column":8},"end":{"line":301,"column":76}},"146":{"start":{"line":303,"column":8},"end":{"line":312,"column":9}},"147":{"start":{"line":303,"column":21},"end":{"line":303,"column":22}},"148":{"start":{"line":304,"column":24},"end":{"line":304,"column":32}},"149":{"start":{"line":305,"column":24},"end":{"line":305,"column":32}},"150":{"start":{"line":306,"column":12},"end":{"line":306,"column":38}},"151":{"start":{"line":306,"column":29},"end":{"line":306,"column":38}},"152":{"start":{"line":308,"column":28},"end":{"line":308,"column":44}},"153":{"start":{"line":309,"column":28},"end":{"line":309,"column":44}},"154":{"start":{"line":311,"column":12},"end":{"line":311,"column":46}},"155":{"start":{"line":314,"column":8},"end":{"line":317,"column":9}},"156":{"start":{"line":315,"column":28},"end":{"line":315,"column":58}},"157":{"start":{"line":316,"column":12},"end":{"line":316,"column":51}},"158":{"start":{"line":319,"column":8},"end":{"line":322,"column":9}},"159":{"start":{"line":320,"column":28},"end":{"line":320,"column":58}},"160":{"start":{"line":321,"column":12},"end":{"line":321,"column":51}},"161":{"start":{"line":324,"column":8},"end":{"line":324,"column":82}},"162":{"start":{"line":329,"column":4},"end":{"line":329,"column":41}},"163":{"start":{"line":333,"column":4},"end":{"line":333,"column":43}},"164":{"start":{"line":343,"column":4},"end":{"line":343,"column":67}},"165":{"start":{"line":345,"column":22},"end":{"line":345,"column":46}},"166":{"start":{"line":346,"column":4},"end":{"line":349,"column":5}},"167":{"start":{"line":347,"column":8},"end":{"line":347,"column":101}},"168":{"start":{"line":347,"column":78},"end":{"line":347,"column":92}},"169":{"start":{"line":348,"column":8},"end":{"line":348,"column":36}},"170":{"start":{"line":351,"column":21},"end":{"line":351,"column":70}},"171":{"start":{"line":352,"column":4},"end":{"line":352,"column":49}},"172":{"start":{"line":354,"column":4},"end":{"line":354,"column":47}},"173":{"start":{"line":355,"column":4},"end":{"line":355,"column":46}},"174":{"start":{"line":356,"column":4},"end":{"line":356,"column":32}},"175":{"start":{"line":365,"column":4},"end":{"line":367,"column":5}},"176":{"start":{"line":366,"column":8},"end":{"line":366,"column":67}},"177":{"start":{"line":369,"column":4},"end":{"line":369,"column":28}},"178":{"start":{"line":370,"column":4},"end":{"line":370,"column":31}},"179":{"start":{"line":372,"column":21},"end":{"line":372,"column":53}},"180":{"start":{"line":373,"column":4},"end":{"line":373,"column":34}},"181":{"start":{"line":373,"column":27},"end":{"line":373,"column":34}},"182":{"start":{"line":375,"column":21},"end":{"line":375,"column":55}},"183":{"start":{"line":377,"column":19},"end":{"line":377,"column":43}},"184":{"start":{"line":378,"column":4},"end":{"line":378,"column":63}},"185":{"start":{"line":380,"column":4},"end":{"line":386,"column":5}},"186":{"start":{"line":381,"column":8},"end":{"line":381,"column":37}},"187":{"start":{"line":383,"column":28},"end":{"line":383,"column":44}},"188":{"start":{"line":384,"column":8},"end":{"line":384,"column":38}},"189":{"start":{"line":385,"column":8},"end":{"line":385,"column":47}},"190":{"start":{"line":387,"column":4},"end":{"line":387,"column":31}},"191":{"start":{"line":399,"column":27},"end":{"line":399,"column":106}},"192":{"start":{"line":400,"column":4},"end":{"line":403,"column":5}},"193":{"start":{"line":401,"column":8},"end":{"line":401,"column":99}},"194":{"start":{"line":402,"column":8},"end":{"line":402,"column":39}},"195":{"start":{"line":404,"column":4},"end":{"line":406,"column":5}},"196":{"start":{"line":405,"column":8},"end":{"line":405,"column":73}},"197":{"start":{"line":409,"column":15},"end":{"line":409,"column":29}}},"fnMap":{"0":{"name":"nonnull","decl":{"start":{"line":8,"column":9},"end":{"line":8,"column":16}},"loc":{"start":{"line":10,"column":84},"end":{"line":18,"column":1}},"line":10},"1":{"name":"(anonymous_1)","decl":{"start":{"line":12,"column":11},"end":{"line":12,"column":12}},"loc":{"start":{"line":12,"column":48},"end":{"line":17,"column":5}},"line":12},"2":{"name":"(anonymous_2)","decl":{"start":{"line":21,"column":4},"end":{"line":21,"column":5}},"loc":{"start":{"line":26,"column":6},"end":{"line":26,"column":8}},"line":26},"3":{"name":"(anonymous_3)","decl":{"start":{"line":28,"column":4},"end":{"line":28,"column":5}},"loc":{"start":{"line":28,"column":19},"end":{"line":31,"column":5}},"line":28},"4":{"name":"(anonymous_4)","decl":{"start":{"line":33,"column":4},"end":{"line":33,"column":5}},"loc":{"start":{"line":33,"column":30},"end":{"line":35,"column":5}},"line":33},"5":{"name":"(anonymous_5)","decl":{"start":{"line":39,"column":4},"end":{"line":39,"column":5}},"loc":{"start":{"line":39,"column":61},"end":{"line":41,"column":5}},"line":39},"6":{"name":"(anonymous_6)","decl":{"start":{"line":45,"column":4},"end":{"line":45,"column":5}},"loc":{"start":{"line":45,"column":57},"end":{"line":50,"column":5}},"line":45},"7":{"name":"(anonymous_7)","decl":{"start":{"line":54,"column":4},"end":{"line":54,"column":5}},"loc":{"start":{"line":54,"column":55},"end":{"line":62,"column":5}},"line":54},"8":{"name":"(anonymous_8)","decl":{"start":{"line":66,"column":4},"end":{"line":66,"column":5}},"loc":{"start":{"line":66,"column":46},"end":{"line":71,"column":5}},"line":66},"9":{"name":"(anonymous_9)","decl":{"start":{"line":75,"column":4},"end":{"line":75,"column":5}},"loc":{"start":{"line":75,"column":50},"end":{"line":77,"column":5}},"line":75},"10":{"name":"(anonymous_10)","decl":{"start":{"line":81,"column":4},"end":{"line":81,"column":5}},"loc":{"start":{"line":81,"column":46},"end":{"line":85,"column":5}},"line":81},"11":{"name":"(anonymous_11)","decl":{"start":{"line":83,"column":17},"end":{"line":83,"column":18}},"loc":{"start":{"line":83,"column":30},"end":{"line":83,"column":53}},"line":83},"12":{"name":"(anonymous_12)","decl":{"start":{"line":87,"column":4},"end":{"line":87,"column":5}},"loc":{"start":{"line":87,"column":29},"end":{"line":89,"column":5}},"line":87},"13":{"name":"(anonymous_13)","decl":{"start":{"line":91,"column":4},"end":{"line":91,"column":5}},"loc":{"start":{"line":91,"column":48},"end":{"line":95,"column":5}},"line":91},"14":{"name":"(anonymous_14)","decl":{"start":{"line":99,"column":4},"end":{"line":99,"column":5}},"loc":{"start":{"line":99,"column":54},"end":{"line":101,"column":5}},"line":99},"15":{"name":"(anonymous_15)","decl":{"start":{"line":105,"column":4},"end":{"line":105,"column":5}},"loc":{"start":{"line":105,"column":53},"end":{"line":108,"column":5}},"line":105},"16":{"name":"(anonymous_16)","decl":{"start":{"line":112,"column":4},"end":{"line":112,"column":5}},"loc":{"start":{"line":112,"column":57},"end":{"line":120,"column":5}},"line":112},"17":{"name":"(anonymous_17)","decl":{"start":{"line":124,"column":4},"end":{"line":124,"column":5}},"loc":{"start":{"line":124,"column":55},"end":{"line":132,"column":5}},"line":124},"18":{"name":"(anonymous_18)","decl":{"start":{"line":136,"column":4},"end":{"line":136,"column":5}},"loc":{"start":{"line":136,"column":64},"end":{"line":139,"column":5}},"line":136},"19":{"name":"(anonymous_19)","decl":{"start":{"line":143,"column":4},"end":{"line":143,"column":5}},"loc":{"start":{"line":143,"column":47},"end":{"line":148,"column":5}},"line":143},"20":{"name":"(anonymous_20)","decl":{"start":{"line":152,"column":4},"end":{"line":152,"column":5}},"loc":{"start":{"line":152,"column":59},"end":{"line":157,"column":5}},"line":152},"21":{"name":"(anonymous_21)","decl":{"start":{"line":161,"column":4},"end":{"line":161,"column":5}},"loc":{"start":{"line":161,"column":55},"end":{"line":166,"column":5}},"line":161},"22":{"name":"(anonymous_22)","decl":{"start":{"line":170,"column":4},"end":{"line":170,"column":5}},"loc":{"start":{"line":170,"column":64},"end":{"line":172,"column":5}},"line":170},"23":{"name":"(anonymous_23)","decl":{"start":{"line":176,"column":4},"end":{"line":176,"column":5}},"loc":{"start":{"line":176,"column":60},"end":{"line":181,"column":5}},"line":176},"24":{"name":"(anonymous_24)","decl":{"start":{"line":185,"column":4},"end":{"line":185,"column":5}},"loc":{"start":{"line":185,"column":59},"end":{"line":190,"column":5}},"line":185},"25":{"name":"(anonymous_25)","decl":{"start":{"line":194,"column":4},"end":{"line":194,"column":5}},"loc":{"start":{"line":194,"column":55},"end":{"line":199,"column":5}},"line":194},"26":{"name":"(anonymous_26)","decl":{"start":{"line":203,"column":4},"end":{"line":203,"column":5}},"loc":{"start":{"line":203,"column":84},"end":{"line":211,"column":5}},"line":203},"27":{"name":"(anonymous_27)","decl":{"start":{"line":213,"column":4},"end":{"line":213,"column":5}},"loc":{"start":{"line":213,"column":43},"end":{"line":221,"column":5}},"line":213},"28":{"name":"(anonymous_28)","decl":{"start":{"line":223,"column":4},"end":{"line":223,"column":5}},"loc":{"start":{"line":223,"column":53},"end":{"line":225,"column":5}},"line":223},"29":{"name":"(anonymous_29)","decl":{"start":{"line":227,"column":4},"end":{"line":227,"column":5}},"loc":{"start":{"line":227,"column":53},"end":{"line":229,"column":5}},"line":227},"30":{"name":"(anonymous_30)","decl":{"start":{"line":231,"column":4},"end":{"line":231,"column":5}},"loc":{"start":{"line":231,"column":54},"end":{"line":233,"column":5}},"line":231},"31":{"name":"(anonymous_31)","decl":{"start":{"line":235,"column":4},"end":{"line":235,"column":5}},"loc":{"start":{"line":235,"column":46},"end":{"line":237,"column":5}},"line":235},"32":{"name":"(anonymous_32)","decl":{"start":{"line":239,"column":4},"end":{"line":239,"column":5}},"loc":{"start":{"line":239,"column":45},"end":{"line":242,"column":5}},"line":239},"33":{"name":"(anonymous_33)","decl":{"start":{"line":244,"column":4},"end":{"line":244,"column":5}},"loc":{"start":{"line":244,"column":27},"end":{"line":252,"column":5}},"line":244},"34":{"name":"(anonymous_34)","decl":{"start":{"line":254,"column":4},"end":{"line":254,"column":5}},"loc":{"start":{"line":254,"column":90},"end":{"line":262,"column":5}},"line":254},"35":{"name":"(anonymous_35)","decl":{"start":{"line":264,"column":4},"end":{"line":264,"column":5}},"loc":{"start":{"line":264,"column":40},"end":{"line":275,"column":5}},"line":264},"36":{"name":"(anonymous_36)","decl":{"start":{"line":277,"column":4},"end":{"line":277,"column":5}},"loc":{"start":{"line":277,"column":58},"end":{"line":279,"column":5}},"line":277},"37":{"name":"(anonymous_37)","decl":{"start":{"line":281,"column":4},"end":{"line":281,"column":5}},"loc":{"start":{"line":281,"column":42},"end":{"line":290,"column":5}},"line":281},"38":{"name":"(anonymous_38)","decl":{"start":{"line":292,"column":4},"end":{"line":292,"column":5}},"loc":{"start":{"line":292,"column":74},"end":{"line":325,"column":5}},"line":292},"39":{"name":"getChildIds","decl":{"start":{"line":328,"column":9},"end":{"line":328,"column":20}},"loc":{"start":{"line":328,"column":109},"end":{"line":330,"column":1}},"line":328},"40":{"name":"getParentId","decl":{"start":{"line":332,"column":9},"end":{"line":332,"column":20}},"loc":{"start":{"line":332,"column":94},"end":{"line":334,"column":1}},"line":332},"41":{"name":"insertInPlace","decl":{"start":{"line":336,"column":9},"end":{"line":336,"column":22}},"loc":{"start":{"line":342,"column":2},"end":{"line":357,"column":1}},"line":342},"42":{"name":"(anonymous_42)","decl":{"start":{"line":347,"column":70},"end":{"line":347,"column":71}},"loc":{"start":{"line":347,"column":78},"end":{"line":347,"column":92}},"line":347},"43":{"name":"deleteInPlace","decl":{"start":{"line":359,"column":9},"end":{"line":359,"column":22}},"loc":{"start":{"line":364,"column":2},"end":{"line":388,"column":1}},"line":364},"44":{"name":"spliceInPlace","decl":{"start":{"line":390,"column":9},"end":{"line":390,"column":22}},"loc":{"start":{"line":398,"column":2},"end":{"line":407,"column":1}},"line":398}},"branchMap":{"0":{"loc":{"start":{"line":22,"column":25},"end":{"line":22,"column":88}},"type":"default-arg","locations":[{"start":{"line":22,"column":79},"end":{"line":22,"column":88}}],"line":22},"1":{"loc":{"start":{"line":23,"column":25},"end":{"line":23,"column":77}},"type":"default-arg","locations":[{"start":{"line":23,"column":68},"end":{"line":23,"column":77}}],"line":23},"2":{"loc":{"start":{"line":24,"column":25},"end":{"line":24,"column":72}},"type":"default-arg","locations":[{"start":{"line":24,"column":63},"end":{"line":24,"column":72}}],"line":24},"3":{"loc":{"start":{"line":34,"column":15},"end":{"line":34,"column":48}},"type":"binary-expr","locations":[{"start":{"line":34,"column":15},"end":{"line":34,"column":40}},{"start":{"line":34,"column":44},"end":{"line":34,"column":48}}],"line":34},"4":{"loc":{"start":{"line":40,"column":15},"end":{"line":40,"column":70}},"type":"binary-expr","locations":[{"start":{"line":40,"column":15},"end":{"line":40,"column":62}},{"start":{"line":40,"column":66},"end":{"line":40,"column":70}}],"line":40},"5":{"loc":{"start":{"line":47,"column":8},"end":{"line":47,"column":42}},"type":"if","locations":[{"start":{"line":47,"column":8},"end":{"line":47,"column":42}},{"start":{},"end":{}}],"line":47},"6":{"loc":{"start":{"line":56,"column":8},"end":{"line":56,"column":43}},"type":"if","locations":[{"start":{"line":56,"column":8},"end":{"line":56,"column":43}},{"start":{},"end":{}}],"line":56},"7":{"loc":{"start":{"line":59,"column":8},"end":{"line":59,"column":41}},"type":"if","locations":[{"start":{"line":59,"column":8},"end":{"line":59,"column":41}},{"start":{},"end":{}}],"line":59},"8":{"loc":{"start":{"line":68,"column":8},"end":{"line":68,"column":43}},"type":"if","locations":[{"start":{"line":68,"column":8},"end":{"line":68,"column":43}},{"start":{},"end":{}}],"line":68},"9":{"loc":{"start":{"line":93,"column":8},"end":{"line":93,"column":39}},"type":"if","locations":[{"start":{"line":93,"column":8},"end":{"line":93,"column":39}},{"start":{},"end":{}}],"line":93},"10":{"loc":{"start":{"line":100,"column":15},"end":{"line":100,"column":47}},"type":"binary-expr","locations":[{"start":{"line":100,"column":15},"end":{"line":100,"column":39}},{"start":{"line":100,"column":43},"end":{"line":100,"column":47}}],"line":100},"11":{"loc":{"start":{"line":107,"column":15},"end":{"line":107,"column":52}},"type":"binary-expr","locations":[{"start":{"line":107,"column":15},"end":{"line":107,"column":44}},{"start":{"line":107,"column":48},"end":{"line":107,"column":52}}],"line":107},"12":{"loc":{"start":{"line":114,"column":8},"end":{"line":114,"column":43}},"type":"if","locations":[{"start":{"line":114,"column":8},"end":{"line":114,"column":43}},{"start":{},"end":{}}],"line":114},"13":{"loc":{"start":{"line":117,"column":8},"end":{"line":117,"column":41}},"type":"if","locations":[{"start":{"line":117,"column":8},"end":{"line":117,"column":41}},{"start":{},"end":{}}],"line":117},"14":{"loc":{"start":{"line":126,"column":8},"end":{"line":126,"column":43}},"type":"if","locations":[{"start":{"line":126,"column":8},"end":{"line":126,"column":43}},{"start":{},"end":{}}],"line":126},"15":{"loc":{"start":{"line":129,"column":8},"end":{"line":129,"column":41}},"type":"if","locations":[{"start":{"line":129,"column":8},"end":{"line":129,"column":41}},{"start":{},"end":{}}],"line":129},"16":{"loc":{"start":{"line":137,"column":8},"end":{"line":137,"column":47}},"type":"if","locations":[{"start":{"line":137,"column":8},"end":{"line":137,"column":47}},{"start":{},"end":{}}],"line":137},"17":{"loc":{"start":{"line":145,"column":8},"end":{"line":145,"column":41}},"type":"if","locations":[{"start":{"line":145,"column":8},"end":{"line":145,"column":41}},{"start":{},"end":{}}],"line":145},"18":{"loc":{"start":{"line":154,"column":8},"end":{"line":154,"column":43}},"type":"if","locations":[{"start":{"line":154,"column":8},"end":{"line":154,"column":43}},{"start":{},"end":{}}],"line":154},"19":{"loc":{"start":{"line":163,"column":8},"end":{"line":163,"column":44}},"type":"if","locations":[{"start":{"line":163,"column":8},"end":{"line":163,"column":44}},{"start":{},"end":{}}],"line":163},"20":{"loc":{"start":{"line":178,"column":8},"end":{"line":178,"column":41}},"type":"if","locations":[{"start":{"line":178,"column":8},"end":{"line":178,"column":41}},{"start":{},"end":{}}],"line":178},"21":{"loc":{"start":{"line":187,"column":8},"end":{"line":187,"column":43}},"type":"if","locations":[{"start":{"line":187,"column":8},"end":{"line":187,"column":43}},{"start":{},"end":{}}],"line":187},"22":{"loc":{"start":{"line":196,"column":8},"end":{"line":196,"column":44}},"type":"if","locations":[{"start":{"line":196,"column":8},"end":{"line":196,"column":44}},{"start":{},"end":{}}],"line":196},"23":{"loc":{"start":{"line":206,"column":12},"end":{"line":206,"column":65}},"type":"if","locations":[{"start":{"line":206,"column":12},"end":{"line":206,"column":65}},{"start":{},"end":{}}],"line":206},"24":{"loc":{"start":{"line":270,"column":8},"end":{"line":270,"column":42}},"type":"if","locations":[{"start":{"line":270,"column":8},"end":{"line":270,"column":42}},{"start":{},"end":{}}],"line":270},"25":{"loc":{"start":{"line":293,"column":8},"end":{"line":293,"column":83}},"type":"if","locations":[{"start":{"line":293,"column":8},"end":{"line":293,"column":83}},{"start":{},"end":{}}],"line":293},"26":{"loc":{"start":{"line":294,"column":8},"end":{"line":294,"column":83}},"type":"if","locations":[{"start":{"line":294,"column":8},"end":{"line":294,"column":83}},{"start":{},"end":{}}],"line":294},"27":{"loc":{"start":{"line":306,"column":12},"end":{"line":306,"column":38}},"type":"if","locations":[{"start":{"line":306,"column":12},"end":{"line":306,"column":38}},{"start":{},"end":{}}],"line":306},"28":{"loc":{"start":{"line":311,"column":19},"end":{"line":311,"column":45}},"type":"cond-expr","locations":[{"start":{"line":311,"column":39},"end":{"line":311,"column":41}},{"start":{"line":311,"column":44},"end":{"line":311,"column":45}}],"line":311},"29":{"loc":{"start":{"line":314,"column":8},"end":{"line":317,"column":9}},"type":"if","locations":[{"start":{"line":314,"column":8},"end":{"line":317,"column":9}},{"start":{},"end":{}}],"line":314},"30":{"loc":{"start":{"line":316,"column":19},"end":{"line":316,"column":50}},"type":"cond-expr","locations":[{"start":{"line":316,"column":44},"end":{"line":316,"column":46}},{"start":{"line":316,"column":49},"end":{"line":316,"column":50}}],"line":316},"31":{"loc":{"start":{"line":319,"column":8},"end":{"line":322,"column":9}},"type":"if","locations":[{"start":{"line":319,"column":8},"end":{"line":322,"column":9}},{"start":{},"end":{}}],"line":319},"32":{"loc":{"start":{"line":321,"column":19},"end":{"line":321,"column":50}},"type":"cond-expr","locations":[{"start":{"line":321,"column":44},"end":{"line":321,"column":45}},{"start":{"line":321,"column":48},"end":{"line":321,"column":50}}],"line":321},"33":{"loc":{"start":{"line":324,"column":15},"end":{"line":324,"column":81}},"type":"cond-expr","locations":[{"start":{"line":324,"column":43},"end":{"line":324,"column":45}},{"start":{"line":324,"column":48},"end":{"line":324,"column":81}}],"line":324},"34":{"loc":{"start":{"line":324,"column":48},"end":{"line":324,"column":81}},"type":"cond-expr","locations":[{"start":{"line":324,"column":76},"end":{"line":324,"column":77}},{"start":{"line":324,"column":80},"end":{"line":324,"column":81}}],"line":324},"35":{"loc":{"start":{"line":329,"column":11},"end":{"line":329,"column":40}},"type":"binary-expr","locations":[{"start":{"line":329,"column":11},"end":{"line":329,"column":34}},{"start":{"line":329,"column":38},"end":{"line":329,"column":40}}],"line":329},"36":{"loc":{"start":{"line":333,"column":11},"end":{"line":333,"column":42}},"type":"binary-expr","locations":[{"start":{"line":333,"column":11},"end":{"line":333,"column":34}},{"start":{"line":333,"column":38},"end":{"line":333,"column":42}}],"line":333},"37":{"loc":{"start":{"line":346,"column":4},"end":{"line":349,"column":5}},"type":"if","locations":[{"start":{"line":346,"column":4},"end":{"line":349,"column":5}},{"start":{},"end":{}}],"line":346},"38":{"loc":{"start":{"line":347,"column":35},"end":{"line":347,"column":99}},"type":"binary-expr","locations":[{"start":{"line":347,"column":35},"end":{"line":347,"column":93}},{"start":{"line":347,"column":97},"end":{"line":347,"column":99}}],"line":347},"39":{"loc":{"start":{"line":373,"column":4},"end":{"line":373,"column":34}},"type":"if","locations":[{"start":{"line":373,"column":4},"end":{"line":373,"column":34}},{"start":{},"end":{}}],"line":373},"40":{"loc":{"start":{"line":380,"column":4},"end":{"line":386,"column":5}},"type":"if","locations":[{"start":{"line":380,"column":4},"end":{"line":386,"column":5}},{"start":{"line":382,"column":11},"end":{"line":386,"column":5}}],"line":380}},"s":{"0":5529,"1":285,"2":285,"3":277,"4":90,"5":90,"6":172,"7":291,"8":49,"9":291,"10":27,"11":27,"12":9,"13":18,"14":291,"15":28,"16":28,"17":8,"18":20,"19":20,"20":0,"21":20,"22":291,"23":6,"24":6,"25":2,"26":4,"27":291,"28":327,"29":291,"30":43,"31":38,"32":342,"33":88,"34":88,"35":0,"36":88,"37":291,"38":0,"39":291,"40":0,"41":0,"42":291,"43":7,"44":7,"45":0,"46":7,"47":7,"48":0,"49":7,"50":291,"51":17,"52":17,"53":0,"54":17,"55":17,"56":0,"57":17,"58":291,"59":13,"60":8,"61":5,"62":291,"63":11,"64":11,"65":7,"66":4,"67":291,"68":4,"69":4,"70":2,"71":2,"72":291,"73":4,"74":4,"75":3,"76":1,"77":291,"78":17,"79":291,"80":5,"81":5,"82":4,"83":1,"84":291,"85":14,"86":14,"87":2,"88":12,"89":291,"90":12,"91":12,"92":4,"93":8,"94":291,"95":7,"96":7,"97":8,"98":4,"99":3,"100":2,"101":165,"102":165,"103":165,"104":165,"105":162,"106":4,"107":7,"108":3,"109":5,"110":123,"111":123,"112":15,"113":15,"114":15,"115":15,"116":15,"117":10,"118":10,"119":10,"120":10,"121":9,"122":16,"123":16,"124":16,"125":16,"126":16,"127":0,"128":16,"129":15,"130":3,"131":72,"132":72,"133":72,"134":157,"135":157,"136":72,"137":70,"138":55,"139":11,"140":44,"141":14,"142":30,"143":29,"144":29,"145":29,"146":29,"147":29,"148":21,"149":21,"150":21,"151":15,"152":6,"153":6,"154":6,"155":23,"156":12,"157":12,"158":11,"159":5,"160":5,"161":6,"162":597,"163":351,"164":189,"165":185,"166":185,"167":23,"168":37,"169":23,"170":185,"171":185,"172":185,"173":185,"174":185,"175":24,"176":4,"177":24,"178":24,"179":24,"180":24,"181":3,"182":21,"183":21,"184":21,"185":21,"186":4,"187":17,"188":17,"189":17,"190":21,"191":25,"192":25,"193":24,"194":23,"195":24,"196":5,"197":5},"f":{"0":5529,"1":285,"2":291,"3":90,"4":172,"5":49,"6":27,"7":28,"8":6,"9":327,"10":43,"11":38,"12":342,"13":88,"14":0,"15":0,"16":7,"17":17,"18":13,"19":11,"20":4,"21":4,"22":17,"23":5,"24":14,"25":12,"26":7,"27":165,"28":4,"29":7,"30":3,"31":5,"32":123,"33":15,"34":10,"35":16,"36":3,"37":72,"38":55,"39":597,"40":351,"41":189,"42":37,"43":24,"44":25},"b":{"0":[0],"1":[0],"2":[0],"3":[172,20],"4":[49,15],"5":[9,18],"6":[8,20],"7":[0,20],"8":[2,4],"9":[0,88],"10":[0,0],"11":[0,0],"12":[0,7],"13":[0,7],"14":[0,17],"15":[0,17],"16":[8,5],"17":[7,4],"18":[2,2],"19":[3,1],"20":[4,1],"21":[2,12],"22":[4,8],"23":[4,3],"24":[0,16],"25":[11,44],"26":[14,30],"27":[15,6],"28":[4,2],"29":[12,11],"30":[6,6],"31":[5,6],"32":[4,1],"33":[1,5],"34":[0,5],"35":[597,208],"36":[351,90],"37":[23,162],"38":[23,0],"39":[3,21],"40":[4,17]},"_coverageSchema":"1a1c01bbd47fc00a2c39e90264f33305004495a9","hash":"078087b9c001b76b25400683ac00dd9d7bbd068b"}
,"/Users/kikurage/workspace/note/workspaces/textarea-handling/src/core/EditorState.ts": {"path":"/Users/kikurage/workspace/note/workspaces/textarea-handling/src/core/EditorState.ts","statementMap":{"0":{"start":{"line":11,"column":20},"end":{"line":11,"column":31}},"1":{"start":{"line":13,"column":8},"end":{"line":16,"column":11}},"2":{"start":{"line":20,"column":15},"end":{"line":20,"column":37}}},"fnMap":{"0":{"name":"(anonymous_0)","decl":{"start":{"line":10,"column":4},"end":{"line":10,"column":5}},"loc":{"start":{"line":10,"column":20},"end":{"line":17,"column":5}},"line":10}},"branchMap":{},"s":{"0":5,"1":5,"2":1},"f":{"0":5},"b":{},"_coverageSchema":"1a1c01bbd47fc00a2c39e90264f33305004495a9","hash":"59916943413a5e044373af194b13561e6adc0373"}
,"/Users/kikurage/workspace/note/workspaces/textarea-handling/src/core/Node.ts": {"path":"/Users/kikurage/workspace/note/workspaces/textarea-handling/src/core/Node.ts","statementMap":{"0":{"start":{"line":13,"column":33},"end":{"line":13,"column":42}},"1":{"start":{"line":21,"column":8},"end":{"line":23,"column":9}},"2":{"start":{"line":22,"column":12},"end":{"line":22,"column":47}},"3":{"start":{"line":25,"column":8},"end":{"line":25,"column":36}},"4":{"start":{"line":29,"column":8},"end":{"line":29,"column":69}},"5":{"start":{"line":34,"column":8},"end":{"line":34,"column":78}},"6":{"start":{"line":38,"column":15},"end":{"line":38,"column":30}}},"fnMap":{"0":{"name":"(anonymous_0)","decl":{"start":{"line":15,"column":4},"end":{"line":15,"column":5}},"loc":{"start":{"line":18,"column":6},"end":{"line":18,"column":8}},"line":18},"1":{"name":"(anonymous_1)","decl":{"start":{"line":20,"column":4},"end":{"line":20,"column":5}},"loc":{"start":{"line":20,"column":65},"end":{"line":26,"column":5}},"line":20},"2":{"name":"(anonymous_2)","decl":{"start":{"line":28,"column":4},"end":{"line":28,"column":5}},"loc":{"start":{"line":28,"column":15},"end":{"line":30,"column":5}},"line":28},"3":{"name":"(anonymous_3)","decl":{"start":{"line":32,"column":4},"end":{"line":32,"column":5}},"loc":{"start":{"line":32,"column":52},"end":{"line":35,"column":5}},"line":32}},"branchMap":{"0":{"loc":{"start":{"line":17,"column":17},"end":{"line":17,"column":47}},"type":"default-arg","locations":[{"start":{"line":17,"column":30},"end":{"line":17,"column":47}}],"line":17},"1":{"loc":{"start":{"line":21,"column":8},"end":{"line":23,"column":9}},"type":"if","locations":[{"start":{"line":21,"column":8},"end":{"line":23,"column":9}},{"start":{},"end":{}}],"line":21},"2":{"loc":{"start":{"line":21,"column":12},"end":{"line":21,"column":95}},"type":"binary-expr","locations":[{"start":{"line":21,"column":12},"end":{"line":21,"column":44}},{"start":{"line":21,"column":48},"end":{"line":21,"column":95}}],"line":21},"3":{"loc":{"start":{"line":32,"column":32},"end":{"line":32,"column":44}},"type":"default-arg","locations":[{"start":{"line":32,"column":37},"end":{"line":32,"column":44}}],"line":32}},"s":{"0":5,"1":50,"2":0,"3":50,"4":50,"5":16,"6":5},"f":{"0":275,"1":50,"2":50,"3":16},"b":{"0":[259],"1":[0,50],"2":[50,0],"3":[14]},"_coverageSchema":"1a1c01bbd47fc00a2c39e90264f33305004495a9","hash":"4c0fd7c0d8984fc4f670b15b0987bec9bb59ac58"}
,"/Users/kikurage/workspace/note/workspaces/textarea-handling/src/core/Position.ts": {"path":"/Users/kikurage/workspace/note/workspaces/textarea-handling/src/core/Position.ts","statementMap":{"0":{"start":{"line":7,"column":8},"end":{"line":7,"column":48}},"1":{"start":{"line":11,"column":8},"end":{"line":11,"column":76}},"2":{"start":{"line":15,"column":8},"end":{"line":15,"column":59}},"3":{"start":{"line":16,"column":8},"end":{"line":16,"column":60}},"4":{"start":{"line":20,"column":8},"end":{"line":20,"column":60}},"5":{"start":{"line":24,"column":8},"end":{"line":24,"column":49}}},"fnMap":{"0":{"name":"(anonymous_0)","decl":{"start":{"line":6,"column":4},"end":{"line":6,"column":5}},"loc":{"start":{"line":6,"column":42},"end":{"line":8,"column":5}},"line":6},"1":{"name":"(anonymous_1)","decl":{"start":{"line":10,"column":4},"end":{"line":10,"column":5}},"loc":{"start":{"line":10,"column":28},"end":{"line":12,"column":5}},"line":10},"2":{"name":"(anonymous_2)","decl":{"start":{"line":14,"column":4},"end":{"line":14,"column":5}},"loc":{"start":{"line":14,"column":19},"end":{"line":17,"column":5}},"line":14},"3":{"name":"(anonymous_3)","decl":{"start":{"line":19,"column":4},"end":{"line":19,"column":5}},"loc":{"start":{"line":19,"column":19},"end":{"line":21,"column":5}},"line":19},"4":{"name":"(anonymous_4)","decl":{"start":{"line":23,"column":4},"end":{"line":23,"column":5}},"loc":{"start":{"line":23,"column":15},"end":{"line":25,"column":5}},"line":23}},"branchMap":{"0":{"loc":{"start":{"line":6,"column":30},"end":{"line":6,"column":40}},"type":"default-arg","locations":[{"start":{"line":6,"column":39},"end":{"line":6,"column":40}}],"line":6},"1":{"loc":{"start":{"line":11,"column":15},"end":{"line":11,"column":75}},"type":"binary-expr","locations":[{"start":{"line":11,"column":15},"end":{"line":11,"column":43}},{"start":{"line":11,"column":47},"end":{"line":11,"column":75}}],"line":11},"2":{"loc":{"start":{"line":14,"column":9},"end":{"line":14,"column":17}},"type":"default-arg","locations":[{"start":{"line":14,"column":16},"end":{"line":14,"column":17}}],"line":14},"3":{"loc":{"start":{"line":19,"column":9},"end":{"line":19,"column":17}},"type":"default-arg","locations":[{"start":{"line":19,"column":16},"end":{"line":19,"column":17}}],"line":19}},"s":{"0":365,"1":7,"2":12,"3":12,"4":24,"5":0},"f":{"0":365,"1":7,"2":12,"3":24,"4":0},"b":{"0":[40],"1":[7,7],"2":[12],"3":[22]},"_coverageSchema":"1a1c01bbd47fc00a2c39e90264f33305004495a9","hash":"aa2e3bfe51bc6c2a1f831127057d84c4bba71626"}
,"/Users/kikurage/workspace/note/workspaces/textarea-handling/src/core/mutation/deleteAndMerge.ts": {"path":"/Users/kikurage/workspace/note/workspaces/textarea-handling/src/core/mutation/deleteAndMerge.ts","statementMap":{"0":{"start":{"line":11,"column":4},"end":{"line":11,"column":45}},"1":{"start":{"line":11,"column":32},"end":{"line":11,"column":45}},"2":{"start":{"line":13,"column":23},"end":{"line":13,"column":55}},"3":{"start":{"line":14,"column":19},"end":{"line":14,"column":54}},"4":{"start":{"line":16,"column":4},"end":{"line":16,"column":86}},"5":{"start":{"line":23,"column":4},"end":{"line":23,"column":39}},"6":{"start":{"line":26,"column":4},"end":{"line":26,"column":70}},"7":{"start":{"line":28,"column":25},"end":{"line":28,"column":53}},"8":{"start":{"line":29,"column":23},"end":{"line":29,"column":49}},"9":{"start":{"line":31,"column":4},"end":{"line":43,"column":5}},"10":{"start":{"line":32,"column":27},"end":{"line":32,"column":47}},"11":{"start":{"line":33,"column":25},"end":{"line":33,"column":43}},"12":{"start":{"line":34,"column":8},"end":{"line":34,"column":68}},"13":{"start":{"line":35,"column":8},"end":{"line":35,"column":64}},"14":{"start":{"line":36,"column":8},"end":{"line":36,"column":46}},"15":{"start":{"line":36,"column":37},"end":{"line":36,"column":46}},"16":{"start":{"line":38,"column":23},"end":{"line":38,"column":62}},"17":{"start":{"line":39,"column":8},"end":{"line":39,"column":34}},"18":{"start":{"line":39,"column":28},"end":{"line":39,"column":34}},"19":{"start":{"line":40,"column":8},"end":{"line":40,"column":21}},"20":{"start":{"line":42,"column":8},"end":{"line":42,"column":46}},"21":{"start":{"line":42,"column":36},"end":{"line":42,"column":46}},"22":{"start":{"line":45,"column":4},"end":{"line":45,"column":29}},"23":{"start":{"line":54,"column":15},"end":{"line":54,"column":40}}},"fnMap":{"0":{"name":"deleteSelectedRange","decl":{"start":{"line":10,"column":16},"end":{"line":10,"column":35}},"loc":{"start":{"line":10,"column":69},"end":{"line":17,"column":1}},"line":10},"1":{"name":"deleteAndMerge","decl":{"start":{"line":22,"column":16},"end":{"line":22,"column":30}},"loc":{"start":{"line":22,"column":92},"end":{"line":46,"column":1}},"line":22}},"branchMap":{"0":{"loc":{"start":{"line":11,"column":4},"end":{"line":11,"column":45}},"type":"if","locations":[{"start":{"line":11,"column":4},"end":{"line":11,"column":45}},{"start":{},"end":{}}],"line":11},"1":{"loc":{"start":{"line":26,"column":9},"end":{"line":26,"column":69}},"type":"cond-expr","locations":[{"start":{"line":26,"column":37},"end":{"line":26,"column":41}},{"start":{"line":26,"column":44},"end":{"line":26,"column":69}}],"line":26},"2":{"loc":{"start":{"line":31,"column":11},"end":{"line":31,"column":59}},"type":"binary-expr","locations":[{"start":{"line":31,"column":11},"end":{"line":31,"column":34}},{"start":{"line":31,"column":38},"end":{"line":31,"column":59}}],"line":31},"3":{"loc":{"start":{"line":36,"column":8},"end":{"line":36,"column":46}},"type":"if","locations":[{"start":{"line":36,"column":8},"end":{"line":36,"column":46}},{"start":{},"end":{}}],"line":36},"4":{"loc":{"start":{"line":39,"column":8},"end":{"line":39,"column":34}},"type":"if","locations":[{"start":{"line":39,"column":8},"end":{"line":39,"column":34}},{"start":{},"end":{}}],"line":39},"5":{"loc":{"start":{"line":42,"column":8},"end":{"line":42,"column":46}},"type":"if","locations":[{"start":{"line":42,"column":8},"end":{"line":42,"column":46}},{"start":{},"end":{}}],"line":42}},"s":{"0":0,"1":0,"2":0,"3":0,"4":0,"5":4,"6":4,"7":4,"8":4,"9":4,"10":11,"11":11,"12":11,"13":11,"14":11,"15":8,"16":3,"17":3,"18":0,"19":3,"20":3,"21":2,"22":4,"23":2},"f":{"0":0,"1":4},"b":{"0":[0,0],"1":[2,2],"2":[15,11],"3":[8,3],"4":[0,3],"5":[2,1]},"_coverageSchema":"1a1c01bbd47fc00a2c39e90264f33305004495a9","hash":"c94bd92108456524615799d84ca2bc3f7f04fa8e"}
,"/Users/kikurage/workspace/note/workspaces/textarea-handling/src/core/mutation/deleteByRange.ts": {"path":"/Users/kikurage/workspace/note/workspaces/textarea-handling/src/core/mutation/deleteByRange.ts","statementMap":{"0":{"start":{"line":15,"column":4},"end":{"line":17,"column":5}},"1":{"start":{"line":16,"column":8},"end":{"line":16,"column":77}},"2":{"start":{"line":19,"column":17},"end":{"line":19,"column":28}},"3":{"start":{"line":21,"column":26},"end":{"line":21,"column":43}},"4":{"start":{"line":23,"column":4},"end":{"line":27,"column":5}},"5":{"start":{"line":24,"column":8},"end":{"line":24,"column":89}},"6":{"start":{"line":24,"column":63},"end":{"line":24,"column":89}},"7":{"start":{"line":26,"column":8},"end":{"line":26,"column":79}},"8":{"start":{"line":30,"column":4},"end":{"line":44,"column":5}},"9":{"start":{"line":31,"column":20},"end":{"line":31,"column":60}},"10":{"start":{"line":32,"column":8},"end":{"line":43,"column":9}},"11":{"start":{"line":33,"column":12},"end":{"line":33,"column":38}},"12":{"start":{"line":34,"column":12},"end":{"line":34,"column":51}},"13":{"start":{"line":35,"column":15},"end":{"line":43,"column":9}},"14":{"start":{"line":36,"column":12},"end":{"line":36,"column":38}},"15":{"start":{"line":37,"column":12},"end":{"line":37,"column":18}},"16":{"start":{"line":39,"column":29},"end":{"line":39,"column":49}},"17":{"start":{"line":40,"column":12},"end":{"line":40,"column":45}},"18":{"start":{"line":40,"column":39},"end":{"line":40,"column":45}},"19":{"start":{"line":42,"column":12},"end":{"line":42,"column":33}},"20":{"start":{"line":46,"column":4},"end":{"line":48,"column":5}},"21":{"start":{"line":47,"column":8},"end":{"line":47,"column":33}},"22":{"start":{"line":50,"column":4},"end":{"line":50,"column":37}},"23":{"start":{"line":51,"column":4},"end":{"line":51,"column":39}},"24":{"start":{"line":53,"column":4},"end":{"line":53,"column":15}},"25":{"start":{"line":57,"column":4},"end":{"line":57,"column":32}},"26":{"start":{"line":57,"column":21},"end":{"line":57,"column":32}},"27":{"start":{"line":59,"column":17},"end":{"line":59,"column":32}},"28":{"start":{"line":60,"column":4},"end":{"line":64,"column":5}},"29":{"start":{"line":61,"column":8},"end":{"line":61,"column":66}},"30":{"start":{"line":63,"column":8},"end":{"line":63,"column":55}},"31":{"start":{"line":68,"column":4},"end":{"line":68,"column":61}},"32":{"start":{"line":72,"column":17},"end":{"line":72,"column":37}},"33":{"start":{"line":74,"column":4},"end":{"line":76,"column":5}},"34":{"start":{"line":75,"column":8},"end":{"line":75,"column":79}},"35":{"start":{"line":78,"column":4},"end":{"line":81,"column":5}},"36":{"start":{"line":79,"column":25},"end":{"line":79,"column":46}},"37":{"start":{"line":80,"column":8},"end":{"line":80,"column":83}},"38":{"start":{"line":83,"column":4},"end":{"line":83,"column":15}}},"fnMap":{"0":{"name":"deleteByRange","decl":{"start":{"line":14,"column":16},"end":{"line":14,"column":29}},"loc":{"start":{"line":14,"column":70},"end":{"line":54,"column":1}},"line":14},"1":{"name":"deleteByOffsetRange","decl":{"start":{"line":56,"column":9},"end":{"line":56,"column":28}},"loc":{"start":{"line":56,"column":86},"end":{"line":65,"column":1}},"line":56},"2":{"name":"deleteFromNodeStart","decl":{"start":{"line":67,"column":9},"end":{"line":67,"column":28}},"loc":{"start":{"line":67,"column":58},"end":{"line":69,"column":1}},"line":67},"3":{"name":"deleteToNodeEnd","decl":{"start":{"line":71,"column":9},"end":{"line":71,"column":24}},"loc":{"start":{"line":71,"column":56},"end":{"line":84,"column":1}},"line":71}},"branchMap":{"0":{"loc":{"start":{"line":15,"column":4},"end":{"line":17,"column":5}},"type":"if","locations":[{"start":{"line":15,"column":4},"end":{"line":17,"column":5}},{"start":{},"end":{}}],"line":15},"1":{"loc":{"start":{"line":24,"column":8},"end":{"line":24,"column":89}},"type":"if","locations":[{"start":{"line":24,"column":8},"end":{"line":24,"column":89}},{"start":{},"end":{}}],"line":24},"2":{"loc":{"start":{"line":26,"column":17},"end":{"line":26,"column":78}},"type":"binary-expr","locations":[{"start":{"line":26,"column":17},"end":{"line":26,"column":54}},{"start":{"line":26,"column":58},"end":{"line":26,"column":78}}],"line":26},"3":{"loc":{"start":{"line":32,"column":8},"end":{"line":43,"column":9}},"type":"if","locations":[{"start":{"line":32,"column":8},"end":{"line":43,"column":9}},{"start":{"line":35,"column":15},"end":{"line":43,"column":9}}],"line":32},"4":{"loc":{"start":{"line":35,"column":15},"end":{"line":43,"column":9}},"type":"if","locations":[{"start":{"line":35,"column":15},"end":{"line":43,"column":9}},{"start":{"line":38,"column":15},"end":{"line":43,"column":9}}],"line":35},"5":{"loc":{"start":{"line":40,"column":12},"end":{"line":40,"column":45}},"type":"if","locations":[{"start":{"line":40,"column":12},"end":{"line":40,"column":45}},{"start":{},"end":{}}],"line":40},"6":{"loc":{"start":{"line":57,"column":4},"end":{"line":57,"column":32}},"type":"if","locations":[{"start":{"line":57,"column":4},"end":{"line":57,"column":32}},{"start":{},"end":{}}],"line":57},"7":{"loc":{"start":{"line":60,"column":4},"end":{"line":64,"column":5}},"type":"if","locations":[{"start":{"line":60,"column":4},"end":{"line":64,"column":5}},{"start":{"line":62,"column":11},"end":{"line":64,"column":5}}],"line":60},"8":{"loc":{"start":{"line":74,"column":4},"end":{"line":76,"column":5}},"type":"if","locations":[{"start":{"line":74,"column":4},"end":{"line":76,"column":5}},{"start":{},"end":{}}],"line":74},"9":{"loc":{"start":{"line":78,"column":4},"end":{"line":81,"column":5}},"type":"if","locations":[{"start":{"line":78,"column":4},"end":{"line":81,"column":5}},{"start":{},"end":{}}],"line":78}},"s":{"0":4,"1":2,"2":2,"3":2,"4":2,"5":4,"6":1,"7":4,"8":2,"9":6,"10":6,"11":2,"12":2,"13":4,"14":1,"15":1,"16":3,"17":3,"18":1,"19":2,"20":2,"21":4,"22":2,"23":2,"24":2,"25":6,"26":1,"27":5,"28":5,"29":3,"30":2,"31":2,"32":2,"33":2,"34":1,"35":1,"36":1,"37":1,"38":0},"f":{"0":4,"1":6,"2":2,"3":2},"b":{"0":[2,2],"1":[1,3],"2":[4,1],"3":[2,4],"4":[1,3],"5":[1,2],"6":[1,5],"7":[3,2],"8":[1,1],"9":[1,0]},"_coverageSchema":"1a1c01bbd47fc00a2c39e90264f33305004495a9","hash":"3d015a70c3e7e85eb2d112c1ff5a4f86f304983c"}
,"/Users/kikurage/workspace/note/workspaces/textarea-handling/src/core/mutation/insertText.ts": {"path":"/Users/kikurage/workspace/note/workspaces/textarea-handling/src/core/mutation/insertText.ts","statementMap":{"0":{"start":{"line":11,"column":4},"end":{"line":11,"column":85}},"1":{"start":{"line":11,"column":33},"end":{"line":11,"column":85}},"2":{"start":{"line":13,"column":46},"end":{"line":13,"column":95}},"3":{"start":{"line":15,"column":4},"end":{"line":15,"column":62}},"4":{"start":{"line":28,"column":17},"end":{"line":28,"column":41}},"5":{"start":{"line":30,"column":4},"end":{"line":33,"column":5}},"6":{"start":{"line":31,"column":8},"end":{"line":31,"column":75}},"7":{"start":{"line":32,"column":8},"end":{"line":32,"column":87}},"8":{"start":{"line":35,"column":17},"end":{"line":35,"column":50}},"9":{"start":{"line":36,"column":4},"end":{"line":39,"column":5}},"10":{"start":{"line":37,"column":8},"end":{"line":37,"column":61}},"11":{"start":{"line":38,"column":8},"end":{"line":38,"column":109}},"12":{"start":{"line":41,"column":17},"end":{"line":41,"column":53}},"13":{"start":{"line":42,"column":4},"end":{"line":49,"column":5}},"14":{"start":{"line":43,"column":8},"end":{"line":43,"column":71}},"15":{"start":{"line":44,"column":8},"end":{"line":48,"column":10}},"16":{"start":{"line":51,"column":4},"end":{"line":57,"column":5}},"17":{"start":{"line":51,"column":52},"end":{"line":51,"column":81}},"18":{"start":{"line":52,"column":25},"end":{"line":52,"column":47}},"19":{"start":{"line":54,"column":8},"end":{"line":54,"column":55}},"20":{"start":{"line":56,"column":8},"end":{"line":56,"column":114}},"21":{"start":{"line":59,"column":22},"end":{"line":59,"column":43}},"22":{"start":{"line":60,"column":21},"end":{"line":60,"column":43}},"23":{"start":{"line":62,"column":4},"end":{"line":62,"column":52}},"24":{"start":{"line":63,"column":4},"end":{"line":63,"column":50}},"25":{"start":{"line":65,"column":4},"end":{"line":65,"column":110}},"26":{"start":{"line":74,"column":15},"end":{"line":74,"column":36}}},"fnMap":{"0":{"name":"insertText","decl":{"start":{"line":10,"column":16},"end":{"line":10,"column":26}},"loc":{"start":{"line":10,"column":74},"end":{"line":16,"column":1}},"line":10},"1":{"name":"insertTextAt","decl":{"start":{"line":27,"column":16},"end":{"line":27,"column":28}},"loc":{"start":{"line":27,"column":91},"end":{"line":66,"column":1}},"line":27},"2":{"name":"(anonymous_2)","decl":{"start":{"line":51,"column":42},"end":{"line":51,"column":43}},"loc":{"start":{"line":51,"column":52},"end":{"line":51,"column":81}},"line":51}},"branchMap":{"0":{"loc":{"start":{"line":11,"column":4},"end":{"line":11,"column":85}},"type":"if","locations":[{"start":{"line":11,"column":4},"end":{"line":11,"column":85}},{"start":{},"end":{}}],"line":11},"1":{"loc":{"start":{"line":30,"column":4},"end":{"line":33,"column":5}},"type":"if","locations":[{"start":{"line":30,"column":4},"end":{"line":33,"column":5}},{"start":{},"end":{}}],"line":30},"2":{"loc":{"start":{"line":36,"column":4},"end":{"line":39,"column":5}},"type":"if","locations":[{"start":{"line":36,"column":4},"end":{"line":39,"column":5}},{"start":{},"end":{}}],"line":36},"3":{"loc":{"start":{"line":36,"column":8},"end":{"line":36,"column":49}},"type":"binary-expr","locations":[{"start":{"line":36,"column":8},"end":{"line":36,"column":21}},{"start":{"line":36,"column":25},"end":{"line":36,"column":49}}],"line":36},"4":{"loc":{"start":{"line":42,"column":4},"end":{"line":49,"column":5}},"type":"if","locations":[{"start":{"line":42,"column":4},"end":{"line":49,"column":5}},{"start":{},"end":{}}],"line":42},"5":{"loc":{"start":{"line":42,"column":8},"end":{"line":42,"column":49}},"type":"binary-expr","locations":[{"start":{"line":42,"column":8},"end":{"line":42,"column":21}},{"start":{"line":42,"column":25},"end":{"line":42,"column":49}}],"line":42},"6":{"loc":{"start":{"line":51,"column":4},"end":{"line":57,"column":5}},"type":"if","locations":[{"start":{"line":51,"column":4},"end":{"line":57,"column":5}},{"start":{},"end":{}}],"line":51}},"s":{"0":5,"1":0,"2":5,"3":5,"4":10,"5":10,"6":2,"7":2,"8":8,"9":8,"10":2,"11":2,"12":6,"13":6,"14":2,"15":2,"16":4,"17":4,"18":2,"19":2,"20":2,"21":2,"22":2,"23":2,"24":2,"25":2,"26":1},"f":{"0":5,"1":10,"2":4},"b":{"0":[0,5],"1":[2,8],"2":[2,6],"3":[8,2],"4":[2,4],"5":[6,2],"6":[2,2]},"_coverageSchema":"1a1c01bbd47fc00a2c39e90264f33305004495a9","hash":"6216ee4f967cdfd3c1d3f76251fcbecac50ae63e"}
,"/Users/kikurage/workspace/note/workspaces/textarea-handling/src/core/mutation/merge.ts": {"path":"/Users/kikurage/workspace/note/workspaces/textarea-handling/src/core/mutation/merge.ts","statementMap":{"0":{"start":{"line":18,"column":25},"end":{"line":18,"column":40}},"1":{"start":{"line":19,"column":26},"end":{"line":19,"column":34}},"2":{"start":{"line":20,"column":21},"end":{"line":20,"column":52}},"3":{"start":{"line":21,"column":22},"end":{"line":21,"column":54}},"4":{"start":{"line":23,"column":4},"end":{"line":23,"column":53}},"5":{"start":{"line":23,"column":42},"end":{"line":23,"column":53}},"6":{"start":{"line":25,"column":4},"end":{"line":27,"column":5}},"7":{"start":{"line":26,"column":8},"end":{"line":26,"column":111}},"8":{"start":{"line":29,"column":4},"end":{"line":33,"column":5}},"9":{"start":{"line":30,"column":35},"end":{"line":30,"column":60}},"10":{"start":{"line":31,"column":36},"end":{"line":31,"column":62}},"11":{"start":{"line":32,"column":8},"end":{"line":32,"column":111}},"12":{"start":{"line":35,"column":4},"end":{"line":35,"column":15}}},"fnMap":{"0":{"name":"merge","decl":{"start":{"line":17,"column":16},"end":{"line":17,"column":21}},"loc":{"start":{"line":17,"column":57},"end":{"line":36,"column":1}},"line":17}},"branchMap":{"0":{"loc":{"start":{"line":23,"column":4},"end":{"line":23,"column":53}},"type":"if","locations":[{"start":{"line":23,"column":4},"end":{"line":23,"column":53}},{"start":{},"end":{}}],"line":23},"1":{"loc":{"start":{"line":25,"column":4},"end":{"line":27,"column":5}},"type":"if","locations":[{"start":{"line":25,"column":4},"end":{"line":27,"column":5}},{"start":{},"end":{}}],"line":25},"2":{"loc":{"start":{"line":25,"column":8},"end":{"line":25,"column":69}},"type":"binary-expr","locations":[{"start":{"line":25,"column":8},"end":{"line":25,"column":36}},{"start":{"line":25,"column":40},"end":{"line":25,"column":69}}],"line":25},"3":{"loc":{"start":{"line":29,"column":4},"end":{"line":33,"column":5}},"type":"if","locations":[{"start":{"line":29,"column":4},"end":{"line":33,"column":5}},{"start":{},"end":{}}],"line":29},"4":{"loc":{"start":{"line":29,"column":8},"end":{"line":29,"column":79}},"type":"binary-expr","locations":[{"start":{"line":29,"column":8},"end":{"line":29,"column":41}},{"start":{"line":29,"column":45},"end":{"line":29,"column":79}}],"line":29}},"s":{"0":7,"1":7,"2":7,"3":7,"4":7,"5":0,"6":7,"7":3,"8":4,"9":4,"10":4,"11":4,"12":0},"f":{"0":7},"b":{"0":[0,7],"1":[3,4],"2":[7,3],"3":[4,0],"4":[4,4]},"_coverageSchema":"1a1c01bbd47fc00a2c39e90264f33305004495a9","hash":"5a29db9a75b743073651c8df757dc3b60637d507"}
,"/Users/kikurage/workspace/note/workspaces/textarea-handling/src/core/mutation/split.ts": {"path":"/Users/kikurage/workspace/note/workspaces/textarea-handling/src/core/mutation/split.ts","statementMap":{"0":{"start":{"line":21,"column":17},"end":{"line":21,"column":41}},"1":{"start":{"line":23,"column":4},"end":{"line":27,"column":5}},"2":{"start":{"line":24,"column":25},"end":{"line":24,"column":60}},"3":{"start":{"line":25,"column":26},"end":{"line":25,"column":58}},"4":{"start":{"line":26,"column":8},"end":{"line":26,"column":116}},"5":{"start":{"line":29,"column":4},"end":{"line":38,"column":5}},"6":{"start":{"line":30,"column":30},"end":{"line":30,"column":74}},"7":{"start":{"line":31,"column":26},"end":{"line":31,"column":58}},"8":{"start":{"line":33,"column":8},"end":{"line":33,"column":50}},"9":{"start":{"line":34,"column":8},"end":{"line":36,"column":9}},"10":{"start":{"line":35,"column":12},"end":{"line":35,"column":65}},"11":{"start":{"line":37,"column":8},"end":{"line":37,"column":19}},"12":{"start":{"line":40,"column":4},"end":{"line":40,"column":15}},"13":{"start":{"line":47,"column":27},"end":{"line":47,"column":51}},"14":{"start":{"line":48,"column":4},"end":{"line":51,"column":6}},"15":{"start":{"line":49,"column":52},"end":{"line":49,"column":78}},"16":{"start":{"line":53,"column":4},"end":{"line":56,"column":5}},"17":{"start":{"line":54,"column":8},"end":{"line":54,"column":35}},"18":{"start":{"line":55,"column":8},"end":{"line":55,"column":52}},"19":{"start":{"line":58,"column":4},"end":{"line":58,"column":15}}},"fnMap":{"0":{"name":"split","decl":{"start":{"line":20,"column":16},"end":{"line":20,"column":21}},"loc":{"start":{"line":20,"column":57},"end":{"line":41,"column":1}},"line":20},"1":{"name":"splitRecursively","decl":{"start":{"line":46,"column":16},"end":{"line":46,"column":32}},"loc":{"start":{"line":46,"column":88},"end":{"line":59,"column":1}},"line":46},"2":{"name":"(anonymous_2)","decl":{"start":{"line":49,"column":42},"end":{"line":49,"column":43}},"loc":{"start":{"line":49,"column":52},"end":{"line":49,"column":78}},"line":49}},"branchMap":{"0":{"loc":{"start":{"line":23,"column":4},"end":{"line":27,"column":5}},"type":"if","locations":[{"start":{"line":23,"column":4},"end":{"line":27,"column":5}},{"start":{},"end":{}}],"line":23},"1":{"loc":{"start":{"line":29,"column":4},"end":{"line":38,"column":5}},"type":"if","locations":[{"start":{"line":29,"column":4},"end":{"line":38,"column":5}},{"start":{},"end":{}}],"line":29}},"s":{"0":4,"1":4,"2":2,"3":2,"4":2,"5":2,"6":2,"7":2,"8":2,"9":2,"10":2,"11":2,"12":0,"13":0,"14":0,"15":0,"16":0,"17":0,"18":0,"19":0},"f":{"0":4,"1":0,"2":0},"b":{"0":[2,2],"1":[2,0]},"_coverageSchema":"1a1c01bbd47fc00a2c39e90264f33305004495a9","hash":"8582e328490290bd48b8a0551cf656c5c166b63c"}
,"/Users/kikurage/workspace/note/workspaces/textarea-handling/src/core/node/ContainerNode.ts": {"path":"/Users/kikurage/workspace/note/workspaces/textarea-handling/src/core/node/ContainerNode.ts","statementMap":{},"fnMap":{},"branchMap":{},"s":{},"f":{},"b":{},"_coverageSchema":"1a1c01bbd47fc00a2c39e90264f33305004495a9","hash":"3965de86bb09880aa8473f1da7ca01a12b0e4e4e"}
,"/Users/kikurage/workspace/note/workspaces/textarea-handling/src/core/node/ParagraphNode.ts": {"path":"/Users/kikurage/workspace/note/workspaces/textarea-handling/src/core/node/ParagraphNode.ts","statementMap":{},"fnMap":{},"branchMap":{},"s":{},"f":{},"b":{},"_coverageSchema":"1a1c01bbd47fc00a2c39e90264f33305004495a9","hash":"787922f4f7c1bb0f49f4b21b74d605da2c8716fa"}
,"/Users/kikurage/workspace/note/workspaces/textarea-handling/src/core/node/RootNode.ts": {"path":"/Users/kikurage/workspace/note/workspaces/textarea-handling/src/core/node/RootNode.ts","statementMap":{},"fnMap":{},"branchMap":{},"s":{},"f":{},"b":{},"_coverageSchema":"1a1c01bbd47fc00a2c39e90264f33305004495a9","hash":"d1e8c3566ebe45080b9f08ae5bdb65657ee02f69"}
,"/Users/kikurage/workspace/note/workspaces/textarea-handling/src/core/node/TextNode.ts": {"path":"/Users/kikurage/workspace/note/workspaces/textarea-handling/src/core/node/TextNode.ts","statementMap":{"0":{"start":{"line":5,"column":8},"end":{"line":5,"column":31}},"1":{"start":{"line":9,"column":8},"end":{"line":9,"column":32}},"2":{"start":{"line":13,"column":8},"end":{"line":13,"column":44}},"3":{"start":{"line":13,"column":32},"end":{"line":13,"column":44}},"4":{"start":{"line":15,"column":8},"end":{"line":15,"column":35}},"5":{"start":{"line":19,"column":8},"end":{"line":19,"column":103}},"6":{"start":{"line":23,"column":8},"end":{"line":23,"column":44}},"7":{"start":{"line":27,"column":8},"end":{"line":27,"column":52}}},"fnMap":{"0":{"name":"(anonymous_0)","decl":{"start":{"line":4,"column":4},"end":{"line":4,"column":5}},"loc":{"start":{"line":4,"column":15},"end":{"line":6,"column":5}},"line":4},"1":{"name":"(anonymous_1)","decl":{"start":{"line":8,"column":4},"end":{"line":8,"column":5}},"loc":{"start":{"line":8,"column":17},"end":{"line":10,"column":5}},"line":8},"2":{"name":"(anonymous_2)","decl":{"start":{"line":12,"column":4},"end":{"line":12,"column":5}},"loc":{"start":{"line":12,"column":36},"end":{"line":16,"column":5}},"line":12},"3":{"name":"(anonymous_3)","decl":{"start":{"line":18,"column":4},"end":{"line":18,"column":5}},"loc":{"start":{"line":18,"column":69},"end":{"line":20,"column":5}},"line":18},"4":{"name":"(anonymous_4)","decl":{"start":{"line":22,"column":4},"end":{"line":22,"column":5}},"loc":{"start":{"line":22,"column":55},"end":{"line":24,"column":5}},"line":22},"5":{"name":"(anonymous_5)","decl":{"start":{"line":26,"column":4},"end":{"line":26,"column":5}},"loc":{"start":{"line":26,"column":66},"end":{"line":28,"column":5}},"line":26}},"branchMap":{"0":{"loc":{"start":{"line":13,"column":8},"end":{"line":13,"column":44}},"type":"if","locations":[{"start":{"line":13,"column":8},"end":{"line":13,"column":44}},{"start":{},"end":{}}],"line":13},"1":{"loc":{"start":{"line":18,"column":48},"end":{"line":18,"column":57}},"type":"default-arg","locations":[{"start":{"line":18,"column":55},"end":{"line":18,"column":57}}],"line":18}},"s":{"0":62,"1":7,"2":14,"3":0,"4":14,"5":9,"6":6,"7":0},"f":{"0":62,"1":7,"2":14,"3":9,"4":6,"5":0},"b":{"0":[0,14],"1":[3]},"_coverageSchema":"1a1c01bbd47fc00a2c39e90264f33305004495a9","hash":"3cd04d542de7513f915e9a54bc719604d6932fb1"}
,"/Users/kikurage/workspace/note/workspaces/textarea-handling/src/lib/Channel.ts": {"path":"/Users/kikurage/workspace/note/workspaces/textarea-handling/src/lib/Channel.ts","statementMap":{"0":{"start":{"line":4,"column":33},"end":{"line":4,"column":62}},"1":{"start":{"line":19,"column":8},"end":{"line":19,"column":37}},"2":{"start":{"line":20,"column":8},"end":{"line":20,"column":64}},"3":{"start":{"line":20,"column":32},"end":{"line":20,"column":61}},"4":{"start":{"line":24,"column":8},"end":{"line":24,"column":40}},"5":{"start":{"line":25,"column":8},"end":{"line":25,"column":20}},"6":{"start":{"line":29,"column":8},"end":{"line":29,"column":62}},"7":{"start":{"line":29,"column":45},"end":{"line":29,"column":60}}},"fnMap":{"0":{"name":"(anonymous_0)","decl":{"start":{"line":18,"column":4},"end":{"line":18,"column":5}},"loc":{"start":{"line":18,"column":59},"end":{"line":21,"column":5}},"line":18},"1":{"name":"(anonymous_1)","decl":{"start":{"line":20,"column":26},"end":{"line":20,"column":27}},"loc":{"start":{"line":20,"column":32},"end":{"line":20,"column":61}},"line":20},"2":{"name":"(anonymous_2)","decl":{"start":{"line":23,"column":4},"end":{"line":23,"column":5}},"loc":{"start":{"line":23,"column":55},"end":{"line":26,"column":5}},"line":23},"3":{"name":"(anonymous_3)","decl":{"start":{"line":28,"column":4},"end":{"line":28,"column":5}},"loc":{"start":{"line":28,"column":19},"end":{"line":30,"column":5}},"line":28},"4":{"name":"(anonymous_4)","decl":{"start":{"line":29,"column":31},"end":{"line":29,"column":32}},"loc":{"start":{"line":29,"column":45},"end":{"line":29,"column":60}},"line":29}},"branchMap":{},"s":{"0":0,"1":0,"2":0,"3":0,"4":0,"5":0,"6":0,"7":0},"f":{"0":0,"1":0,"2":0,"3":0,"4":0},"b":{},"_coverageSchema":"1a1c01bbd47fc00a2c39e90264f33305004495a9","hash":"c172ddb67ba5a51c943e78d57ffe71ae9f2dec51"}
,"/Users/kikurage/workspace/note/workspaces/textarea-handling/src/lib/DIContainer.ts": {"path":"/Users/kikurage/workspace/note/workspaces/textarea-handling/src/lib/DIContainer.ts","statementMap":{"0":{"start":{"line":6,"column":4},"end":{"line":6,"column":41}},"1":{"start":{"line":10,"column":32},"end":{"line":10,"column":58}},"2":{"start":{"line":11,"column":40},"end":{"line":11,"column":94}},"3":{"start":{"line":14,"column":20},"end":{"line":14,"column":47}},"4":{"start":{"line":15,"column":8},"end":{"line":15,"column":48}},"5":{"start":{"line":16,"column":8},"end":{"line":16,"column":19}},"6":{"start":{"line":20,"column":8},"end":{"line":20,"column":40}},"7":{"start":{"line":24,"column":22},"end":{"line":24,"column":61}},"8":{"start":{"line":25,"column":8},"end":{"line":31,"column":9}},"9":{"start":{"line":26,"column":28},"end":{"line":26,"column":58}},"10":{"start":{"line":27,"column":12},"end":{"line":27,"column":71}},"11":{"start":{"line":29,"column":12},"end":{"line":29,"column":41}},"12":{"start":{"line":30,"column":12},"end":{"line":30,"column":44}},"13":{"start":{"line":32,"column":8},"end":{"line":32,"column":23}},"14":{"start":{"line":36,"column":8},"end":{"line":36,"column":38}}},"fnMap":{"0":{"name":"serviceKey","decl":{"start":{"line":5,"column":16},"end":{"line":5,"column":26}},"loc":{"start":{"line":5,"column":60},"end":{"line":7,"column":1}},"line":5},"1":{"name":"(anonymous_1)","decl":{"start":{"line":13,"column":4},"end":{"line":13,"column":5}},"loc":{"start":{"line":13,"column":63},"end":{"line":17,"column":5}},"line":13},"2":{"name":"(anonymous_2)","decl":{"start":{"line":19,"column":4},"end":{"line":19,"column":5}},"loc":{"start":{"line":19,"column":48},"end":{"line":21,"column":5}},"line":19},"3":{"name":"(anonymous_3)","decl":{"start":{"line":23,"column":4},"end":{"line":23,"column":5}},"loc":{"start":{"line":23,"column":31},"end":{"line":33,"column":5}},"line":23},"4":{"name":"(anonymous_4)","decl":{"start":{"line":35,"column":4},"end":{"line":35,"column":5}},"loc":{"start":{"line":35,"column":31},"end":{"line":37,"column":5}},"line":35}},"branchMap":{"0":{"loc":{"start":{"line":25,"column":8},"end":{"line":31,"column":9}},"type":"if","locations":[{"start":{"line":25,"column":8},"end":{"line":31,"column":9}},{"start":{},"end":{}}],"line":25}},"s":{"0":1,"1":0,"2":1,"3":1,"4":1,"5":1,"6":0,"7":0,"8":0,"9":0,"10":0,"11":0,"12":0,"13":0,"14":0},"f":{"0":1,"1":1,"2":0,"3":0,"4":0},"b":{"0":[0,0]},"_coverageSchema":"1a1c01bbd47fc00a2c39e90264f33305004495a9","hash":"5110e170136a73cfaf1827033b3239f77ac2d620"}
,"/Users/kikurage/workspace/note/workspaces/textarea-handling/src/lib/Disposable.ts": {"path":"/Users/kikurage/workspace/note/workspaces/textarea-handling/src/lib/Disposable.ts","statementMap":{"0":{"start":{"line":6,"column":23},"end":{"line":6,"column":28}},"1":{"start":{"line":7,"column":50},"end":{"line":7,"column":52}},"2":{"start":{"line":10,"column":8},"end":{"line":10,"column":34}},"3":{"start":{"line":10,"column":27},"end":{"line":10,"column":34}},"4":{"start":{"line":11,"column":8},"end":{"line":11,"column":29}},"5":{"start":{"line":12,"column":8},"end":{"line":12,"column":72}},"6":{"start":{"line":12,"column":51},"end":{"line":12,"column":72}},"7":{"start":{"line":16,"column":8},"end":{"line":20,"column":9}},"8":{"start":{"line":17,"column":12},"end":{"line":17,"column":33}},"9":{"start":{"line":19,"column":12},"end":{"line":19,"column":46}},"10":{"start":{"line":21,"column":8},"end":{"line":21,"column":26}}},"fnMap":{"0":{"name":"(anonymous_0)","decl":{"start":{"line":9,"column":4},"end":{"line":9,"column":5}},"loc":{"start":{"line":9,"column":21},"end":{"line":13,"column":5}},"line":9},"1":{"name":"(anonymous_1)","decl":{"start":{"line":15,"column":4},"end":{"line":15,"column":5}},"loc":{"start":{"line":15,"column":61},"end":{"line":22,"column":5}},"line":15}},"branchMap":{"0":{"loc":{"start":{"line":10,"column":8},"end":{"line":10,"column":34}},"type":"if","locations":[{"start":{"line":10,"column":8},"end":{"line":10,"column":34}},{"start":{},"end":{}}],"line":10},"1":{"loc":{"start":{"line":16,"column":8},"end":{"line":20,"column":9}},"type":"if","locations":[{"start":{"line":16,"column":8},"end":{"line":20,"column":9}},{"start":{"line":18,"column":15},"end":{"line":20,"column":9}}],"line":16}},"s":{"0":0,"1":0,"2":0,"3":0,"4":0,"5":0,"6":0,"7":0,"8":0,"9":0,"10":0},"f":{"0":0,"1":0},"b":{"0":[0,0],"1":[0,0]},"_coverageSchema":"1a1c01bbd47fc00a2c39e90264f33305004495a9","hash":"b1f29377b0226451de4c8ff08c634605271648f8"}
,"/Users/kikurage/workspace/note/workspaces/textarea-handling/src/lib/assert.ts": {"path":"/Users/kikurage/workspace/note/workspaces/textarea-handling/src/lib/assert.ts","statementMap":{"0":{"start":{"line":2,"column":4},"end":{"line":5,"column":5}},"1":{"start":{"line":3,"column":8},"end":{"line":3,"column":17}},"2":{"start":{"line":4,"column":8},"end":{"line":4,"column":33}}},"fnMap":{"0":{"name":"assert","decl":{"start":{"line":1,"column":16},"end":{"line":1,"column":22}},"loc":{"start":{"line":1,"column":79},"end":{"line":6,"column":1}},"line":1}},"branchMap":{"0":{"loc":{"start":{"line":2,"column":4},"end":{"line":5,"column":5}},"type":"if","locations":[{"start":{"line":2,"column":4},"end":{"line":5,"column":5}},{"start":{},"end":{}}],"line":2}},"s":{"0":654,"1":14,"2":14},"f":{"0":654},"b":{"0":[14,640]},"_coverageSchema":"1a1c01bbd47fc00a2c39e90264f33305004495a9","hash":"d9a795a54f25fdfaebd215d604a49213d984d37a"}
,"/Users/kikurage/workspace/note/workspaces/textarea-handling/src/lib/counter.ts": {"path":"/Users/kikurage/workspace/note/workspaces/textarea-handling/src/lib/counter.ts","statementMap":{"0":{"start":{"line":2,"column":16},"end":{"line":2,"column":17}},"1":{"start":{"line":3,"column":15},"end":{"line":3,"column":28}},"2":{"start":{"line":3,"column":21},"end":{"line":3,"column":28}},"3":{"start":{"line":4,"column":4},"end":{"line":8,"column":7}},"4":{"start":{"line":6,"column":12},"end":{"line":6,"column":22}}},"fnMap":{"0":{"name":"counter","decl":{"start":{"line":1,"column":16},"end":{"line":1,"column":23}},"loc":{"start":{"line":1,"column":26},"end":{"line":9,"column":1}},"line":1},"1":{"name":"(anonymous_1)","decl":{"start":{"line":3,"column":15},"end":{"line":3,"column":16}},"loc":{"start":{"line":3,"column":21},"end":{"line":3,"column":28}},"line":3},"2":{"name":"(anonymous_2)","decl":{"start":{"line":5,"column":8},"end":{"line":5,"column":9}},"loc":{"start":{"line":5,"column":16},"end":{"line":7,"column":9}},"line":5}},"branchMap":{},"s":{"0":5,"1":5,"2":261,"3":5,"4":0},"f":{"0":5,"1":261,"2":0},"b":{},"_coverageSchema":"1a1c01bbd47fc00a2c39e90264f33305004495a9","hash":"4bbb5bc2f823d7bcdb281cb09880c8927a9ab2f4"}
,"/Users/kikurage/workspace/note/workspaces/textarea-handling/src/lib/dataclass.ts": {"path":"/Users/kikurage/workspace/note/workspaces/textarea-handling/src/lib/dataclass.ts","statementMap":{"0":{"start":{"line":4,"column":12},"end":{"line":4,"column":39}},"1":{"start":{"line":5,"column":12},"end":{"line":5,"column":24}},"2":{"start":{"line":13,"column":12},"end":{"line":13,"column":72}},"3":{"start":{"line":17,"column":4},"end":{"line":19,"column":6}}},"fnMap":{"0":{"name":"dataclass","decl":{"start":{"line":1,"column":16},"end":{"line":1,"column":25}},"loc":{"start":{"line":1,"column":38},"end":{"line":20,"column":1}},"line":1},"1":{"name":"(anonymous_1)","decl":{"start":{"line":3,"column":8},"end":{"line":3,"column":9}},"loc":{"start":{"line":3,"column":37},"end":{"line":6,"column":9}},"line":3},"2":{"name":"(anonymous_2)","decl":{"start":{"line":9,"column":8},"end":{"line":9,"column":9}},"loc":{"start":{"line":9,"column":25},"end":{"line":9,"column":27}},"line":9},"3":{"name":"(anonymous_3)","decl":{"start":{"line":11,"column":8},"end":{"line":11,"column":9}},"loc":{"start":{"line":11,"column":50},"end":{"line":14,"column":9}},"line":11}},"branchMap":{"0":{"loc":{"start":{"line":11,"column":13},"end":{"line":11,"column":42}},"type":"default-arg","locations":[{"start":{"line":11,"column":40},"end":{"line":11,"column":42}}],"line":11}},"s":{"0":384,"1":384,"2":9,"3":26},"f":{"0":26,"1":384,"2":384,"3":9},"b":{"0":[0]},"_coverageSchema":"1a1c01bbd47fc00a2c39e90264f33305004495a9","hash":"86fef89f6ebd0a21de5b8220cd9460759f442098"}
[...]
,"/Users/kikurage/workspace/note/workspaces/textarea-handling/src/lib/logger.ts": {"path":"/Users/kikurage/workspace/note/workspaces/textarea-handling/src/lib/logger.ts","statementMap":{"0":{"start":{"line":5,"column":8},"end":{"line":5,"column":39}},"1":{"start":{"line":9,"column":8},"end":{"line":9,"column":84}},"2":{"start":{"line":12,"column":8},"end":{"line":12,"column":85}},"3":{"start":{"line":15,"column":8},"end":{"line":15,"column":85}},"4":{"start":{"line":18,"column":8},"end":{"line":18,"column":86}},"5":{"start":{"line":22,"column":8},"end":{"line":22,"column":52}},"6":{"start":{"line":26,"column":8},"end":{"line":26,"column":55}}},"fnMap":{"0":{"name":"(anonymous_0)","decl":{"start":{"line":2,"column":4},"end":{"line":2,"column":5}},"loc":{"start":{"line":2,"column":52},"end":{"line":2,"column":54}},"line":2},"1":{"name":"(anonymous_1)","decl":{"start":{"line":4,"column":4},"end":{"line":4,"column":5}},"loc":{"start":{"line":4,"column":40},"end":{"line":6,"column":5}},"line":4},"2":{"name":"(anonymous_2)","decl":{"start":{"line":8,"column":4},"end":{"line":8,"column":5}},"loc":{"start":{"line":8,"column":32},"end":{"line":10,"column":5}},"line":8},"3":{"name":"(anonymous_3)","decl":{"start":{"line":11,"column":4},"end":{"line":11,"column":5}},"loc":{"start":{"line":11,"column":33},"end":{"line":13,"column":5}},"line":11},"4":{"name":"(anonymous_4)","decl":{"start":{"line":14,"column":4},"end":{"line":14,"column":5}},"loc":{"start":{"line":14,"column":33},"end":{"line":16,"column":5}},"line":14},"5":{"name":"(anonymous_5)","decl":{"start":{"line":17,"column":4},"end":{"line":17,"column":5}},"loc":{"start":{"line":17,"column":34},"end":{"line":19,"column":5}},"line":17},"6":{"name":"(anonymous_6)","decl":{"start":{"line":21,"column":4},"end":{"line":21,"column":5}},"loc":{"start":{"line":21,"column":43},"end":{"line":23,"column":5}},"line":21},"7":{"name":"(anonymous_7)","decl":{"start":{"line":25,"column":4},"end":{"line":25,"column":5}},"loc":{"start":{"line":25,"column":38},"end":{"line":27,"column":5}},"line":25}},"branchMap":{},"s":{"0":14,"1":0,"2":0,"3":0,"4":0,"5":0,"6":0},"f":{"0":14,"1":14,"2":0,"3":0,"4":0,"5":0,"6":0,"7":0},"b":{},"_coverageSchema":"1a1c01bbd47fc00a2c39e90264f33305004495a9","hash":"2996e42ce8e3228e22ddf37e49951825cac8710e"}
,"/Users/kikurage/workspace/note/workspaces/textarea-handling/src/lib/noop.ts": {"path":"/Users/kikurage/workspace/note/workspaces/textarea-handling/src/lib/noop.ts","statementMap":{},"fnMap":{"0":{"name":"noop","decl":{"start":{"line":1,"column":16},"end":{"line":1,"column":20}},"loc":{"start":{"line":1,"column":23},"end":{"line":1,"column":25}},"line":1}},"branchMap":{},"s":{},"f":{"0":0},"b":{},"_coverageSchema":"1a1c01bbd47fc00a2c39e90264f33305004495a9","hash":"f0dade24ffffcb064962498de93f337de69e74dd"}
,"/Users/kikurage/workspace/note/workspaces/textarea-handling/src/lib/singleton.ts": {"path":"/Users/kikurage/workspace/note/workspaces/textarea-handling/src/lib/singleton.ts","statementMap":{"0":{"start":{"line":2,"column":29},"end":{"line":2,"column":33}},"1":{"start":{"line":4,"column":4},"end":{"line":4,"column":52}},"2":{"start":{"line":4,"column":17},"end":{"line":4,"column":51}}},"fnMap":{"0":{"name":"singleton","decl":{"start":{"line":1,"column":16},"end":{"line":1,"column":25}},"loc":{"start":{"line":1,"column":56},"end":{"line":5,"column":1}},"line":1},"1":{"name":"(anonymous_1)","decl":{"start":{"line":4,"column":11},"end":{"line":4,"column":12}},"loc":{"start":{"line":4,"column":17},"end":{"line":4,"column":51}},"line":4}},"branchMap":{"0":{"loc":{"start":{"line":4,"column":17},"end":{"line":4,"column":51}},"type":"binary-expr","locations":[{"start":{"line":4,"column":17},"end":{"line":4,"column":25}},{"start":{"line":4,"column":30},"end":{"line":4,"column":50}}],"line":4}},"s":{"0":0,"1":0,"2":0},"f":{"0":0,"1":0},"b":{"0":[0,0]},"_coverageSchema":"1a1c01bbd47fc00a2c39e90264f33305004495a9","hash":"18a6f05178fdf27072cc057908b9ff773324c48c"}
,"/Users/kikurage/workspace/note/workspaces/textarea-handling/src/lib/throwError.ts": {"path":"/Users/kikurage/workspace/note/workspaces/textarea-handling/src/lib/throwError.ts","statementMap":{"0":{"start":{"line":8,"column":4},"end":{"line":8,"column":29}}},"fnMap":{"0":{"name":"throwError","decl":{"start":{"line":7,"column":16},"end":{"line":7,"column":26}},"loc":{"start":{"line":7,"column":51},"end":{"line":9,"column":1}},"line":7}},"branchMap":{},"s":{"0":0},"f":{"0":0},"b":{},"_coverageSchema":"1a1c01bbd47fc00a2c39e90264f33305004495a9","hash":"a180742f5bcb4a95194a04ecff6af4315554e1fb"}
,"/Users/kikurage/workspace/note/workspaces/textarea-handling/src/lib/geometry/Line.ts": {"path":"/Users/kikurage/workspace/note/workspaces/textarea-handling/src/lib/geometry/Line.ts","statementMap":{"0":{"start":{"line":10,"column":8},"end":{"line":10,"column":47}},"1":{"start":{"line":14,"column":8},"end":{"line":14,"column":47}},"2":{"start":{"line":18,"column":33},"end":{"line":18,"column":35}},"3":{"start":{"line":19,"column":33},"end":{"line":19,"column":35}},"4":{"start":{"line":21,"column":8},"end":{"line":21,"column":74}},"5":{"start":{"line":26,"column":36},"end":{"line":26,"column":41}},"6":{"start":{"line":27,"column":36},"end":{"line":27,"column":41}},"7":{"start":{"line":29,"column":24},"end":{"line":29,"column":41}},"8":{"start":{"line":30,"column":4},"end":{"line":30,"column":39}},"9":{"start":{"line":30,"column":27},"end":{"line":30,"column":39}},"10":{"start":{"line":32,"column":4},"end":{"line":35,"column":7}},"11":{"start":{"line":39,"column":4},"end":{"line":41,"column":30}},"12":{"start":{"line":40,"column":31},"end":{"line":40,"column":107}},"13":{"start":{"line":48,"column":4},"end":{"line":48,"column":76}},"14":{"start":{"line":48,"column":64},"end":{"line":48,"column":76}},"15":{"start":{"line":50,"column":18},"end":{"line":50,"column":67}},"16":{"start":{"line":51,"column":18},"end":{"line":51,"column":67}},"17":{"start":{"line":53,"column":18},"end":{"line":53,"column":66}},"18":{"start":{"line":54,"column":4},"end":{"line":54,"column":36}},"19":{"start":{"line":54,"column":24},"end":{"line":54,"column":36}},"20":{"start":{"line":56,"column":4},"end":{"line":56,"column":78}},"21":{"start":{"line":56,"column":66},"end":{"line":56,"column":78}},"22":{"start":{"line":57,"column":4},"end":{"line":57,"column":78}},"23":{"start":{"line":57,"column":66},"end":{"line":57,"column":78}},"24":{"start":{"line":58,"column":4},"end":{"line":58,"column":78}},"25":{"start":{"line":58,"column":66},"end":{"line":58,"column":78}},"26":{"start":{"line":59,"column":4},"end":{"line":59,"column":78}},"27":{"start":{"line":59,"column":66},"end":{"line":59,"column":78}},"28":{"start":{"line":61,"column":4},"end":{"line":61,"column":78}},"29":{"start":{"line":61,"column":66},"end":{"line":61,"column":78}},"30":{"start":{"line":62,"column":4},"end":{"line":62,"column":78}},"31":{"start":{"line":62,"column":66},"end":{"line":62,"column":78}},"32":{"start":{"line":63,"column":4},"end":{"line":63,"column":78}},"33":{"start":{"line":63,"column":66},"end":{"line":63,"column":78}},"34":{"start":{"line":64,"column":4},"end":{"line":64,"column":78}},"35":{"start":{"line":64,"column":66},"end":{"line":64,"column":78}},"36":{"start":{"line":66,"column":4},"end":{"line":66,"column":17}}},"fnMap":{"0":{"name":"(anonymous_0)","decl":{"start":{"line":9,"column":4},"end":{"line":9,"column":5}},"loc":{"start":{"line":9,"column":20},"end":{"line":11,"column":5}},"line":9},"1":{"name":"(anonymous_1)","decl":{"start":{"line":13,"column":4},"end":{"line":13,"column":5}},"loc":{"start":{"line":13,"column":20},"end":{"line":15,"column":5}},"line":13},"2":{"name":"(anonymous_2)","decl":{"start":{"line":17,"column":4},"end":{"line":17,"column":5}},"loc":{"start":{"line":17,"column":48},"end":{"line":22,"column":5}},"line":17},"3":{"name":"getIntersectionPointForLineAndLine","decl":{"start":{"line":25,"column":16},"end":{"line":25,"column":50}},"loc":{"start":{"line":25,"column":93},"end":{"line":36,"column":1}},"line":25},"4":{"name":"getIntersectionPointForLineSegmentAndRect","decl":{"start":{"line":38,"column":16},"end":{"line":38,"column":57}},"loc":{"start":{"line":38,"column":108},"end":{"line":42,"column":1}},"line":38},"5":{"name":"(anonymous_5)","decl":{"start":{"line":40,"column":13},"end":{"line":40,"column":14}},"loc":{"start":{"line":40,"column":31},"end":{"line":40,"column":107}},"line":40},"6":{"name":"getIntersectionPointForLineSegmentAndLineSegment","decl":{"start":{"line":44,"column":16},"end":{"line":44,"column":64}},"loc":{"start":{"line":47,"column":18},"end":{"line":67,"column":1}},"line":47}},"branchMap":{"0":{"loc":{"start":{"line":30,"column":4},"end":{"line":30,"column":39}},"type":"if","locations":[{"start":{"line":30,"column":4},"end":{"line":30,"column":39}},{"start":{},"end":{}}],"line":30},"1":{"loc":{"start":{"line":48,"column":4},"end":{"line":48,"column":76}},"type":"if","locations":[{"start":{"line":48,"column":4},"end":{"line":48,"column":76}},{"start":{},"end":{}}],"line":48},"2":{"loc":{"start":{"line":48,"column":8},"end":{"line":48,"column":62}},"type":"binary-expr","locations":[{"start":{"line":48,"column":8},"end":{"line":48,"column":33}},{"start":{"line":48,"column":37},"end":{"line":48,"column":62}}],"line":48},"3":{"loc":{"start":{"line":54,"column":4},"end":{"line":54,"column":36}},"type":"if","locations":[{"start":{"line":54,"column":4},"end":{"line":54,"column":36}},{"start":{},"end":{}}],"line":54},"4":{"loc":{"start":{"line":56,"column":4},"end":{"line":56,"column":78}},"type":"if","locations":[{"start":{"line":56,"column":4},"end":{"line":56,"column":78}},{"start":{},"end":{}}],"line":56},"5":{"loc":{"start":{"line":57,"column":4},"end":{"line":57,"column":78}},"type":"if","locations":[{"start":{"line":57,"column":4},"end":{"line":57,"column":78}},{"start":{},"end":{}}],"line":57},"6":{"loc":{"start":{"line":58,"column":4},"end":{"line":58,"column":78}},"type":"if","locations":[{"start":{"line":58,"column":4},"end":{"line":58,"column":78}},{"start":{},"end":{}}],"line":58},"7":{"loc":{"start":{"line":59,"column":4},"end":{"line":59,"column":78}},"type":"if","locations":[{"start":{"line":59,"column":4},"end":{"line":59,"column":78}},{"start":{},"end":{}}],"line":59},"8":{"loc":{"start":{"line":61,"column":4},"end":{"line":61,"column":78}},"type":"if","locations":[{"start":{"line":61,"column":4},"end":{"line":61,"column":78}},{"start":{},"end":{}}],"line":61},"9":{"loc":{"start":{"line":62,"column":4},"end":{"line":62,"column":78}},"type":"if","locations":[{"start":{"line":62,"column":4},"end":{"line":62,"column":78}},{"start":{},"end":{}}],"line":62},"10":{"loc":{"start":{"line":63,"column":4},"end":{"line":63,"column":78}},"type":"if","locations":[{"start":{"line":63,"column":4},"end":{"line":63,"column":78}},{"start":{},"end":{}}],"line":63},"11":{"loc":{"start":{"line":64,"column":4},"end":{"line":64,"column":78}},"type":"if","locations":[{"start":{"line":64,"column":4},"end":{"line":64,"column":78}},{"start":{},"end":{}}],"line":64}},"s":{"0":0,"1":0,"2":0,"3":0,"4":0,"5":0,"6":0,"7":0,"8":0,"9":0,"10":0,"11":0,"12":0,"13":0,"14":0,"15":0,"16":0,"17":0,"18":0,"19":0,"20":0,"21":0,"22":0,"23":0,"24":0,"25":0,"26":0,"27":0,"28":0,"29":0,"30":0,"31":0,"32":0,"33":0,"34":0,"35":0,"36":0},"f":{"0":0,"1":0,"2":0,"3":0,"4":0,"5":0,"6":0},"b":{"0":[0,0],"1":[0,0],"2":[0,0],"3":[0,0],"4":[0,0],"5":[0,0],"6":[0,0],"7":[0,0],"8":[0,0],"9":[0,0],"10":[0,0],"11":[0,0]},"_coverageSchema":"1a1c01bbd47fc00a2c39e90264f33305004495a9","hash":"b307e997be8e9e345705ba00d714fc97dc9c85d7"}
,"/Users/kikurage/workspace/note/workspaces/textarea-handling/src/lib/geometry/LineSegment.ts": {"path":"/Users/kikurage/workspace/note/workspaces/textarea-handling/src/lib/geometry/LineSegment.ts","statementMap":{"0":{"start":{"line":9,"column":8},"end":{"line":9,"column":88}},"1":{"start":{"line":13,"column":8},"end":{"line":13,"column":43}}},"fnMap":{"0":{"name":"(anonymous_0)","decl":{"start":{"line":8,"column":4},"end":{"line":8,"column":5}},"loc":{"start":{"line":8,"column":17},"end":{"line":10,"column":5}},"line":8},"1":{"name":"(anonymous_1)","decl":{"start":{"line":12,"column":4},"end":{"line":12,"column":5}},"loc":{"start":{"line":12,"column":48},"end":{"line":14,"column":5}},"line":12}},"branchMap":{},"s":{"0":0,"1":0},"f":{"0":0,"1":0},"b":{},"_coverageSchema":"1a1c01bbd47fc00a2c39e90264f33305004495a9","hash":"f4ab0e01c00edda5912896f9a7a34f97df530ec2"}
,"/Users/kikurage/workspace/note/workspaces/textarea-handling/src/lib/geometry/Rect.ts": {"path":"/Users/kikurage/workspace/note/workspaces/textarea-handling/src/lib/geometry/Rect.ts","statementMap":{"0":{"start":{"line":12,"column":8},"end":{"line":12,"column":38}},"1":{"start":{"line":16,"column":8},"end":{"line":16,"column":38}},"2":{"start":{"line":20,"column":8},"end":{"line":20,"column":58}},"3":{"start":{"line":24,"column":8},"end":{"line":24,"column":59}},"4":{"start":{"line":28,"column":8},"end":{"line":28,"column":62}},"5":{"start":{"line":32,"column":8},"end":{"line":32,"column":61}},"6":{"start":{"line":36,"column":8},"end":{"line":36,"column":93}},"7":{"start":{"line":40,"column":8},"end":{"line":40,"column":62}},"8":{"start":{"line":44,"column":8},"end":{"line":49,"column":10}}},"fnMap":{"0":{"name":"(anonymous_0)","decl":{"start":{"line":11,"column":4},"end":{"line":11,"column":5}},"loc":{"start":{"line":11,"column":16},"end":{"line":13,"column":5}},"line":11},"1":{"name":"(anonymous_1)","decl":{"start":{"line":15,"column":4},"end":{"line":15,"column":5}},"loc":{"start":{"line":15,"column":17},"end":{"line":17,"column":5}},"line":15},"2":{"name":"(anonymous_2)","decl":{"start":{"line":19,"column":4},"end":{"line":19,"column":5}},"loc":{"start":{"line":19,"column":18},"end":{"line":21,"column":5}},"line":19},"3":{"name":"(anonymous_3)","decl":{"start":{"line":23,"column":4},"end":{"line":23,"column":5}},"loc":{"start":{"line":23,"column":19},"end":{"line":25,"column":5}},"line":23},"4":{"name":"(anonymous_4)","decl":{"start":{"line":27,"column":4},"end":{"line":27,"column":5}},"loc":{"start":{"line":27,"column":22},"end":{"line":29,"column":5}},"line":27},"5":{"name":"(anonymous_5)","decl":{"start":{"line":31,"column":4},"end":{"line":31,"column":5}},"loc":{"start":{"line":31,"column":21},"end":{"line":33,"column":5}},"line":31},"6":{"name":"(anonymous_6)","decl":{"start":{"line":35,"column":4},"end":{"line":35,"column":5}},"loc":{"start":{"line":35,"column":17},"end":{"line":37,"column":5}},"line":35},"7":{"name":"(anonymous_7)","decl":{"start":{"line":39,"column":4},"end":{"line":39,"column":5}},"loc":{"start":{"line":39,"column":15},"end":{"line":41,"column":5}},"line":39},"8":{"name":"(anonymous_8)","decl":{"start":{"line":43,"column":4},"end":{"line":43,"column":5}},"loc":{"start":{"line":43,"column":90},"end":{"line":50,"column":5}},"line":43}},"branchMap":{},"s":{"0":0,"1":0,"2":0,"3":0,"4":0,"5":0,"6":0,"7":0,"8":0},"f":{"0":0,"1":0,"2":0,"3":0,"4":0,"5":0,"6":0,"7":0,"8":0},"b":{},"_coverageSchema":"1a1c01bbd47fc00a2c39e90264f33305004495a9","hash":"6945947f0652f3714734cc4469651b127a44d296"}
,"/Users/kikurage/workspace/note/workspaces/textarea-handling/src/lib/geometry/Vector2.ts": {"path":"/Users/kikurage/workspace/note/workspaces/textarea-handling/src/lib/geometry/Vector2.ts","statementMap":{"0":{"start":{"line":7,"column":28},"end":{"line":7,"column":55}}},"fnMap":{},"branchMap":{},"s":{"0":5},"f":{},"b":{},"_coverageSchema":"1a1c01bbd47fc00a2c39e90264f33305004495a9","hash":"e77bf78b18a340d5427dee788883444677e14693"}
,"/Users/kikurage/workspace/note/workspaces/textarea-handling/src/lib/geometry/index.ts": {"path":"/Users/kikurage/workspace/note/workspaces/textarea-handling/src/lib/geometry/index.ts","statementMap":{},"fnMap":{},"branchMap":{},"s":{},"f":{},"b":{},"_coverageSchema":"1a1c01bbd47fc00a2c39e90264f33305004495a9","hash":"09c32c966f9aa67770f1903e78b6beaccd37d2e1"}
,"/Users/kikurage/workspace/note/workspaces/textarea-handling/src/serialize/NodeSerializer.ts": {"path":"/Users/kikurage/workspace/note/workspaces/textarea-handling/src/serialize/NodeSerializer.ts","statementMap":{"0":{"start":{"line":6,"column":33},"end":{"line":6,"column":81}},"1":{"start":{"line":6,"column":60},"end":{"line":6,"column":80}},"2":{"start":{"line":7,"column":40},"end":{"line":7,"column":74}},"3":{"start":{"line":10,"column":8},"end":{"line":10,"column":86}},"4":{"start":{"line":11,"column":8},"end":{"line":11,"column":20}},"5":{"start":{"line":16,"column":12},"end":{"line":20,"column":14}},"6":{"start":{"line":19,"column":63},"end":{"line":19,"column":83}},"7":{"start":{"line":23,"column":8},"end":{"line":23,"column":39}},"8":{"start":{"line":27,"column":18},"end":{"line":27,"column":29}},"9":{"start":{"line":29,"column":32},"end":{"line":38,"column":9}},"10":{"start":{"line":30,"column":36},"end":{"line":30,"column":82}},"11":{"start":{"line":31,"column":12},"end":{"line":32,"column":102}},"12":{"start":{"line":32,"column":16},"end":{"line":32,"column":102}},"13":{"start":{"line":34,"column":25},"end":{"line":34,"column":66}},"14":{"start":{"line":35,"column":12},"end":{"line":35,"column":49}},"15":{"start":{"line":37,"column":12},"end":{"line":37,"column":88}},"16":{"start":{"line":37,"column":55},"end":{"line":37,"column":86}},"17":{"start":{"line":40,"column":8},"end":{"line":40,"column":88}},"18":{"start":{"line":40,"column":51},"end":{"line":40,"column":86}},"19":{"start":{"line":41,"column":8},"end":{"line":41,"column":19}}},"fnMap":{"0":{"name":"(anonymous_0)","decl":{"start":{"line":6,"column":54},"end":{"line":6,"column":55}},"loc":{"start":{"line":6,"column":60},"end":{"line":6,"column":80}},"line":6},"1":{"name":"(anonymous_1)","decl":{"start":{"line":9,"column":4},"end":{"line":9,"column":5}},"loc":{"start":{"line":9,"column":53},"end":{"line":12,"column":5}},"line":9},"2":{"name":"(anonymous_2)","decl":{"start":{"line":14,"column":4},"end":{"line":14,"column":5}},"loc":{"start":{"line":14,"column":40},"end":{"line":24,"column":5}},"line":14},"3":{"name":"serializeNode","decl":{"start":{"line":15,"column":17},"end":{"line":15,"column":30}},"loc":{"start":{"line":15,"column":59},"end":{"line":21,"column":9}},"line":15},"4":{"name":"(anonymous_4)","decl":{"start":{"line":19,"column":52},"end":{"line":19,"column":53}},"loc":{"start":{"line":19,"column":63},"end":{"line":19,"column":83}},"line":19},"5":{"name":"(anonymous_5)","decl":{"start":{"line":26,"column":4},"end":{"line":26,"column":5}},"loc":{"start":{"line":26,"column":53},"end":{"line":42,"column":5}},"line":26},"6":{"name":"(anonymous_6)","decl":{"start":{"line":29,"column":32},"end":{"line":29,"column":33}},"loc":{"start":{"line":29,"column":86},"end":{"line":38,"column":9}},"line":29},"7":{"name":"(anonymous_7)","decl":{"start":{"line":37,"column":44},"end":{"line":37,"column":45}},"loc":{"start":{"line":37,"column":55},"end":{"line":37,"column":86}},"line":37},"8":{"name":"(anonymous_8)","decl":{"start":{"line":40,"column":40},"end":{"line":40,"column":41}},"loc":{"start":{"line":40,"column":51},"end":{"line":40,"column":86}},"line":40}},"branchMap":{"0":{"loc":{"start":{"line":31,"column":12},"end":{"line":32,"column":102}},"type":"if","locations":[{"start":{"line":31,"column":12},"end":{"line":32,"column":102}},{"start":{},"end":{}}],"line":31}},"s":{"0":1,"1":0,"2":2,"3":0,"4":0,"5":36,"6":32,"7":4,"8":0,"9":0,"10":0,"11":0,"12":0,"13":0,"14":0,"15":0,"16":0,"17":0,"18":0,"19":0},"f":{"0":0,"1":0,"2":4,"3":36,"4":32,"5":0,"6":0,"7":0,"8":0},"b":{"0":[0,0]},"_coverageSchema":"1a1c01bbd47fc00a2c39e90264f33305004495a9","hash":"e0245772bc3c0fb89aa8378ecf7de36a9a8228e7"}
}
