TN:
SF:src/core/Cursor.ts
FN:7,(anonymous_0)
FN:18,(anonymous_1)
FN:67,(anonymous_2)
FN:71,(anonymous_3)
FN:75,(anonymous_4)
FNF:5
FNH:3
FNDA:17,(anonymous_0)
FNDA:17,(anonymous_1)
FNDA:7,(anonymous_2)
FNDA:0,(anonymous_3)
FNDA:0,(anonymous_4)
DA:19,17
DA:20,10
DA:21,5
DA:22,5
DA:24,5
DA:26,5
DA:27,5
DA:29,5
DA:32,7
DA:33,7
DA:34,0
DA:35,0
DA:37,0
DA:39,7
DA:40,7
DA:41,7
DA:43,7
DA:46,0
DA:47,0
DA:48,0
DA:49,0
DA:50,0
DA:52,0
DA:54,0
DA:55,0
DA:56,0
DA:57,0
DA:58,0
DA:59,0
DA:61,0
DA:64,0
DA:68,7
DA:72,0
DA:76,0
DA:77,0
DA:79,0
LF:36
LH:15
BRDA:9,0,0,17
BRDA:19,1,0,10
BRDA:19,1,1,7
BRDA:20,2,0,5
BRDA:20,2,1,5
BRDA:32,3,0,7
BRDA:32,3,1,0
BRDA:33,4,0,0
BRDA:33,4,1,7
BRDA:46,5,0,0
BRDA:46,5,1,0
BRDA:54,6,0,0
BRDA:54,6,1,0
BRDA:76,7,0,0
BRDA:76,7,1,0
BRF:15
BRH:7
end_of_record
TN:
SF:src/core/Doc.ts
FN:8,nonnull
FN:12,(anonymous_1)
FN:21,(anonymous_2)
FN:28,(anonymous_3)
FN:33,(anonymous_4)
FN:39,(anonymous_5)
FN:45,(anonymous_6)
FN:54,(anonymous_7)
FN:66,(anonymous_8)
FN:75,(anonymous_9)
FN:81,(anonymous_10)
FN:83,(anonymous_11)
FN:87,(anonymous_12)
FN:91,(anonymous_13)
FN:99,(anonymous_14)
FN:105,(anonymous_15)
FN:112,(anonymous_16)
FN:124,(anonymous_17)
FN:136,(anonymous_18)
FN:143,(anonymous_19)
FN:152,(anonymous_20)
FN:161,(anonymous_21)
FN:170,(anonymous_22)
FN:176,(anonymous_23)
FN:185,(anonymous_24)
FN:194,(anonymous_25)
FN:203,(anonymous_26)
FN:213,(anonymous_27)
FN:223,(anonymous_28)
FN:227,(anonymous_29)
FN:231,(anonymous_30)
FN:235,(anonymous_31)
FN:239,(anonymous_32)
FN:244,(anonymous_33)
FN:254,(anonymous_34)
FN:264,(anonymous_35)
FN:277,(anonymous_36)
FN:281,(anonymous_37)
FN:292,(anonymous_38)
FN:328,getChildIds
FN:332,getParentId
FN:336,insertInPlace
FN:347,(anonymous_42)
FN:359,deleteInPlace
FN:390,spliceInPlace
FNF:45
FNH:43
FNDA:5529,nonnull
FNDA:285,(anonymous_1)
FNDA:291,(anonymous_2)
FNDA:90,(anonymous_3)
FNDA:172,(anonymous_4)
FNDA:49,(anonymous_5)
FNDA:27,(anonymous_6)
FNDA:28,(anonymous_7)
FNDA:6,(anonymous_8)
FNDA:327,(anonymous_9)
FNDA:43,(anonymous_10)
FNDA:38,(anonymous_11)
FNDA:342,(anonymous_12)
FNDA:88,(anonymous_13)
FNDA:0,(anonymous_14)
FNDA:0,(anonymous_15)
FNDA:7,(anonymous_16)
FNDA:17,(anonymous_17)
FNDA:13,(anonymous_18)
FNDA:11,(anonymous_19)
FNDA:4,(anonymous_20)
FNDA:4,(anonymous_21)
FNDA:17,(anonymous_22)
FNDA:5,(anonymous_23)
FNDA:14,(anonymous_24)
FNDA:12,(anonymous_25)
FNDA:7,(anonymous_26)
FNDA:165,(anonymous_27)
FNDA:4,(anonymous_28)
FNDA:7,(anonymous_29)
FNDA:3,(anonymous_30)
FNDA:5,(anonymous_31)
FNDA:123,(anonymous_32)
FNDA:15,(anonymous_33)
FNDA:10,(anonymous_34)
FNDA:16,(anonymous_35)
FNDA:3,(anonymous_36)
FNDA:72,(anonymous_37)
FNDA:55,(anonymous_38)
FNDA:597,getChildIds
FNDA:351,getParentId
FNDA:189,insertInPlace
FNDA:37,(anonymous_42)
FNDA:24,deleteInPlace
FNDA:25,spliceInPlace
DA:12,5529
DA:13,285
DA:14,285
DA:15,277
DA:29,90
DA:30,90
DA:34,172
DA:37,291
DA:40,49
DA:43,291
DA:46,27
DA:47,27
DA:49,18
DA:52,291
DA:55,28
DA:56,28
DA:58,20
DA:59,20
DA:61,20
DA:64,291
DA:67,6
DA:68,6
DA:70,4
DA:73,291
DA:76,327
DA:79,291
DA:82,43
DA:83,38
DA:88,342
DA:92,88
DA:93,88
DA:94,88
DA:97,291
DA:100,0
DA:103,291
DA:106,0
DA:107,0
DA:110,291
DA:113,7
DA:114,7
DA:116,7
DA:117,7
DA:119,7
DA:122,291
DA:125,17
DA:126,17
DA:128,17
DA:129,17
DA:131,17
DA:134,291
DA:137,13
DA:138,5
DA:141,291
DA:144,11
DA:145,11
DA:147,4
DA:150,291
DA:153,4
DA:154,4
DA:156,2
DA:159,291
DA:162,4
DA:163,4
DA:165,1
DA:168,291
DA:171,17
DA:174,291
DA:177,5
DA:178,5
DA:180,1
DA:183,291
DA:186,14
DA:187,14
DA:189,12
DA:192,291
DA:195,12
DA:196,12
DA:198,8
DA:201,291
DA:204,7
DA:205,7
DA:206,8
DA:208,3
DA:210,2
DA:214,165
DA:215,165
DA:216,165
DA:218,165
DA:220,162
DA:224,4
DA:228,7
DA:232,3
DA:236,5
DA:240,123
DA:241,123
DA:245,15
DA:246,15
DA:247,15
DA:249,15
DA:251,15
DA:255,10
DA:256,10
DA:257,10
DA:259,10
DA:261,9
DA:265,16
DA:266,16
DA:267,16
DA:269,16
DA:270,16
DA:272,16
DA:274,15
DA:278,3
DA:282,72
DA:283,72
DA:284,72
DA:285,157
DA:286,157
DA:288,72
DA:289,70
DA:293,55
DA:294,44
DA:296,30
DA:297,29
DA:299,29
DA:301,29
DA:303,29
DA:304,21
DA:305,21
DA:306,21
DA:308,6
DA:309,6
DA:311,6
DA:314,23
DA:315,12
DA:316,12
DA:319,11
DA:320,5
DA:321,5
DA:324,6
DA:329,597
DA:333,351
DA:343,189
DA:345,185
DA:346,185
DA:347,37
DA:348,23
DA:351,185
DA:352,185
DA:354,185
DA:355,185
DA:356,185
DA:365,24
DA:366,4
DA:369,24
DA:370,24
DA:372,24
DA:373,24
DA:375,21
DA:377,21
DA:378,21
DA:380,21
DA:381,4
DA:383,17
DA:384,17
DA:385,17
DA:387,21
DA:399,25
DA:400,25
DA:401,24
DA:402,23
DA:404,24
DA:405,5
DA:409,5
LF:174
LH:171
BRDA:22,0,0,0
BRDA:23,1,0,0
BRDA:24,2,0,0
BRDA:34,3,0,172
BRDA:34,3,1,20
BRDA:40,4,0,49
BRDA:40,4,1,15
BRDA:47,5,0,9
BRDA:47,5,1,18
BRDA:56,6,0,8
BRDA:56,6,1,20
BRDA:59,7,0,0
BRDA:59,7,1,20
BRDA:68,8,0,2
BRDA:68,8,1,4
BRDA:93,9,0,0
BRDA:93,9,1,88
BRDA:100,10,0,0
BRDA:100,10,1,0
BRDA:107,11,0,0
BRDA:107,11,1,0
BRDA:114,12,0,0
BRDA:114,12,1,7
BRDA:117,13,0,0
BRDA:117,13,1,7
BRDA:126,14,0,0
BRDA:126,14,1,17
BRDA:129,15,0,0
BRDA:129,15,1,17
BRDA:137,16,0,8
BRDA:137,16,1,5
BRDA:145,17,0,7
BRDA:145,17,1,4
BRDA:154,18,0,2
BRDA:154,18,1,2
BRDA:163,19,0,3
BRDA:163,19,1,1
BRDA:178,20,0,4
BRDA:178,20,1,1
BRDA:187,21,0,2
BRDA:187,21,1,12
BRDA:196,22,0,4
BRDA:196,22,1,8
BRDA:206,23,0,4
BRDA:206,23,1,3
BRDA:270,24,0,0
BRDA:270,24,1,16
BRDA:293,25,0,11
BRDA:293,25,1,44
BRDA:294,26,0,14
BRDA:294,26,1,30
BRDA:306,27,0,15
BRDA:306,27,1,6
BRDA:311,28,0,4
BRDA:311,28,1,2
BRDA:314,29,0,12
BRDA:314,29,1,11
BRDA:316,30,0,6
BRDA:316,30,1,6
BRDA:319,31,0,5
BRDA:319,31,1,6
BRDA:321,32,0,4
BRDA:321,32,1,1
BRDA:324,33,0,1
BRDA:324,33,1,5
BRDA:324,34,0,0
BRDA:324,34,1,5
BRDA:329,35,0,597
BRDA:329,35,1,208
BRDA:333,36,0,351
BRDA:333,36,1,90
BRDA:346,37,0,23
BRDA:346,37,1,162
BRDA:347,38,0,23
BRDA:347,38,1,0
BRDA:373,39,0,3
BRDA:373,39,1,21
BRDA:380,40,0,4
BRDA:380,40,1,17
BRF:79
BRH:63
end_of_record
TN:
SF:src/core/EditorState.ts
FN:10,(anonymous_0)
FNF:1
FNH:1
FNDA:5,(anonymous_0)
DA:11,5
DA:13,5
DA:20,1
LF:3
LH:3
BRF:0
BRH:0
end_of_record
TN:
SF:src/core/Node.ts
FN:15,(anonymous_0)
FN:20,(anonymous_1)
FN:28,(anonymous_2)
FN:32,(anonymous_3)
FNF:4
FNH:4
FNDA:275,(anonymous_0)
FNDA:50,(anonymous_1)
FNDA:50,(anonymous_2)
FNDA:16,(anonymous_3)
DA:13,5
DA:21,50
DA:22,0
DA:25,50
DA:29,50
DA:34,16
DA:38,5
LF:7
LH:6
BRDA:17,0,0,259
BRDA:21,1,0,0
BRDA:21,1,1,50
BRDA:21,2,0,50
BRDA:21,2,1,0
BRDA:32,3,0,14
BRF:6
BRH:4
end_of_record
TN:
SF:src/core/Position.ts
FN:6,(anonymous_0)
FN:10,(anonymous_1)
FN:14,(anonymous_2)
FN:19,(anonymous_3)
FN:23,(anonymous_4)
FNF:5
FNH:4
FNDA:365,(anonymous_0)
FNDA:7,(anonymous_1)
FNDA:12,(anonymous_2)
FNDA:24,(anonymous_3)
FNDA:0,(anonymous_4)
DA:7,365
DA:11,7
DA:15,12
DA:16,12
DA:20,24
DA:24,0
LF:6
LH:5
BRDA:6,0,0,40
BRDA:11,1,0,7
BRDA:11,1,1,7
BRDA:14,2,0,12
BRDA:19,3,0,22
BRF:5
BRH:5
end_of_record
TN:
SF:src/core/mutation/deleteAndMerge.ts
FN:10,deleteSelectedRange
FN:22,deleteAndMerge
FNF:2
FNH:1
FNDA:0,deleteSelectedRange
FNDA:4,deleteAndMerge
DA:11,0
DA:13,0
DA:14,0
DA:16,0
DA:23,4
DA:26,4
DA:28,4
DA:29,4
DA:31,4
DA:32,11
DA:33,11
DA:34,11
DA:35,11
DA:36,11
DA:38,3
DA:39,3
DA:40,3
DA:42,3
DA:45,4
DA:54,2
LF:20
LH:16
BRDA:11,0,0,0
BRDA:11,0,1,0
BRDA:26,1,0,2
BRDA:26,1,1,2
BRDA:31,2,0,15
BRDA:31,2,1,11
BRDA:36,3,0,8
BRDA:36,3,1,3
BRDA:39,4,0,0
BRDA:39,4,1,3
BRDA:42,5,0,2
BRDA:42,5,1,1
BRF:12
BRH:9
end_of_record
TN:
SF:src/core/mutation/deleteByRange.ts
FN:14,deleteByRange
FN:56,deleteByOffsetRange
FN:67,deleteFromNodeStart
FN:71,deleteToNodeEnd
FNF:4
FNH:4
FNDA:4,deleteByRange
FNDA:6,deleteByOffsetRange
FNDA:2,deleteFromNodeStart
FNDA:2,deleteToNodeEnd
DA:15,4
DA:16,2
DA:19,2
DA:21,2
DA:23,2
DA:24,4
DA:26,4
DA:30,2
DA:31,6
DA:32,6
DA:33,2
DA:34,2
DA:35,4
DA:36,1
DA:37,1
DA:39,3
DA:40,3
DA:42,2
DA:46,2
DA:47,4
DA:50,2
DA:51,2
DA:53,2
DA:57,6
DA:59,5
DA:60,5
DA:61,3
DA:63,2
DA:68,2
DA:72,2
DA:74,2
DA:75,1
DA:78,1
DA:79,1
DA:80,1
DA:83,0
LF:36
LH:35
BRDA:15,0,0,2
BRDA:15,0,1,2
BRDA:24,1,0,1
BRDA:24,1,1,3
BRDA:26,2,0,4
BRDA:26,2,1,1
BRDA:32,3,0,2
BRDA:32,3,1,4
BRDA:35,4,0,1
BRDA:35,4,1,3
BRDA:40,5,0,1
BRDA:40,5,1,2
BRDA:57,6,0,1
BRDA:57,6,1,5
BRDA:60,7,0,3
BRDA:60,7,1,2
BRDA:74,8,0,1
BRDA:74,8,1,1
BRDA:78,9,0,1
BRDA:78,9,1,0
BRF:20
BRH:19
end_of_record
TN:
SF:src/core/mutation/insertText.ts
FN:10,insertText
FN:27,insertTextAt
FN:51,(anonymous_2)
FNF:3
FNH:3
FNDA:5,insertText
FNDA:10,insertTextAt
FNDA:4,(anonymous_2)
DA:11,5
DA:13,5
DA:15,5
DA:28,10
DA:30,10
DA:31,2
DA:32,2
DA:35,8
DA:36,8
DA:37,2
DA:38,2
DA:41,6
DA:42,6
DA:43,2
DA:44,2
DA:51,4
DA:52,2
DA:54,2
DA:56,2
DA:59,2
DA:60,2
DA:62,2
DA:63,2
DA:65,2
DA:74,1
LF:25
LH:25
BRDA:11,0,0,0
BRDA:11,0,1,5
BRDA:30,1,0,2
BRDA:30,1,1,8
BRDA:36,2,0,2
BRDA:36,2,1,6
BRDA:36,3,0,8
BRDA:36,3,1,2
BRDA:42,4,0,2
BRDA:42,4,1,4
BRDA:42,5,0,6
BRDA:42,5,1,2
BRDA:51,6,0,2
BRDA:51,6,1,2
BRF:14
BRH:13
end_of_record
TN:
SF:src/core/mutation/merge.ts
FN:17,merge
FNF:1
FNH:1
FNDA:7,merge
DA:18,7
DA:19,7
DA:20,7
DA:21,7
DA:23,7
DA:25,7
DA:26,3
DA:29,4
DA:30,4
DA:31,4
DA:32,4
DA:35,0
LF:12
LH:11
BRDA:23,0,0,0
BRDA:23,0,1,7
BRDA:25,1,0,3
BRDA:25,1,1,4
BRDA:25,2,0,7
BRDA:25,2,1,3
BRDA:29,3,0,4
BRDA:29,3,1,0
BRDA:29,4,0,4
BRDA:29,4,1,4
BRF:10
BRH:8
end_of_record
TN:
SF:src/core/mutation/split.ts
FN:20,split
FN:46,splitRecursively
FN:49,(anonymous_2)
FNF:3
FNH:1
FNDA:4,split
FNDA:0,splitRecursively
FNDA:0,(anonymous_2)
DA:21,4
DA:23,4
DA:24,2
DA:25,2
DA:26,2
DA:29,2
DA:30,2
DA:31,2
DA:33,2
DA:34,2
DA:35,2
DA:37,2
DA:40,0
DA:47,0
DA:48,0
DA:49,0
DA:53,0
DA:54,0
DA:55,0
DA:58,0
LF:20
LH:12
BRDA:23,0,0,2
BRDA:23,0,1,2
BRDA:29,1,0,2
BRDA:29,1,1,0
BRF:4
BRH:3
end_of_record
TN:
SF:src/core/node/ContainerNode.ts
FNF:0
FNH:0
LF:0
LH:0
BRF:0
BRH:0
end_of_record
TN:
SF:src/core/node/ParagraphNode.ts
FNF:0
FNH:0
LF:0
LH:0
BRF:0
BRH:0
end_of_record
TN:
SF:src/core/node/RootNode.ts
FNF:0
FNH:0
LF:0
LH:0
BRF:0
BRH:0
end_of_record
TN:
SF:src/core/node/TextNode.ts
FN:4,(anonymous_0)
FN:8,(anonymous_1)
FN:12,(anonymous_2)
FN:18,(anonymous_3)
FN:22,(anonymous_4)
FN:26,(anonymous_5)
FNF:6
FNH:5
FNDA:62,(anonymous_0)
FNDA:7,(anonymous_1)
FNDA:14,(anonymous_2)
FNDA:9,(anonymous_3)
FNDA:6,(anonymous_4)
FNDA:0,(anonymous_5)
DA:5,62
DA:9,7
DA:13,14
DA:15,14
DA:19,9
DA:23,6
DA:27,0
LF:7
LH:6
BRDA:13,0,0,0
BRDA:13,0,1,14
BRDA:18,1,0,3
BRF:3
BRH:2
end_of_record
TN:
SF:src/lib/Channel.ts
FN:18,(anonymous_0)
FN:20,(anonymous_1)
FN:23,(anonymous_2)
FN:28,(anonymous_3)
FN:29,(anonymous_4)
FNF:5
FNH:0
FNDA:0,(anonymous_0)
FNDA:0,(anonymous_1)
FNDA:0,(anonymous_2)
FNDA:0,(anonymous_3)
FNDA:0,(anonymous_4)
DA:4,0
DA:19,0
DA:20,0
DA:24,0
DA:25,0
DA:29,0
LF:6
LH:0
BRF:0
BRH:0
end_of_record
TN:
SF:src/lib/DIContainer.ts
FN:5,serviceKey
FN:13,(anonymous_1)
FN:19,(anonymous_2)
FN:23,(anonymous_3)
FN:35,(anonymous_4)
FNF:5
FNH:2
FNDA:1,serviceKey
FNDA:1,(anonymous_1)
FNDA:0,(anonymous_2)
FNDA:0,(anonymous_3)
FNDA:0,(anonymous_4)
DA:6,1
DA:10,0
DA:11,1
DA:14,1
DA:15,1
DA:16,1
DA:20,0
DA:24,0
DA:25,0
DA:26,0
DA:27,0
DA:29,0
DA:30,0
DA:32,0
DA:36,0
LF:15
LH:5
BRDA:25,0,0,0
BRDA:25,0,1,0
BRF:2
BRH:0
end_of_record
TN:
SF:src/lib/Disposable.ts
FN:9,(anonymous_0)
FN:15,(anonymous_1)
FNF:2
FNH:0
FNDA:0,(anonymous_0)
FNDA:0,(anonymous_1)
DA:6,0
DA:7,0
DA:10,0
DA:11,0
DA:12,0
DA:16,0
DA:17,0
DA:19,0
DA:21,0
LF:9
LH:0
BRDA:10,0,0,0
BRDA:10,0,1,0
BRDA:16,1,0,0
BRDA:16,1,1,0
BRF:4
BRH:0
end_of_record
TN:
SF:src/lib/assert.ts
FN:1,assert
FNF:1
FNH:1
FNDA:654,assert
DA:2,654
DA:3,14
DA:4,14
LF:3
LH:3
BRDA:2,0,0,14
BRDA:2,0,1,640
BRF:2
BRH:2
end_of_record
TN:
SF:src/lib/counter.ts
FN:1,counter
FN:3,(anonymous_1)
FN:5,(anonymous_2)
FNF:3
FNH:2
FNDA:5,counter
FNDA:261,(anonymous_1)
FNDA:0,(anonymous_2)
DA:2,5
DA:3,261
DA:4,5
DA:6,0
LF:4
LH:3
BRF:0
BRH:0
end_of_record
TN:
SF:src/lib/dataclass.ts
FN:1,dataclass
FN:3,(anonymous_1)
FN:9,(anonymous_2)
FN:11,(anonymous_3)
FNF:4
FNH:4
FNDA:26,dataclass
FNDA:384,(anonymous_1)
FNDA:384,(anonymous_2)
FNDA:9,(anonymous_3)
DA:4,384
DA:5,384
DA:13,9
DA:17,26
LF:4
LH:4
BRDA:11,0,0,0
BRF:1
BRH:0
end_of_record
TN:
SF:src/lib/eventTarget.ts
FN:6,(anonymous_0)
FN:10,(anonymous_1)
FN:11,(anonymous_2)
FN:16,(anonymous_3)
FN:29,(anonymous_4)
FN:41,(anonymous_5)
FN:51,eventTarget
FN:78,addListener
FN:81,(anonymous_8)
FNF:9
FNH:0
FNDA:0,(anonymous_0)
FNDA:0,(anonymous_1)
FNDA:0,(anonymous_2)
FNDA:0,(anonymous_3)
FNDA:0,(anonymous_4)
FNDA:0,(anonymous_5)
FNDA:0,eventTarget
FNDA:0,addListener
FNDA:0,(anonymous_8)
DA:4,0
DA:7,0
DA:10,0
DA:11,0
DA:17,0
DA:18,0
DA:19,0
DA:20,0
DA:21,0
DA:23,0
DA:24,0
DA:30,0
DA:31,0
DA:33,0
DA:34,0
DA:35,0
DA:36,0
DA:38,0
DA:42,0
DA:43,0
DA:45,0
DA:47,0
DA:52,0
DA:79,0
DA:80,0
DA:82,0
LF:26
LH:0
BRDA:18,0,0,0
BRDA:18,0,1,0
BRDA:31,1,0,0
BRDA:31,1,1,0
BRDA:34,2,0,0
BRDA:34,2,1,0
BRF:6
BRH:0
end_of_record
TN:
SF:src/lib/index.ts
FNF:0
FNH:0
LF:0
LH:0
BRF:0
BRH:0
end_of_record
TN:
SF:src/lib/isNotNullish.ts
FN:1,isNullish
FN:5,isNotNullish
FNF:2
FNH:2
FNDA:38,isNullish
FNDA:38,isNotNullish
DA:2,38
DA:6,38
LF:2
LH:2
BRDA:2,0,0,38
BRDA:2,0,1,38
BRF:2
BRH:2
end_of_record
TN:
SF:src/lib/logger.ts
FN:2,(anonymous_0)
FN:4,(anonymous_1)
FN:8,(anonymous_2)
FN:11,(anonymous_3)
FN:14,(anonymous_4)
FN:17,(anonymous_5)
FN:21,(anonymous_6)
FN:25,(anonymous_7)
FNF:8
FNH:2
FNDA:14,(anonymous_0)
FNDA:14,(anonymous_1)
FNDA:0,(anonymous_2)
FNDA:0,(anonymous_3)
FNDA:0,(anonymous_4)
FNDA:0,(anonymous_5)
FNDA:0,(anonymous_6)
FNDA:0,(anonymous_7)
DA:5,14
DA:9,0
DA:12,0
DA:15,0
DA:18,0
DA:22,0
DA:26,0
LF:7
LH:1
BRF:0
BRH:0
end_of_record
TN:
SF:src/lib/noop.ts
FN:1,noop
FNF:1
FNH:0
FNDA:0,noop
LF:0
LH:0
BRF:0
BRH:0
end_of_record
TN:
SF:src/lib/singleton.ts
FN:1,singleton
FN:4,(anonymous_1)
FNF:2
FNH:0
FNDA:0,singleton
FNDA:0,(anonymous_1)
DA:2,0
DA:4,0
LF:2
LH:0
BRDA:4,0,0,0
BRDA:4,0,1,0
BRF:2
BRH:0
end_of_record
TN:
SF:src/lib/throwError.ts
FN:7,throwError
FNF:1
FNH:0
FNDA:0,throwError
DA:8,0
LF:1
LH:0
BRF:0
BRH:0
end_of_record
TN:
SF:src/lib/geometry/Line.ts
FN:9,(anonymous_0)
FN:13,(anonymous_1)
FN:17,(anonymous_2)
FN:25,getIntersectionPointForLineAndLine
FN:38,getIntersectionPointForLineSegmentAndRect
FN:40,(anonymous_5)
FN:44,getIntersectionPointForLineSegmentAndLineSegment
FNF:7
FNH:0
FNDA:0,(anonymous_0)
FNDA:0,(anonymous_1)
FNDA:0,(anonymous_2)
FNDA:0,getIntersectionPointForLineAndLine
FNDA:0,getIntersectionPointForLineSegmentAndRect
FNDA:0,(anonymous_5)
FNDA:0,getIntersectionPointForLineSegmentAndLineSegment
DA:10,0
DA:14,0
DA:18,0
DA:19,0
DA:21,0
DA:26,0
DA:27,0
DA:29,0
DA:30,0
DA:32,0
DA:39,0
DA:40,0
DA:48,0
DA:50,0
DA:51,0
DA:53,0
DA:54,0
DA:56,0
DA:57,0
DA:58,0
DA:59,0
DA:61,0
DA:62,0
DA:63,0
DA:64,0
DA:66,0
LF:26
LH:0
BRDA:30,0,0,0
BRDA:30,0,1,0
BRDA:48,1,0,0
BRDA:48,1,1,0
BRDA:48,2,0,0
BRDA:48,2,1,0
BRDA:54,3,0,0
BRDA:54,3,1,0
BRDA:56,4,0,0
BRDA:56,4,1,0
BRDA:57,5,0,0
BRDA:57,5,1,0
BRDA:58,6,0,0
BRDA:58,6,1,0
BRDA:59,7,0,0
BRDA:59,7,1,0
BRDA:61,8,0,0
BRDA:61,8,1,0
BRDA:62,9,0,0
BRDA:62,9,1,0
BRDA:63,10,0,0
BRDA:63,10,1,0
BRDA:64,11,0,0
BRDA:64,11,1,0
BRF:24
BRH:0
end_of_record
TN:
SF:src/lib/geometry/LineSegment.ts
FN:8,(anonymous_0)
FN:12,(anonymous_1)
FNF:2
FNH:0
FNDA:0,(anonymous_0)
FNDA:0,(anonymous_1)
DA:9,0
DA:13,0
LF:2
LH:0
BRF:0
BRH:0
end_of_record
TN:
SF:src/lib/geometry/Rect.ts
FN:11,(anonymous_0)
FN:15,(anonymous_1)
FN:19,(anonymous_2)
FN:23,(anonymous_3)
FN:27,(anonymous_4)
FN:31,(anonymous_5)
FN:35,(anonymous_6)
FN:39,(anonymous_7)
FN:43,(anonymous_8)
FNF:9
FNH:0
FNDA:0,(anonymous_0)
FNDA:0,(anonymous_1)
FNDA:0,(anonymous_2)
FNDA:0,(anonymous_3)
FNDA:0,(anonymous_4)
FNDA:0,(anonymous_5)
FNDA:0,(anonymous_6)
FNDA:0,(anonymous_7)
FNDA:0,(anonymous_8)
DA:12,0
DA:16,0
DA:20,0
DA:24,0
DA:28,0
DA:32,0
DA:36,0
DA:40,0
DA:44,0
LF:9
LH:0
BRF:0
BRH:0
end_of_record
TN:
SF:src/lib/geometry/Vector2.ts
FNF:0
FNH:0
DA:7,5
LF:1
LH:1
BRF:0
BRH:0
end_of_record
TN:
SF:src/lib/geometry/index.ts
FNF:0
FNH:0
LF:0
LH:0
BRF:0
BRH:0
end_of_record
TN:
SF:src/serialize/NodeSerializer.ts
FN:6,(anonymous_0)
FN:9,(anonymous_1)
FN:14,(anonymous_2)
FN:15,serializeNode
FN:19,(anonymous_4)
FN:26,(anonymous_5)
FN:29,(anonymous_6)
FN:37,(anonymous_7)
FN:40,(anonymous_8)
FNF:9
FNH:3
FNDA:0,(anonymous_0)
FNDA:0,(anonymous_1)
FNDA:4,(anonymous_2)
FNDA:36,serializeNode
FNDA:32,(anonymous_4)
FNDA:0,(anonymous_5)
FNDA:0,(anonymous_6)
FNDA:0,(anonymous_7)
FNDA:0,(anonymous_8)
DA:6,1
DA:7,2
DA:10,0
DA:11,0
DA:16,36
DA:19,32
DA:23,4
DA:27,0
DA:29,0
DA:30,0
DA:31,0
DA:32,0
DA:34,0
DA:35,0
DA:37,0
DA:40,0
DA:41,0
LF:17
LH:5
BRDA:31,0,0,0
BRDA:31,0,1,0
BRF:2
BRH:0
end_of_record
