TN:
SF:src/core/Cursor.ts
FN:6,(anonymous_0)
FN:17,(anonymous_1)
FN:66,(anonymous_2)
FN:70,(anonymous_3)
FN:74,(anonymous_4)
FNF:5
FNH:4
FNDA:23,(anonymous_0)
FNDA:23,(anonymous_1)
FNDA:9,(anonymous_2)
FNDA:0,(anonymous_3)
FNDA:2,(anonymous_4)
DA:18,23
DA:19,12
DA:20,5
DA:21,5
DA:23,5
DA:25,7
DA:26,7
DA:28,7
DA:31,11
DA:32,9
DA:33,2
DA:34,2
DA:36,2
DA:38,7
DA:39,7
DA:40,7
DA:42,7
DA:45,2
DA:46,1
DA:47,1
DA:48,1
DA:49,1
DA:51,1
DA:53,1
DA:54,1
DA:55,1
DA:56,1
DA:57,1
DA:58,1
DA:60,1
DA:63,0
DA:67,9
DA:71,0
DA:75,2
DA:76,2
DA:78,0
LF:36
LH:33
BRDA:8,0,0,19
BRDA:18,1,0,12
BRDA:18,1,1,11
BRDA:19,2,0,5
BRDA:19,2,1,7
BRDA:31,3,0,9
BRDA:31,3,1,2
BRDA:32,4,0,2
BRDA:32,4,1,7
BRDA:45,5,0,1
BRDA:45,5,1,1
BRDA:53,6,0,1
BRDA:53,6,1,0
BRDA:75,7,0,2
BRDA:75,7,1,0
BRF:15
BRH:13
end_of_record
TN:
SF:src/core/EditorState.ts
FN:14,(anonymous_0)
FN:23,(anonymous_1)
FN:27,(anonymous_2)
FN:35,(anonymous_3)
FN:44,(anonymous_4)
FN:55,(anonymous_5)
FN:70,(anonymous_6)
FNF:7
FNH:3
FNDA:7,(anonymous_0)
FNDA:0,(anonymous_1)
FNDA:5,(anonymous_2)
FNDA:0,(anonymous_3)
FNDA:0,(anonymous_4)
FNDA:0,(anonymous_5)
FNDA:2,(anonymous_6)
DA:15,7
DA:17,7
DA:24,0
DA:28,5
DA:30,5
DA:32,5
DA:36,0
DA:38,0
DA:39,0
DA:41,0
DA:45,0
DA:47,0
DA:50,0
DA:52,0
DA:56,0
DA:58,0
DA:59,0
DA:60,0
DA:61,0
DA:62,0
DA:64,0
DA:67,0
DA:71,2
DA:73,2
DA:75,2
DA:77,2
DA:78,2
DA:80,2
DA:81,4
DA:82,3
DA:83,3
DA:84,3
DA:87,1
DA:88,1
DA:89,1
DA:90,1
DA:92,1
DA:96,2
DA:97,1
DA:99,2
DA:103,1
LF:41
LH:24
BRDA:28,0,0,0
BRDA:28,0,1,5
BRDA:36,1,0,0
BRDA:36,1,1,0
BRDA:39,2,0,0
BRDA:39,2,1,0
BRDA:45,3,0,0
BRDA:45,3,1,0
BRDA:50,4,0,0
BRDA:50,4,1,0
BRDA:56,5,0,0
BRDA:56,5,1,0
BRDA:61,6,0,0
BRDA:61,6,1,0
BRDA:61,7,0,0
BRDA:61,7,1,0
BRDA:71,8,0,0
BRDA:71,8,1,2
BRDA:80,9,0,5
BRDA:80,9,1,4
BRDA:81,10,0,3
BRDA:81,10,1,1
BRDA:88,11,0,1
BRDA:88,11,1,0
BRDA:96,12,0,1
BRDA:96,12,1,1
BRF:26
BRH:9
end_of_record
TN:
SF:src/core/Position.ts
FN:6,(anonymous_0)
FN:10,(anonymous_1)
FN:14,(anonymous_2)
FN:19,(anonymous_3)
FN:23,(anonymous_4)
FNF:5
FNH:4
FNDA:338,(anonymous_0)
FNDA:9,(anonymous_1)
FNDA:5,(anonymous_2)
FNDA:25,(anonymous_3)
FNDA:0,(anonymous_4)
DA:7,338
DA:11,9
DA:15,5
DA:16,5
DA:20,25
DA:24,0
LF:6
LH:5
BRDA:6,0,0,42
BRDA:11,1,0,9
BRDA:11,1,1,8
BRDA:14,2,0,5
BRDA:19,3,0,25
BRF:5
BRH:5
end_of_record
TN:
SF:src/core/createDoc.ts
FN:9,createDoc
FN:15,(anonymous_1)
FN:22,(anonymous_2)
FN:26,(anonymous_3)
FN:30,(anonymous_4)
FN:38,(anonymous_5)
FN:42,(anonymous_6)
FN:52,(anonymous_7)
FN:56,(anonymous_8)
FN:60,(anonymous_9)
FN:67,(anonymous_10)
FN:71,(anonymous_11)
FN:72,(anonymous_12)
FN:75,(anonymous_13)
FN:76,(anonymous_14)
FN:81,(anonymous_15)
FN:85,(anonymous_16)
FN:95,(anonymous_17)
FN:101,(anonymous_18)
FN:111,(anonymous_19)
FN:115,(anonymous_20)
FN:124,(anonymous_21)
FN:131,(anonymous_22)
FN:142,(anonymous_23)
FN:149,(anonymous_24)
FN:156,(anonymous_25)
FN:163,(anonymous_26)
FN:173,(anonymous_27)
FN:179,(anonymous_28)
FN:190,(anonymous_29)
FN:200,(anonymous_30)
FN:204,(anonymous_31)
FN:208,(anonymous_32)
FN:212,(anonymous_33)
FN:216,(anonymous_34)
FN:221,(anonymous_35)
FN:237,(anonymous_36)
FN:241,(anonymous_37)
FN:281,(anonymous_38)
FN:290,(anonymous_39)
FN:294,(anonymous_40)
FN:298,(anonymous_41)
FN:308,(anonymous_42)
FN:321,(anonymous_43)
FN:325,(anonymous_44)
FN:336,(anonymous_45)
FN:372,insertInPlace
FN:383,(anonymous_47)
FN:395,deleteInPlace
FN:426,spliceInPlace
FNF:50
FNH:45
FNDA:82,createDoc
FNDA:252,(anonymous_1)
FNDA:620,(anonymous_2)
FNDA:72,(anonymous_3)
FNDA:38,(anonymous_4)
FNDA:0,(anonymous_5)
FNDA:43,(anonymous_6)
FNDA:22,(anonymous_7)
FNDA:3,(anonymous_8)
FNDA:268,(anonymous_9)
FNDA:93,(anonymous_10)
FNDA:236,(anonymous_11)
FNDA:287,(anonymous_12)
FNDA:76,(anonymous_13)
FNDA:108,(anonymous_14)
FNDA:34,(anonymous_15)
FNDA:2,(anonymous_16)
FNDA:2,(anonymous_17)
FNDA:6,(anonymous_18)
FNDA:6,(anonymous_19)
FNDA:11,(anonymous_20)
FNDA:0,(anonymous_21)
FNDA:4,(anonymous_22)
FNDA:0,(anonymous_23)
FNDA:5,(anonymous_24)
FNDA:0,(anonymous_25)
FNDA:17,(anonymous_26)
FNDA:4,(anonymous_27)
FNDA:3,(anonymous_28)
FNDA:144,(anonymous_29)
FNDA:4,(anonymous_30)
FNDA:7,(anonymous_31)
FNDA:3,(anonymous_32)
FNDA:5,(anonymous_33)
FNDA:104,(anonymous_34)
FNDA:13,(anonymous_35)
FNDA:0,(anonymous_36)
FNDA:2,(anonymous_37)
FNDA:3,(anonymous_38)
FNDA:1,(anonymous_39)
FNDA:1,(anonymous_40)
FNDA:8,(anonymous_41)
FNDA:12,(anonymous_42)
FNDA:3,(anonymous_43)
FNDA:54,(anonymous_44)
FNDA:48,(anonymous_45)
FNDA:163,insertInPlace
FNDA:31,(anonymous_47)
FNDA:18,deleteInPlace
FNDA:19,spliceInPlace
DA:10,82
DA:11,82
DA:23,620
DA:27,72
DA:31,38
DA:32,38
DA:33,30
DA:35,23
DA:39,0
DA:43,43
DA:44,43
DA:46,34
DA:47,34
DA:49,34
DA:53,22
DA:57,3
DA:61,268
DA:62,268
DA:64,202
DA:68,93
DA:72,287
DA:76,108
DA:77,76
DA:78,76
DA:82,34
DA:86,2
DA:87,2
DA:89,2
DA:90,2
DA:92,2
DA:96,2
DA:102,6
DA:103,6
DA:105,6
DA:106,6
DA:108,6
DA:112,6
DA:116,11
DA:118,4
DA:119,4
DA:121,4
DA:125,0
DA:132,4
DA:133,4
DA:134,2
DA:136,1
DA:137,1
DA:139,1
DA:143,0
DA:150,5
DA:151,5
DA:153,1
DA:157,0
DA:164,17
DA:165,17
DA:167,15
DA:168,15
DA:170,13
DA:174,4
DA:180,3
DA:181,3
DA:182,4
DA:183,3
DA:185,1
DA:187,0
DA:191,144
DA:192,144
DA:193,144
DA:195,144
DA:197,141
DA:201,4
DA:205,7
DA:209,3
DA:213,5
DA:217,104
DA:218,104
DA:222,13
DA:224,12
DA:225,12
DA:226,12
DA:228,12
DA:229,12
DA:230,11
DA:238,0
DA:242,2
DA:244,1
DA:245,1
DA:247,1
DA:248,2
DA:250,2
DA:254,1
DA:255,2
DA:256,2
DA:257,0
DA:258,0
DA:259,2
DA:260,0
DA:261,0
DA:263,2
DA:264,2
DA:266,1
DA:270,1
DA:271,1
DA:272,0
DA:275,1
DA:276,1
DA:278,1
DA:282,3
DA:283,0
DA:284,0
DA:287,3
DA:291,1
DA:295,1
DA:299,8
DA:300,8
DA:301,8
DA:303,8
DA:305,7
DA:309,12
DA:310,12
DA:311,12
DA:313,12
DA:314,12
DA:316,12
DA:318,11
DA:322,3
DA:326,54
DA:327,54
DA:328,54
DA:329,120
DA:330,120
DA:332,54
DA:333,52
DA:337,48
DA:338,37
DA:340,23
DA:341,22
DA:343,22
DA:345,22
DA:347,22
DA:348,19
DA:349,19
DA:350,19
DA:352,6
DA:353,6
DA:355,6
DA:358,16
DA:359,8
DA:360,8
DA:363,8
DA:364,3
DA:365,3
DA:368,5
DA:379,163
DA:381,159
DA:382,159
DA:383,31
DA:384,18
DA:387,159
DA:388,159
DA:390,159
DA:391,159
DA:392,159
DA:401,18
DA:402,4
DA:405,18
DA:406,18
DA:408,18
DA:409,18
DA:411,17
DA:413,17
DA:414,17
DA:416,17
DA:417,6
DA:419,11
DA:420,11
DA:421,11
DA:423,17
DA:435,19
DA:436,19
DA:437,19
DA:438,18
DA:440,18
DA:441,2
DA:445,2
LF:185
LH:172
BRDA:16,0,0,0
BRDA:17,1,0,0
BRDA:18,2,0,0
BRDA:23,3,0,620
BRDA:23,3,1,16
BRDA:27,4,0,72
BRDA:27,4,1,3
BRDA:32,5,0,8
BRDA:32,5,1,30
BRDA:33,6,0,7
BRDA:33,6,1,23
BRDA:33,7,0,30
BRDA:33,7,1,30
BRDA:39,8,0,0
BRDA:39,8,1,0
BRDA:43,9,0,43
BRDA:43,9,1,9
BRDA:44,10,0,9
BRDA:44,10,1,34
BRDA:47,11,0,0
BRDA:47,11,1,34
BRDA:53,12,0,22
BRDA:53,12,1,5
BRDA:62,13,0,66
BRDA:62,13,1,202
BRDA:68,14,0,93
BRDA:68,14,1,1
BRDA:72,15,0,236
BRDA:72,15,1,71
BRDA:77,16,0,0
BRDA:77,16,1,76
BRDA:82,17,0,34
BRDA:82,17,1,0
BRDA:86,18,0,2
BRDA:86,18,1,0
BRDA:87,19,0,0
BRDA:87,19,1,2
BRDA:90,20,0,0
BRDA:90,20,1,2
BRDA:97,21,0,2
BRDA:97,21,1,0
BRDA:102,22,0,6
BRDA:102,22,1,0
BRDA:103,23,0,0
BRDA:103,23,1,6
BRDA:106,24,0,0
BRDA:106,24,1,6
BRDA:112,25,0,6
BRDA:112,25,1,0
BRDA:116,26,0,7
BRDA:116,26,1,4
BRDA:118,27,0,4
BRDA:118,27,1,0
BRDA:119,28,0,0
BRDA:119,28,1,4
BRDA:126,29,0,0
BRDA:126,29,1,0
BRDA:133,30,0,2
BRDA:133,30,1,2
BRDA:134,31,0,1
BRDA:134,31,1,1
BRDA:136,32,0,1
BRDA:136,32,1,0
BRDA:137,33,0,0
BRDA:137,33,1,1
BRDA:144,34,0,0
BRDA:144,34,1,0
BRDA:150,35,0,5
BRDA:150,35,1,4
BRDA:151,36,0,4
BRDA:151,36,1,1
BRDA:158,37,0,0
BRDA:158,37,1,0
BRDA:165,38,0,2
BRDA:165,38,1,15
BRDA:167,39,0,15
BRDA:167,39,1,2
BRDA:168,40,0,2
BRDA:168,40,1,13
BRDA:175,41,0,4
BRDA:175,41,1,0
BRDA:183,42,0,2
BRDA:183,42,1,1
BRDA:185,43,0,1
BRDA:185,43,1,0
BRDA:242,44,0,1
BRDA:242,44,1,1
BRDA:248,45,0,0
BRDA:248,45,1,2
BRDA:250,46,0,2
BRDA:250,46,1,1
BRDA:256,47,0,0
BRDA:256,47,1,2
BRDA:259,48,0,0
BRDA:259,48,1,2
BRDA:264,49,0,1
BRDA:264,49,1,1
BRDA:282,50,0,0
BRDA:282,50,1,3
BRDA:314,51,0,0
BRDA:314,51,1,12
BRDA:330,52,0,120
BRDA:330,52,1,54
BRDA:337,53,0,11
BRDA:337,53,1,37
BRDA:338,54,0,14
BRDA:338,54,1,23
BRDA:350,55,0,13
BRDA:350,55,1,6
BRDA:355,56,0,4
BRDA:355,56,1,2
BRDA:358,57,0,8
BRDA:358,57,1,8
BRDA:360,58,0,4
BRDA:360,58,1,4
BRDA:363,59,0,3
BRDA:363,59,1,5
BRDA:365,60,0,3
BRDA:365,60,1,0
BRDA:368,61,0,1
BRDA:368,61,1,4
BRDA:368,62,0,0
BRDA:368,62,1,4
BRDA:382,63,0,18
BRDA:382,63,1,141
BRDA:383,64,0,18
BRDA:383,64,1,0
BRDA:387,65,0,159
BRDA:387,65,1,78
BRDA:401,66,0,18
BRDA:401,66,1,14
BRDA:408,67,0,18
BRDA:408,67,1,1
BRDA:409,68,0,1
BRDA:409,68,1,17
BRDA:411,69,0,17
BRDA:411,69,1,0
BRDA:416,70,0,6
BRDA:416,70,1,11
BRF:139
BRH:102
end_of_record
TN:
SF:src/core/interfaces.ts
FN:103,getTypeName
FNF:1
FNH:1
FNDA:14,getTypeName
DA:101,2
DA:104,14
DA:105,0
DA:108,14
LF:4
LH:3
BRDA:104,0,0,0
BRDA:104,0,1,14
BRDA:104,1,0,14
BRDA:104,1,1,0
BRF:4
BRH:2
end_of_record
TN:
SF:src/core/mutation/nextPosition.ts
FN:5,nextPosition
FNF:1
FNH:0
FNDA:0,nextPosition
DA:6,0
DA:7,0
DA:9,0
DA:10,0
DA:11,0
DA:12,0
DA:13,0
DA:16,0
DA:17,0
DA:18,0
DA:21,0
DA:24,0
LF:12
LH:0
BRDA:7,0,0,0
BRDA:7,0,1,0
BRDA:12,1,0,0
BRDA:12,1,1,0
BRDA:12,2,0,0
BRDA:12,2,1,0
BRDA:17,3,0,0
BRDA:17,3,1,0
BRF:8
BRH:0
end_of_record
TN:
SF:src/core/node/AbstractNode.ts
FN:16,(anonymous_0)
FN:21,(anonymous_1)
FN:25,(anonymous_2)
FNF:3
FNH:3
FNDA:242,(anonymous_0)
FNDA:14,(anonymous_1)
FNDA:14,(anonymous_2)
DA:22,14
DA:26,14
DA:44,2
LF:3
LH:3
BRDA:18,0,0,228
BRDA:25,1,0,0
BRDA:25,2,0,10
BRF:3
BRH:2
end_of_record
TN:
SF:src/core/node/ContainerNode.ts
FN:10,(anonymous_0)
FN:14,(anonymous_1)
FN:52,(anonymous_2)
FN:66,(anonymous_3)
FN:90,(anonymous_4)
FN:96,(anonymous_5)
FN:116,(anonymous_6)
FN:125,(anonymous_7)
FN:148,(anonymous_8)
FNF:9
FNH:4
FNDA:0,(anonymous_0)
FNDA:2,(anonymous_1)
FNDA:5,(anonymous_2)
FNDA:6,(anonymous_3)
FNDA:0,(anonymous_4)
FNDA:0,(anonymous_5)
FNDA:0,(anonymous_6)
FNDA:2,(anonymous_7)
FNDA:0,(anonymous_8)
DA:11,0
DA:15,2
DA:16,2
DA:17,2
DA:18,2
DA:19,2
DA:21,2
DA:22,2
DA:23,2
DA:24,2
DA:27,2
DA:30,0
DA:31,0
DA:32,0
DA:34,0
DA:36,0
DA:37,0
DA:38,0
DA:39,0
DA:41,0
DA:42,0
DA:43,0
DA:44,0
DA:45,0
DA:46,0
DA:49,0
DA:53,5
DA:54,5
DA:56,4
DA:57,4
DA:58,4
DA:59,4
DA:60,2
DA:63,2
DA:67,6
DA:69,6
DA:70,6
DA:71,2
DA:72,2
DA:75,4
DA:76,4
DA:77,2
DA:78,2
DA:81,2
DA:82,2
DA:83,2
DA:91,0
DA:92,0
DA:93,0
DA:97,0
DA:98,0
DA:99,0
DA:101,0
DA:103,0
DA:106,0
DA:107,0
DA:108,0
DA:109,0
DA:113,0
DA:117,0
DA:119,0
DA:126,2
DA:128,2
DA:129,2
DA:130,0
DA:131,0
DA:134,2
DA:135,2
DA:136,0
DA:137,0
DA:140,2
DA:141,2
DA:149,0
DA:150,0
DA:152,0
DA:153,0
DA:156,0
DA:160,2
LF:78
LH:38
BRDA:15,0,0,2
BRDA:15,0,1,0
BRDA:17,1,0,2
BRDA:17,1,1,2
BRDA:18,2,0,0
BRDA:18,2,1,2
BRDA:19,3,0,0
BRDA:19,3,1,2
BRDA:42,4,0,0
BRDA:42,4,1,0
BRDA:44,5,0,0
BRDA:44,5,1,0
BRDA:54,6,0,1
BRDA:54,6,1,4
BRDA:59,7,0,2
BRDA:59,7,1,2
BRDA:59,8,0,4
BRDA:59,8,1,2
BRDA:70,9,0,2
BRDA:70,9,1,4
BRDA:72,10,0,2
BRDA:72,10,1,0
BRDA:76,11,0,2
BRDA:76,11,1,2
BRDA:78,12,0,2
BRDA:78,12,1,0
BRDA:97,13,0,0
BRDA:97,13,1,0
BRDA:101,14,0,0
BRDA:101,14,1,0
BRDA:107,15,0,0
BRDA:107,15,1,0
BRDA:129,16,0,0
BRDA:129,16,1,2
BRDA:131,17,0,0
BRDA:131,17,1,0
BRDA:135,18,0,0
BRDA:135,18,1,2
BRDA:137,19,0,0
BRDA:137,19,1,0
BRF:40
BRH:19
end_of_record
TN:
SF:src/core/node/RootNode.ts
FNF:0
FNH:0
LF:0
LH:0
BRF:0
BRH:0
end_of_record
TN:
SF:src/core/node/TextNode.ts
FN:22,(anonymous_0)
FN:27,(anonymous_1)
FN:31,(anonymous_2)
FN:35,(anonymous_3)
FN:50,(anonymous_4)
FN:63,(anonymous_5)
FN:80,(anonymous_6)
FN:81,(anonymous_7)
FN:96,(anonymous_8)
FN:103,(anonymous_9)
FN:114,(anonymous_10)
FN:121,(anonymous_11)
FNF:12
FNH:9
FNDA:30,(anonymous_0)
FNDA:87,(anonymous_1)
FNDA:3,(anonymous_2)
FNDA:2,(anonymous_3)
FNDA:2,(anonymous_4)
FNDA:6,(anonymous_5)
FNDA:0,(anonymous_6)
FNDA:0,(anonymous_7)
FNDA:0,(anonymous_8)
FNDA:3,(anonymous_9)
FNDA:13,(anonymous_10)
FNDA:9,(anonymous_11)
DA:23,30
DA:24,30
DA:28,87
DA:32,3
DA:36,2
DA:38,2
DA:39,2
DA:41,2
DA:42,2
DA:44,2
DA:45,2
DA:47,2
DA:51,2
DA:52,2
DA:54,2
DA:55,2
DA:57,2
DA:64,6
DA:65,6
DA:66,0
DA:73,6
DA:81,0
DA:82,0
DA:84,0
DA:85,0
DA:87,0
DA:88,0
DA:89,0
DA:90,0
DA:93,0
DA:97,0
DA:99,0
DA:100,0
DA:104,3
DA:106,3
DA:108,0
DA:109,0
DA:111,0
DA:115,13
DA:116,13
DA:118,10
DA:122,9
DA:126,2
LF:43
LH:27
BRDA:38,0,0,0
BRDA:38,0,1,2
BRDA:39,1,0,0
BRDA:39,1,1,2
BRDA:42,2,0,0
BRDA:42,2,1,2
BRDA:45,3,0,0
BRDA:45,3,1,2
BRDA:52,4,0,0
BRDA:52,4,1,2
BRDA:65,5,0,0
BRDA:65,5,1,6
BRDA:87,6,0,0
BRDA:87,6,1,0
BRDA:97,7,0,0
BRDA:97,7,1,0
BRDA:106,8,0,3
BRDA:106,8,1,0
BRDA:115,9,0,0
BRDA:115,9,1,13
BRDA:116,10,0,3
BRDA:116,10,1,10
BRDA:121,11,0,3
BRF:23
BRH:11
end_of_record
TN:
SF:src/lib/DIContainer.ts
FN:5,serviceKey
FN:13,(anonymous_1)
FN:19,(anonymous_2)
FN:23,(anonymous_3)
FN:35,(anonymous_4)
FNF:5
FNH:2
FNDA:1,serviceKey
FNDA:1,(anonymous_1)
FNDA:0,(anonymous_2)
FNDA:0,(anonymous_3)
FNDA:0,(anonymous_4)
DA:6,1
DA:10,0
DA:11,1
DA:14,1
DA:15,1
DA:16,1
DA:20,0
DA:24,0
DA:25,0
DA:26,0
DA:27,0
DA:29,0
DA:30,0
DA:32,0
DA:36,0
LF:15
LH:5
BRDA:25,0,0,0
BRDA:25,0,1,0
BRF:2
BRH:0
end_of_record
TN:
SF:src/lib/assert.ts
FN:1,assert
FNF:1
FNH:1
FNDA:345,assert
DA:2,345
DA:3,7
DA:4,7
LF:3
LH:3
BRDA:2,0,0,7
BRDA:2,0,1,338
BRF:2
BRH:2
end_of_record
TN:
SF:src/lib/counter.ts
FN:1,counter
FN:3,(anonymous_1)
FN:5,(anonymous_2)
FNF:3
FNH:2
FNDA:2,counter
FNDA:232,(anonymous_1)
FNDA:0,(anonymous_2)
DA:2,2
DA:3,232
DA:4,2
DA:6,0
LF:4
LH:3
BRF:0
BRH:0
end_of_record
TN:
SF:src/lib/dataclass.ts
FN:1,dataclass
FN:3,(anonymous_1)
FN:9,(anonymous_2)
FN:11,(anonymous_3)
FNF:4
FNH:4
FNDA:3,dataclass
FNDA:358,(anonymous_1)
FNDA:358,(anonymous_2)
FNDA:13,(anonymous_3)
DA:4,358
DA:5,358
DA:13,13
DA:17,3
LF:4
LH:4
BRDA:11,0,0,0
BRF:1
BRH:0
end_of_record
TN:
SF:src/lib/isNotNullish.ts
FN:1,isNullish
FN:5,isNotNullish
FNF:2
FNH:2
FNDA:287,isNullish
FNDA:287,isNotNullish
DA:2,287
DA:6,287
LF:2
LH:2
BRDA:2,0,0,287
BRDA:2,0,1,287
BRF:2
BRH:2
end_of_record
TN:
SF:src/lib/logger.ts
FN:2,(anonymous_0)
FN:4,(anonymous_1)
FN:8,(anonymous_2)
FN:11,(anonymous_3)
FN:14,(anonymous_4)
FN:17,(anonymous_5)
FN:21,(anonymous_6)
FN:25,(anonymous_7)
FNF:8
FNH:2
FNDA:9,(anonymous_0)
FNDA:9,(anonymous_1)
FNDA:0,(anonymous_2)
FNDA:0,(anonymous_3)
FNDA:0,(anonymous_4)
FNDA:0,(anonymous_5)
FNDA:0,(anonymous_6)
FNDA:0,(anonymous_7)
DA:5,9
DA:9,0
DA:12,0
DA:15,0
DA:18,0
DA:22,0
DA:26,0
LF:7
LH:1
BRF:0
BRH:0
end_of_record
TN:
SF:src/lib/throwError.ts
FN:7,throwError
FNF:1
FNH:1
FNDA:9,throwError
DA:8,9
LF:1
LH:1
BRF:0
BRH:0
end_of_record
TN:
SF:src/lib/unrechable.ts
FN:4,unreachable
FNF:1
FNH:0
FNDA:0,unreachable
DA:5,0
LF:1
LH:0
BRDA:4,0,0,0
BRF:1
BRH:0
end_of_record
TN:
SF:src/serialize/NodeSerializer.ts
FN:6,(anonymous_0)
FN:9,(anonymous_1)
FN:14,(anonymous_2)
FN:15,serializeNode
FN:18,(anonymous_4)
FN:25,(anonymous_5)
FN:28,(anonymous_6)
FN:36,(anonymous_7)
FN:39,(anonymous_8)
FNF:9
FNH:3
FNDA:0,(anonymous_0)
FNDA:0,(anonymous_1)
FNDA:4,(anonymous_2)
FNDA:14,serializeNode
FNDA:10,(anonymous_4)
FNDA:0,(anonymous_5)
FNDA:0,(anonymous_6)
FNDA:0,(anonymous_7)
FNDA:0,(anonymous_8)
DA:6,1
DA:7,2
DA:10,0
DA:11,0
DA:16,14
DA:18,10
DA:22,4
DA:26,0
DA:28,0
DA:29,0
DA:30,0
DA:31,0
DA:33,0
DA:34,0
DA:36,0
DA:39,0
DA:40,0
LF:17
LH:5
BRDA:30,0,0,0
BRDA:30,0,1,0
BRF:2
BRH:0
end_of_record
